[0.238s] DEBUG:colcon:Command line arguments: ['/usr/bin/colcon', 'build', '--symlink-install']
[0.238s] DEBUG:colcon:Parsed command line arguments: Namespace(allow_overriding=[], ament_cmake_args=None, base_paths=['.'], build_base='build', catkin_cmake_args=None, catkin_skip_building_tests=False, cmake_args=None, cmake_clean_cache=False, cmake_clean_first=False, cmake_force_configure=False, cmake_target=None, cmake_target_skip_unavailable=False, continue_on_error=False, event_handlers=None, executor='parallel', ignore_user_meta=False, install_base='install', log_base=None, log_level=None, main=<bound method BuildVerb.main of <colcon_core.verb.build.BuildVerb object at 0x7f5b5f0125b0>>, merge_install=False, metas=['./colcon.meta'], packages_above=None, packages_above_and_dependencies=None, packages_above_depth=None, packages_end=None, packages_ignore=None, packages_ignore_regex=None, packages_select=None, packages_select_build_failed=False, packages_select_by_dep=None, packages_select_regex=None, packages_select_test_failures=False, packages_skip=None, packages_skip_build_finished=False, packages_skip_by_dep=None, packages_skip_regex=None, packages_skip_test_passed=False, packages_skip_up_to=None, packages_start=None, packages_up_to=None, packages_up_to_regex=None, parallel_workers=12, paths=None, symlink_install=True, test_result_base=None, verb_extension=<colcon_core.verb.build.BuildVerb object at 0x7f5b5f0125b0>, verb_name='build', verb_parser=<colcon_defaults.argument_parser.defaults.DefaultArgumentsDecorator object at 0x7f5b5ef57190>)
[0.272s] Level 1:colcon.colcon_core.package_discovery:discover_packages(colcon_meta) check parameters
[0.273s] Level 1:colcon.colcon_core.package_discovery:discover_packages(recursive) check parameters
[0.273s] Level 1:colcon.colcon_core.package_discovery:discover_packages(ignore) check parameters
[0.273s] Level 1:colcon.colcon_core.package_discovery:discover_packages(path) check parameters
[0.273s] Level 1:colcon.colcon_core.package_discovery:discover_packages(colcon_meta) discover
[0.273s] Level 1:colcon.colcon_core.package_discovery:discover_packages(recursive) discover
[0.273s] INFO:colcon.colcon_core.package_discovery:Crawling recursively for packages in '/home/leo/ws_mando'
[0.273s] Level 1:colcon.colcon_core.package_identification:_identify(.) by extensions ['ignore', 'ignore_ament_install']
[0.273s] Level 1:colcon.colcon_core.package_identification:_identify(.) by extension 'ignore'
[0.273s] Level 1:colcon.colcon_core.package_identification:_identify(.) by extension 'ignore_ament_install'
[0.273s] Level 1:colcon.colcon_core.package_identification:_identify(.) by extensions ['colcon_pkg']
[0.273s] Level 1:colcon.colcon_core.package_identification:_identify(.) by extension 'colcon_pkg'
[0.273s] Level 1:colcon.colcon_core.package_identification:_identify(.) by extensions ['colcon_meta']
[0.273s] Level 1:colcon.colcon_core.package_identification:_identify(.) by extension 'colcon_meta'
[0.273s] Level 1:colcon.colcon_core.package_identification:_identify(.) by extensions ['ros']
[0.273s] Level 1:colcon.colcon_core.package_identification:_identify(.) by extension 'ros'
[0.286s] Level 1:colcon.colcon_core.package_identification:_identify(.) by extensions ['cmake', 'python']
[0.286s] Level 1:colcon.colcon_core.package_identification:_identify(.) by extension 'cmake'
[0.286s] Level 1:colcon.colcon_core.package_identification:_identify(.) by extension 'python'
[0.286s] Level 1:colcon.colcon_core.package_identification:_identify(.) by extensions ['python_setup_py']
[0.286s] Level 1:colcon.colcon_core.package_identification:_identify(.) by extension 'python_setup_py'
[0.286s] Level 1:colcon.colcon_core.package_identification:_identify(YOLOv5-ROS) by extensions ['ignore', 'ignore_ament_install']
[0.286s] Level 1:colcon.colcon_core.package_identification:_identify(YOLOv5-ROS) by extension 'ignore'
[0.286s] Level 1:colcon.colcon_core.package_identification:_identify(YOLOv5-ROS) by extension 'ignore_ament_install'
[0.286s] Level 1:colcon.colcon_core.package_identification:_identify(YOLOv5-ROS) by extensions ['colcon_pkg']
[0.286s] Level 1:colcon.colcon_core.package_identification:_identify(YOLOv5-ROS) by extension 'colcon_pkg'
[0.286s] Level 1:colcon.colcon_core.package_identification:_identify(YOLOv5-ROS) by extensions ['colcon_meta']
[0.286s] Level 1:colcon.colcon_core.package_identification:_identify(YOLOv5-ROS) by extension 'colcon_meta'
[0.287s] Level 1:colcon.colcon_core.package_identification:_identify(YOLOv5-ROS) by extensions ['ros']
[0.287s] Level 1:colcon.colcon_core.package_identification:_identify(YOLOv5-ROS) by extension 'ros'
[0.287s] Level 1:colcon.colcon_core.package_identification:_identify(YOLOv5-ROS) by extensions ['cmake', 'python']
[0.287s] Level 1:colcon.colcon_core.package_identification:_identify(YOLOv5-ROS) by extension 'cmake'
[0.287s] Level 1:colcon.colcon_core.package_identification:_identify(YOLOv5-ROS) by extension 'python'
[0.287s] Level 1:colcon.colcon_core.package_identification:_identify(YOLOv5-ROS) by extensions ['python_setup_py']
[0.287s] Level 1:colcon.colcon_core.package_identification:_identify(YOLOv5-ROS) by extension 'python_setup_py'
[0.287s] Level 1:colcon.colcon_core.package_identification:_identify(YOLOv5-ROS/yolov5_ros) by extensions ['ignore', 'ignore_ament_install']
[0.287s] Level 1:colcon.colcon_core.package_identification:_identify(YOLOv5-ROS/yolov5_ros) by extension 'ignore'
[0.287s] Level 1:colcon.colcon_core.package_identification:_identify(YOLOv5-ROS/yolov5_ros) by extension 'ignore_ament_install'
[0.287s] Level 1:colcon.colcon_core.package_identification:_identify(YOLOv5-ROS/yolov5_ros) by extensions ['colcon_pkg']
[0.287s] Level 1:colcon.colcon_core.package_identification:_identify(YOLOv5-ROS/yolov5_ros) by extension 'colcon_pkg'
[0.287s] Level 1:colcon.colcon_core.package_identification:_identify(YOLOv5-ROS/yolov5_ros) by extensions ['colcon_meta']
[0.287s] Level 1:colcon.colcon_core.package_identification:_identify(YOLOv5-ROS/yolov5_ros) by extension 'colcon_meta'
[0.287s] Level 1:colcon.colcon_core.package_identification:_identify(YOLOv5-ROS/yolov5_ros) by extensions ['ros']
[0.287s] Level 1:colcon.colcon_core.package_identification:_identify(YOLOv5-ROS/yolov5_ros) by extension 'ros'
[0.289s] DEBUG:colcon.colcon_core.package_identification:Package 'YOLOv5-ROS/yolov5_ros' with type 'ros.ament_python' and name 'yolov5_ros'
[0.289s] Level 1:colcon.colcon_core.package_identification:_identify(bbox_ex_msgs) by extensions ['ignore', 'ignore_ament_install']
[0.289s] Level 1:colcon.colcon_core.package_identification:_identify(bbox_ex_msgs) by extension 'ignore'
[0.290s] Level 1:colcon.colcon_core.package_identification:_identify(bbox_ex_msgs) by extension 'ignore_ament_install'
[0.290s] Level 1:colcon.colcon_core.package_identification:_identify(bbox_ex_msgs) by extensions ['colcon_pkg']
[0.290s] Level 1:colcon.colcon_core.package_identification:_identify(bbox_ex_msgs) by extension 'colcon_pkg'
[0.290s] Level 1:colcon.colcon_core.package_identification:_identify(bbox_ex_msgs) by extensions ['colcon_meta']
[0.290s] Level 1:colcon.colcon_core.package_identification:_identify(bbox_ex_msgs) by extension 'colcon_meta'
[0.290s] Level 1:colcon.colcon_core.package_identification:_identify(bbox_ex_msgs) by extensions ['ros']
[0.290s] Level 1:colcon.colcon_core.package_identification:_identify(bbox_ex_msgs) by extension 'ros'
[0.290s] DEBUG:colcon.colcon_core.package_identification:Package 'bbox_ex_msgs' with type 'ros.ament_cmake' and name 'bboxes_ex_msgs'
[0.290s] Level 1:colcon.colcon_core.package_identification:_identify(build) by extensions ['ignore', 'ignore_ament_install']
[0.290s] Level 1:colcon.colcon_core.package_identification:_identify(build) by extension 'ignore'
[0.290s] Level 1:colcon.colcon_core.package_identification:_identify(build) ignored
[0.291s] Level 1:colcon.colcon_core.package_identification:_identify(install) by extensions ['ignore', 'ignore_ament_install']
[0.291s] Level 1:colcon.colcon_core.package_identification:_identify(install) by extension 'ignore'
[0.291s] Level 1:colcon.colcon_core.package_identification:_identify(install) ignored
[0.291s] Level 1:colcon.colcon_core.package_identification:_identify(log) by extensions ['ignore', 'ignore_ament_install']
[0.291s] Level 1:colcon.colcon_core.package_identification:_identify(log) by extension 'ignore'
[0.291s] Level 1:colcon.colcon_core.package_identification:_identify(log) ignored
[0.291s] Level 1:colcon.colcon_core.package_discovery:discover_packages(recursive) using defaults
[0.291s] Level 1:colcon.colcon_core.package_discovery:discover_packages(ignore) discover
[0.291s] Level 1:colcon.colcon_core.package_discovery:discover_packages(ignore) using defaults
[0.291s] Level 1:colcon.colcon_core.package_discovery:discover_packages(path) discover
[0.291s] Level 1:colcon.colcon_core.package_discovery:discover_packages(path) using defaults
[0.311s] Level 1:colcon.colcon_core.package_discovery:discover_packages(prefix_path) check parameters
[0.311s] Level 1:colcon.colcon_core.package_discovery:discover_packages(prefix_path) discover
[0.312s] Level 1:colcon.colcon_core.package_discovery:discover_packages(prefix_path) using defaults
[0.313s] Level 5:colcon.colcon_core.verb:set package 'bboxes_ex_msgs' build argument 'cmake_args' from command line to 'None'
[0.314s] Level 5:colcon.colcon_core.verb:set package 'bboxes_ex_msgs' build argument 'cmake_target' from command line to 'None'
[0.314s] Level 5:colcon.colcon_core.verb:set package 'bboxes_ex_msgs' build argument 'cmake_target_skip_unavailable' from command line to 'False'
[0.314s] Level 5:colcon.colcon_core.verb:set package 'bboxes_ex_msgs' build argument 'cmake_clean_cache' from command line to 'False'
[0.314s] Level 5:colcon.colcon_core.verb:set package 'bboxes_ex_msgs' build argument 'cmake_clean_first' from command line to 'False'
[0.314s] Level 5:colcon.colcon_core.verb:set package 'bboxes_ex_msgs' build argument 'cmake_force_configure' from command line to 'False'
[0.314s] Level 5:colcon.colcon_core.verb:set package 'bboxes_ex_msgs' build argument 'ament_cmake_args' from command line to 'None'
[0.314s] Level 5:colcon.colcon_core.verb:set package 'bboxes_ex_msgs' build argument 'catkin_cmake_args' from command line to 'None'
[0.314s] Level 5:colcon.colcon_core.verb:set package 'bboxes_ex_msgs' build argument 'catkin_skip_building_tests' from command line to 'False'
[0.314s] DEBUG:colcon.colcon_core.verb:Building package 'bboxes_ex_msgs' with the following arguments: {'ament_cmake_args': None, 'build_base': '/home/leo/ws_mando/build/bboxes_ex_msgs', 'catkin_cmake_args': None, 'catkin_skip_building_tests': False, 'cmake_args': None, 'cmake_clean_cache': False, 'cmake_clean_first': False, 'cmake_force_configure': False, 'cmake_target': None, 'cmake_target_skip_unavailable': False, 'install_base': '/home/leo/ws_mando/install/bboxes_ex_msgs', 'merge_install': False, 'path': '/home/leo/ws_mando/bbox_ex_msgs', 'symlink_install': True, 'test_result_base': None}
[0.315s] Level 5:colcon.colcon_core.verb:set package 'yolov5_ros' build argument 'cmake_args' from command line to 'None'
[0.315s] Level 5:colcon.colcon_core.verb:set package 'yolov5_ros' build argument 'cmake_target' from command line to 'None'
[0.315s] Level 5:colcon.colcon_core.verb:set package 'yolov5_ros' build argument 'cmake_target_skip_unavailable' from command line to 'False'
[0.315s] Level 5:colcon.colcon_core.verb:set package 'yolov5_ros' build argument 'cmake_clean_cache' from command line to 'False'
[0.315s] Level 5:colcon.colcon_core.verb:set package 'yolov5_ros' build argument 'cmake_clean_first' from command line to 'False'
[0.315s] Level 5:colcon.colcon_core.verb:set package 'yolov5_ros' build argument 'cmake_force_configure' from command line to 'False'
[0.315s] Level 5:colcon.colcon_core.verb:set package 'yolov5_ros' build argument 'ament_cmake_args' from command line to 'None'
[0.315s] Level 5:colcon.colcon_core.verb:set package 'yolov5_ros' build argument 'catkin_cmake_args' from command line to 'None'
[0.315s] Level 5:colcon.colcon_core.verb:set package 'yolov5_ros' build argument 'catkin_skip_building_tests' from command line to 'False'
[0.315s] DEBUG:colcon.colcon_core.verb:Building package 'yolov5_ros' with the following arguments: {'ament_cmake_args': None, 'build_base': '/home/leo/ws_mando/build/yolov5_ros', 'catkin_cmake_args': None, 'catkin_skip_building_tests': False, 'cmake_args': None, 'cmake_clean_cache': False, 'cmake_clean_first': False, 'cmake_force_configure': False, 'cmake_target': None, 'cmake_target_skip_unavailable': False, 'install_base': '/home/leo/ws_mando/install/yolov5_ros', 'merge_install': False, 'path': '/home/leo/ws_mando/YOLOv5-ROS/yolov5_ros', 'symlink_install': True, 'test_result_base': None}
[0.315s] INFO:colcon.colcon_core.executor:Executing jobs using 'parallel' executor
[0.319s] DEBUG:colcon.colcon_parallel_executor.executor.parallel:run_until_complete
[0.319s] INFO:colcon.colcon_ros.task.ament_cmake.build:Building ROS package in '/home/leo/ws_mando/bbox_ex_msgs' with build type 'ament_cmake'
[0.320s] INFO:colcon.colcon_cmake.task.cmake.build:Building CMake package in '/home/leo/ws_mando/bbox_ex_msgs'
[0.323s] INFO:colcon.colcon_core.plugin_system:Skipping extension 'colcon_core.shell.bat': Not used on non-Windows systems
[0.323s] INFO:colcon.colcon_core.shell:Skip shell extension 'powershell' for command environment: Not usable outside of PowerShell
[0.323s] DEBUG:colcon.colcon_core.shell:Skip shell extension 'dsv' for command environment
[0.333s] DEBUG:colcon.colcon_core.event_handler.log_command:Invoking command in '/home/leo/ws_mando/build/bboxes_ex_msgs': /home/leo/.local/bin/cmake --build /home/leo/ws_mando/build/bboxes_ex_msgs -- -j12 -l12
[0.435s] DEBUG:colcon.colcon_core.event_handler.log_command:Invoked command in '/home/leo/ws_mando/build/bboxes_ex_msgs' returned '0': /home/leo/.local/bin/cmake --build /home/leo/ws_mando/build/bboxes_ex_msgs -- -j12 -l12
[0.529s] DEBUG:colcon.colcon_core.event_handler.log_command:Invoking command in '/home/leo/ws_mando/build/bboxes_ex_msgs': /home/leo/.local/bin/cmake --install /home/leo/ws_mando/build/bboxes_ex_msgs
[0.605s] Level 1:colcon.colcon_core.environment:create_environment_scripts_only(bboxes_ex_msgs)
[0.607s] DEBUG:colcon.colcon_core.event_handler.log_command:Invoked command in '/home/leo/ws_mando/build/bboxes_ex_msgs' returned '0': /home/leo/.local/bin/cmake --install /home/leo/ws_mando/build/bboxes_ex_msgs
[0.611s] Level 1:colcon.colcon_core.environment:checking '/home/leo/ws_mando/install/bboxes_ex_msgs' for CMake module files
[0.612s] Level 1:colcon.colcon_core.environment:checking '/home/leo/ws_mando/install/bboxes_ex_msgs' for CMake config files
[0.613s] Level 1:colcon.colcon_core.shell:create_environment_hook('bboxes_ex_msgs', 'cmake_prefix_path')
[0.614s] INFO:colcon.colcon_core.shell:Creating environment hook '/home/leo/ws_mando/install/bboxes_ex_msgs/share/bboxes_ex_msgs/hook/cmake_prefix_path.ps1'
[0.615s] INFO:colcon.colcon_core.shell:Creating environment descriptor '/home/leo/ws_mando/install/bboxes_ex_msgs/share/bboxes_ex_msgs/hook/cmake_prefix_path.dsv'
[0.615s] INFO:colcon.colcon_core.shell:Creating environment hook '/home/leo/ws_mando/install/bboxes_ex_msgs/share/bboxes_ex_msgs/hook/cmake_prefix_path.sh'
[0.616s] Level 1:colcon.colcon_core.environment:checking '/home/leo/ws_mando/install/bboxes_ex_msgs/lib'
[0.616s] Level 1:colcon.colcon_core.shell:create_environment_hook('bboxes_ex_msgs', 'ld_library_path_lib')
[0.618s] INFO:colcon.colcon_core.shell:Creating environment hook '/home/leo/ws_mando/install/bboxes_ex_msgs/share/bboxes_ex_msgs/hook/ld_library_path_lib.ps1'
[0.618s] INFO:colcon.colcon_core.shell:Creating environment descriptor '/home/leo/ws_mando/install/bboxes_ex_msgs/share/bboxes_ex_msgs/hook/ld_library_path_lib.dsv'
[0.618s] INFO:colcon.colcon_core.shell:Creating environment hook '/home/leo/ws_mando/install/bboxes_ex_msgs/share/bboxes_ex_msgs/hook/ld_library_path_lib.sh'
[0.618s] Level 1:colcon.colcon_core.environment:checking '/home/leo/ws_mando/install/bboxes_ex_msgs/bin'
[0.619s] Level 1:colcon.colcon_core.environment:checking '/home/leo/ws_mando/install/bboxes_ex_msgs/lib/pkgconfig/bboxes_ex_msgs.pc'
[0.620s] Level 1:colcon.colcon_core.environment:checking '/home/leo/ws_mando/install/bboxes_ex_msgs/lib/python3.8/site-packages'
[0.620s] Level 1:colcon.colcon_core.shell:create_environment_hook('bboxes_ex_msgs', 'pythonpath')
[0.621s] INFO:colcon.colcon_core.shell:Creating environment hook '/home/leo/ws_mando/install/bboxes_ex_msgs/share/bboxes_ex_msgs/hook/pythonpath.ps1'
[0.622s] INFO:colcon.colcon_core.shell:Creating environment descriptor '/home/leo/ws_mando/install/bboxes_ex_msgs/share/bboxes_ex_msgs/hook/pythonpath.dsv'
[0.622s] INFO:colcon.colcon_core.shell:Creating environment hook '/home/leo/ws_mando/install/bboxes_ex_msgs/share/bboxes_ex_msgs/hook/pythonpath.sh'
[0.622s] Level 1:colcon.colcon_core.environment:checking '/home/leo/ws_mando/install/bboxes_ex_msgs/bin'
[0.625s] INFO:colcon.colcon_core.shell:Creating package script '/home/leo/ws_mando/install/bboxes_ex_msgs/share/bboxes_ex_msgs/package.ps1'
[0.625s] INFO:colcon.colcon_core.shell:Creating package descriptor '/home/leo/ws_mando/install/bboxes_ex_msgs/share/bboxes_ex_msgs/package.dsv'
[0.627s] INFO:colcon.colcon_core.shell:Creating package script '/home/leo/ws_mando/install/bboxes_ex_msgs/share/bboxes_ex_msgs/package.sh'
[0.627s] INFO:colcon.colcon_core.shell:Creating package script '/home/leo/ws_mando/install/bboxes_ex_msgs/share/bboxes_ex_msgs/package.bash'
[0.628s] INFO:colcon.colcon_core.shell:Creating package script '/home/leo/ws_mando/install/bboxes_ex_msgs/share/bboxes_ex_msgs/package.zsh'
[0.629s] Level 1:colcon.colcon_core.environment:create_file_with_runtime_dependencies(/home/leo/ws_mando/install/bboxes_ex_msgs/share/colcon-core/packages/bboxes_ex_msgs)
[0.693s] Level 1:colcon.colcon_core.environment:create_environment_scripts_only(bboxes_ex_msgs)
[0.696s] Level 1:colcon.colcon_core.environment:checking '/home/leo/ws_mando/install/bboxes_ex_msgs' for CMake module files
[0.697s] Level 1:colcon.colcon_core.environment:checking '/home/leo/ws_mando/install/bboxes_ex_msgs' for CMake config files
[0.698s] Level 1:colcon.colcon_core.shell:create_environment_hook('bboxes_ex_msgs', 'cmake_prefix_path')
[0.699s] INFO:colcon.colcon_core.shell:Creating environment hook '/home/leo/ws_mando/install/bboxes_ex_msgs/share/bboxes_ex_msgs/hook/cmake_prefix_path.ps1'
[0.699s] INFO:colcon.colcon_core.shell:Creating environment descriptor '/home/leo/ws_mando/install/bboxes_ex_msgs/share/bboxes_ex_msgs/hook/cmake_prefix_path.dsv'
[0.700s] INFO:colcon.colcon_core.shell:Creating environment hook '/home/leo/ws_mando/install/bboxes_ex_msgs/share/bboxes_ex_msgs/hook/cmake_prefix_path.sh'
[0.700s] Level 1:colcon.colcon_core.environment:checking '/home/leo/ws_mando/install/bboxes_ex_msgs/lib'
[0.700s] Level 1:colcon.colcon_core.shell:create_environment_hook('bboxes_ex_msgs', 'ld_library_path_lib')
[0.703s] INFO:colcon.colcon_core.shell:Creating environment hook '/home/leo/ws_mando/install/bboxes_ex_msgs/share/bboxes_ex_msgs/hook/ld_library_path_lib.ps1'
[0.703s] INFO:colcon.colcon_core.shell:Creating environment descriptor '/home/leo/ws_mando/install/bboxes_ex_msgs/share/bboxes_ex_msgs/hook/ld_library_path_lib.dsv'
[0.703s] INFO:colcon.colcon_core.shell:Creating environment hook '/home/leo/ws_mando/install/bboxes_ex_msgs/share/bboxes_ex_msgs/hook/ld_library_path_lib.sh'
[0.704s] Level 1:colcon.colcon_core.environment:checking '/home/leo/ws_mando/install/bboxes_ex_msgs/bin'
[0.704s] Level 1:colcon.colcon_core.environment:checking '/home/leo/ws_mando/install/bboxes_ex_msgs/lib/pkgconfig/bboxes_ex_msgs.pc'
[0.704s] Level 1:colcon.colcon_core.environment:checking '/home/leo/ws_mando/install/bboxes_ex_msgs/lib/python3.8/site-packages'
[0.704s] Level 1:colcon.colcon_core.shell:create_environment_hook('bboxes_ex_msgs', 'pythonpath')
[0.705s] INFO:colcon.colcon_core.shell:Creating environment hook '/home/leo/ws_mando/install/bboxes_ex_msgs/share/bboxes_ex_msgs/hook/pythonpath.ps1'
[0.706s] INFO:colcon.colcon_core.shell:Creating environment descriptor '/home/leo/ws_mando/install/bboxes_ex_msgs/share/bboxes_ex_msgs/hook/pythonpath.dsv'
[0.706s] INFO:colcon.colcon_core.shell:Creating environment hook '/home/leo/ws_mando/install/bboxes_ex_msgs/share/bboxes_ex_msgs/hook/pythonpath.sh'
[0.706s] Level 1:colcon.colcon_core.environment:checking '/home/leo/ws_mando/install/bboxes_ex_msgs/bin'
[0.707s] INFO:colcon.colcon_core.shell:Creating package script '/home/leo/ws_mando/install/bboxes_ex_msgs/share/bboxes_ex_msgs/package.ps1'
[0.708s] INFO:colcon.colcon_core.shell:Creating package descriptor '/home/leo/ws_mando/install/bboxes_ex_msgs/share/bboxes_ex_msgs/package.dsv'
[0.708s] INFO:colcon.colcon_core.shell:Creating package script '/home/leo/ws_mando/install/bboxes_ex_msgs/share/bboxes_ex_msgs/package.sh'
[0.709s] INFO:colcon.colcon_core.shell:Creating package script '/home/leo/ws_mando/install/bboxes_ex_msgs/share/bboxes_ex_msgs/package.bash'
[0.709s] INFO:colcon.colcon_core.shell:Creating package script '/home/leo/ws_mando/install/bboxes_ex_msgs/share/bboxes_ex_msgs/package.zsh'
[0.709s] Level 1:colcon.colcon_core.environment:create_file_with_runtime_dependencies(/home/leo/ws_mando/install/bboxes_ex_msgs/share/colcon-core/packages/bboxes_ex_msgs)
[0.710s] INFO:colcon.colcon_ros.task.ament_python.build:Building ROS package in '/home/leo/ws_mando/YOLOv5-ROS/yolov5_ros' with build type 'ament_python'
[0.710s] Level 1:colcon.colcon_core.shell:create_environment_hook('yolov5_ros', 'ament_prefix_path')
[0.712s] INFO:colcon.colcon_core.shell:Creating environment hook '/home/leo/ws_mando/install/yolov5_ros/share/yolov5_ros/hook/ament_prefix_path.ps1'
[0.713s] INFO:colcon.colcon_core.shell:Creating environment descriptor '/home/leo/ws_mando/install/yolov5_ros/share/yolov5_ros/hook/ament_prefix_path.dsv'
[0.713s] INFO:colcon.colcon_core.shell:Creating environment hook '/home/leo/ws_mando/install/yolov5_ros/share/yolov5_ros/hook/ament_prefix_path.sh'
[0.715s] INFO:colcon.colcon_core.shell:Skip shell extension 'powershell' for command environment: Not usable outside of PowerShell
[0.715s] DEBUG:colcon.colcon_core.shell:Skip shell extension 'dsv' for command environment
[0.888s] INFO:colcon.colcon_core.task.python.build:Building Python package in '/home/leo/ws_mando/YOLOv5-ROS/yolov5_ros'
[0.889s] INFO:colcon.colcon_core.shell:Skip shell extension 'powershell' for command environment: Not usable outside of PowerShell
[0.889s] DEBUG:colcon.colcon_core.shell:Skip shell extension 'dsv' for command environment
[1.387s] DEBUG:colcon.colcon_core.event_handler.log_command:Invoking command in '/home/leo/ws_mando/build/yolov5_ros': AMENT_PREFIX_PATH=/home/leo/ws_mando/install/bboxes_ex_msgs CMAKE_PREFIX_PATH=/home/leo/ws_mando/install/bboxes_ex_msgs LD_LIBRARY_PATH=/home/leo/ws_mando/install/bboxes_ex_msgs/lib PYTHONPATH=/home/leo/ws_mando/build/yolov5_ros/prefix_override:/home/leo/ws_mando/install/yolov5_ros/lib/python3.8/site-packages:/home/leo/ws_mando/install/bboxes_ex_msgs/lib/python3.8/site-packages /usr/bin/python3 setup.py develop --editable --build-directory /home/leo/ws_mando/build/yolov5_ros/build --no-deps install_data
[1.929s] Level 1:colcon.colcon_core.shell:create_environment_hook('yolov5_ros', 'pythonpath_develop')
[1.930s] INFO:colcon.colcon_core.shell:Creating environment hook '/home/leo/ws_mando/build/yolov5_ros/share/yolov5_ros/hook/pythonpath_develop.ps1'
[1.931s] DEBUG:colcon.colcon_core.event_handler.log_command:Invoked command in '/home/leo/ws_mando/build/yolov5_ros' returned '0': AMENT_PREFIX_PATH=/home/leo/ws_mando/install/bboxes_ex_msgs CMAKE_PREFIX_PATH=/home/leo/ws_mando/install/bboxes_ex_msgs LD_LIBRARY_PATH=/home/leo/ws_mando/install/bboxes_ex_msgs/lib PYTHONPATH=/home/leo/ws_mando/build/yolov5_ros/prefix_override:/home/leo/ws_mando/install/yolov5_ros/lib/python3.8/site-packages:/home/leo/ws_mando/install/bboxes_ex_msgs/lib/python3.8/site-packages /usr/bin/python3 setup.py develop --editable --build-directory /home/leo/ws_mando/build/yolov5_ros/build --no-deps install_data
[1.931s] INFO:colcon.colcon_core.shell:Creating environment descriptor '/home/leo/ws_mando/build/yolov5_ros/share/yolov5_ros/hook/pythonpath_develop.dsv'
[1.932s] INFO:colcon.colcon_core.shell:Creating environment hook '/home/leo/ws_mando/build/yolov5_ros/share/yolov5_ros/hook/pythonpath_develop.sh'
[1.934s] Level 1:colcon.colcon_core.environment:checking '/home/leo/ws_mando/install/yolov5_ros' for CMake module files
[1.934s] Level 1:colcon.colcon_core.environment:checking '/home/leo/ws_mando/install/yolov5_ros' for CMake config files
[1.934s] Level 1:colcon.colcon_core.environment:checking '/home/leo/ws_mando/install/yolov5_ros/lib'
[1.934s] Level 1:colcon.colcon_core.environment:checking '/home/leo/ws_mando/install/yolov5_ros/bin'
[1.935s] Level 1:colcon.colcon_core.environment:checking '/home/leo/ws_mando/install/yolov5_ros/lib/pkgconfig/yolov5_ros.pc'
[1.935s] Level 1:colcon.colcon_core.environment:checking '/home/leo/ws_mando/install/yolov5_ros/lib/python3.8/site-packages'
[1.935s] Level 1:colcon.colcon_core.shell:create_environment_hook('yolov5_ros', 'pythonpath')
[1.936s] INFO:colcon.colcon_core.shell:Creating environment hook '/home/leo/ws_mando/install/yolov5_ros/share/yolov5_ros/hook/pythonpath.ps1'
[1.936s] INFO:colcon.colcon_core.shell:Creating environment descriptor '/home/leo/ws_mando/install/yolov5_ros/share/yolov5_ros/hook/pythonpath.dsv'
[1.937s] INFO:colcon.colcon_core.shell:Creating environment hook '/home/leo/ws_mando/install/yolov5_ros/share/yolov5_ros/hook/pythonpath.sh'
[1.937s] Level 1:colcon.colcon_core.environment:checking '/home/leo/ws_mando/install/yolov5_ros/bin'
[1.937s] Level 1:colcon.colcon_core.environment:create_environment_scripts_only(yolov5_ros)
[1.939s] INFO:colcon.colcon_core.shell:Creating package script '/home/leo/ws_mando/install/yolov5_ros/share/yolov5_ros/package.ps1'
[1.939s] INFO:colcon.colcon_core.shell:Creating package descriptor '/home/leo/ws_mando/install/yolov5_ros/share/yolov5_ros/package.dsv'
[1.940s] INFO:colcon.colcon_core.shell:Creating package script '/home/leo/ws_mando/install/yolov5_ros/share/yolov5_ros/package.sh'
[1.940s] INFO:colcon.colcon_core.shell:Creating package script '/home/leo/ws_mando/install/yolov5_ros/share/yolov5_ros/package.bash'
[1.940s] INFO:colcon.colcon_core.shell:Creating package script '/home/leo/ws_mando/install/yolov5_ros/share/yolov5_ros/package.zsh'
[1.940s] Level 1:colcon.colcon_core.environment:create_file_with_runtime_dependencies(/home/leo/ws_mando/install/yolov5_ros/share/colcon-core/packages/yolov5_ros)
[1.941s] DEBUG:colcon.colcon_parallel_executor.executor.parallel:closing loop
[1.941s] DEBUG:colcon.colcon_parallel_executor.executor.parallel:loop closed
[1.941s] DEBUG:colcon.colcon_parallel_executor.executor.parallel:run_until_complete finished with '0'
[1.941s] DEBUG:colcon.colcon_core.event_reactor:joining thread
[1.947s] INFO:colcon.colcon_core.plugin_system:Skipping extension 'colcon_notification.desktop_notification.terminal_notifier': Not used on non-Darwin systems
[1.947s] INFO:colcon.colcon_core.plugin_system:Skipping extension 'colcon_notification.desktop_notification.win32': Not used on non-Windows systems
[1.947s] INFO:colcon.colcon_notification.desktop_notification:Sending desktop notification using 'notify2'
[1.960s] DEBUG:colcon.colcon_core.event_reactor:joined thread
[1.962s] INFO:colcon.colcon_core.shell:Creating prefix script '/home/leo/ws_mando/install/local_setup.ps1'
[1.962s] INFO:colcon.colcon_core.shell:Creating prefix util module '/home/leo/ws_mando/install/_local_setup_util_ps1.py'
[1.963s] INFO:colcon.colcon_core.shell:Creating prefix chain script '/home/leo/ws_mando/install/setup.ps1'
[1.965s] INFO:colcon.colcon_core.shell:Creating prefix script '/home/leo/ws_mando/install/local_setup.sh'
[1.965s] INFO:colcon.colcon_core.shell:Creating prefix util module '/home/leo/ws_mando/install/_local_setup_util_sh.py'
[1.965s] INFO:colcon.colcon_core.shell:Creating prefix chain script '/home/leo/ws_mando/install/setup.sh'
[1.966s] INFO:colcon.colcon_core.shell:Creating prefix script '/home/leo/ws_mando/install/local_setup.bash'
[1.967s] INFO:colcon.colcon_core.shell:Creating prefix chain script '/home/leo/ws_mando/install/setup.bash'
[1.967s] INFO:colcon.colcon_core.shell:Creating prefix script '/home/leo/ws_mando/install/local_setup.zsh'
[1.968s] INFO:colcon.colcon_core.shell:Creating prefix chain script '/home/leo/ws_mando/install/setup.zsh'
