[0.010s] Invoking command in '/home/leo/Documents/GitHub/mando_2023/ws_mando/build/bboxes_ex_msgs': /home/leo/.local/bin/cmake /home/leo/Documents/GitHub/mando_2023/ws_mando/bbox_ex_msgs -DAMENT_CMAKE_SYMLINK_INSTALL=1 -DCMAKE_INSTALL_PREFIX=/home/leo/Documents/GitHub/mando_2023/ws_mando/install/bboxes_ex_msgs
[0.253s] -- The C compiler identification is GNU 9.4.0
[0.435s] -- The CXX compiler identification is GNU 9.4.0
[0.456s] -- Detecting C compiler ABI info
[0.512s] -- Detecting C compiler ABI info - done
[0.523s] -- Check for working C compiler: /usr/bin/cc - skipped
[0.524s] -- Detecting C compile features
[0.525s] -- Detecting C compile features - done
[0.530s] -- Detecting CXX compiler ABI info
[0.595s] -- Detecting CXX compiler ABI info - done
[0.605s] -- Check for working CXX compiler: /usr/bin/c++ - skipped
[0.606s] -- Detecting CXX compile features
[0.606s] -- Detecting CXX compile features - done
[0.619s] [31mCMake Error at CMakeLists.txt:6 (find_package):
[0.619s]   By not providing "Findament_cmake.cmake" in CMAKE_MODULE_PATH this project
[0.619s]   has asked CMake to find a package configuration file provided by
[0.619s]   "ament_cmake", but CMake did not find one.
[0.619s] 
[0.619s]   Could not find a package configuration file provided by "ament_cmake" with
[0.619s]   any of the following names:
[0.619s] 
[0.619s]     ament_cmakeConfig.cmake
[0.619s]     ament_cmake-config.cmake
[0.619s] 
[0.619s]   Add the installation prefix of "ament_cmake" to CMAKE_PREFIX_PATH or set
[0.619s]   "ament_cmake_DIR" to a directory containing one of the above files.  If
[0.619s]   "ament_cmake" provides a separate development package or SDK, be sure it
[0.620s]   has been installed.
[0.620s] 
[0.620s] [0m
[0.620s] -- Configuring incomplete, errors occurred!
[0.624s] Invoked command in '/home/leo/Documents/GitHub/mando_2023/ws_mando/build/bboxes_ex_msgs' returned '1': /home/leo/.local/bin/cmake /home/leo/Documents/GitHub/mando_2023/ws_mando/bbox_ex_msgs -DAMENT_CMAKE_SYMLINK_INSTALL=1 -DCMAKE_INSTALL_PREFIX=/home/leo/Documents/GitHub/mando_2023/ws_mando/install/bboxes_ex_msgs
