[0.487s] DEBUG:colcon:Command line arguments: ['/usr/bin/colcon', 'build', '--symlink-install']
[0.487s] DEBUG:colcon:Parsed command line arguments: Namespace(allow_overriding=[], ament_cmake_args=None, base_paths=['.'], build_base='build', catkin_cmake_args=None, catkin_skip_building_tests=False, cmake_args=None, cmake_clean_cache=False, cmake_clean_first=False, cmake_force_configure=False, cmake_target=None, cmake_target_skip_unavailable=False, continue_on_error=False, event_handlers=None, executor='parallel', ignore_user_meta=False, install_base='install', log_base=None, log_level=None, main=<bound method BuildVerb.main of <colcon_core.verb.build.BuildVerb object at 0x7f87e3160940>>, merge_install=False, metas=['./colcon.meta'], packages_above=None, packages_above_and_dependencies=None, packages_above_depth=None, packages_end=None, packages_ignore=None, packages_ignore_regex=None, packages_select=None, packages_select_build_failed=False, packages_select_by_dep=None, packages_select_regex=None, packages_select_test_failures=False, packages_skip=None, packages_skip_build_finished=False, packages_skip_by_dep=None, packages_skip_regex=None, packages_skip_test_passed=False, packages_skip_up_to=None, packages_start=None, packages_up_to=None, packages_up_to_regex=None, parallel_workers=12, paths=None, symlink_install=True, test_result_base=None, verb_extension=<colcon_core.verb.build.BuildVerb object at 0x7f87e3160940>, verb_name='build', verb_parser=<colcon_defaults.argument_parser.defaults.DefaultArgumentsDecorator object at 0x7f87e3062370>)
[0.553s] Level 1:colcon.colcon_core.package_discovery:discover_packages(colcon_meta) check parameters
[0.553s] Level 1:colcon.colcon_core.package_discovery:discover_packages(recursive) check parameters
[0.553s] Level 1:colcon.colcon_core.package_discovery:discover_packages(ignore) check parameters
[0.553s] Level 1:colcon.colcon_core.package_discovery:discover_packages(path) check parameters
[0.553s] Level 1:colcon.colcon_core.package_discovery:discover_packages(colcon_meta) discover
[0.553s] Level 1:colcon.colcon_core.package_discovery:discover_packages(recursive) discover
[0.553s] INFO:colcon.colcon_core.package_discovery:Crawling recursively for packages in '/home/leo/Documents/GitHub/mando_2023/ws_mando'
[0.553s] Level 1:colcon.colcon_core.package_identification:_identify(.) by extensions ['ignore', 'ignore_ament_install']
[0.554s] Level 1:colcon.colcon_core.package_identification:_identify(.) by extension 'ignore'
[0.554s] Level 1:colcon.colcon_core.package_identification:_identify(.) by extension 'ignore_ament_install'
[0.554s] Level 1:colcon.colcon_core.package_identification:_identify(.) by extensions ['colcon_pkg']
[0.554s] Level 1:colcon.colcon_core.package_identification:_identify(.) by extension 'colcon_pkg'
[0.554s] Level 1:colcon.colcon_core.package_identification:_identify(.) by extensions ['colcon_meta']
[0.554s] Level 1:colcon.colcon_core.package_identification:_identify(.) by extension 'colcon_meta'
[0.554s] Level 1:colcon.colcon_core.package_identification:_identify(.) by extensions ['ros']
[0.554s] Level 1:colcon.colcon_core.package_identification:_identify(.) by extension 'ros'
[0.570s] Level 1:colcon.colcon_core.package_identification:_identify(.) by extensions ['cmake', 'python']
[0.570s] Level 1:colcon.colcon_core.package_identification:_identify(.) by extension 'cmake'
[0.570s] Level 1:colcon.colcon_core.package_identification:_identify(.) by extension 'python'
[0.570s] Level 1:colcon.colcon_core.package_identification:_identify(.) by extensions ['python_setup_py']
[0.570s] Level 1:colcon.colcon_core.package_identification:_identify(.) by extension 'python_setup_py'
[0.570s] Level 1:colcon.colcon_core.package_identification:_identify(Arduino) by extensions ['ignore', 'ignore_ament_install']
[0.570s] Level 1:colcon.colcon_core.package_identification:_identify(Arduino) by extension 'ignore'
[0.570s] Level 1:colcon.colcon_core.package_identification:_identify(Arduino) by extension 'ignore_ament_install'
[0.570s] Level 1:colcon.colcon_core.package_identification:_identify(Arduino) by extensions ['colcon_pkg']
[0.570s] Level 1:colcon.colcon_core.package_identification:_identify(Arduino) by extension 'colcon_pkg'
[0.570s] Level 1:colcon.colcon_core.package_identification:_identify(Arduino) by extensions ['colcon_meta']
[0.570s] Level 1:colcon.colcon_core.package_identification:_identify(Arduino) by extension 'colcon_meta'
[0.571s] Level 1:colcon.colcon_core.package_identification:_identify(Arduino) by extensions ['ros']
[0.571s] Level 1:colcon.colcon_core.package_identification:_identify(Arduino) by extension 'ros'
[0.571s] Level 1:colcon.colcon_core.package_identification:_identify(Arduino) by extensions ['cmake', 'python']
[0.571s] Level 1:colcon.colcon_core.package_identification:_identify(Arduino) by extension 'cmake'
[0.571s] Level 1:colcon.colcon_core.package_identification:_identify(Arduino) by extension 'python'
[0.571s] Level 1:colcon.colcon_core.package_identification:_identify(Arduino) by extensions ['python_setup_py']
[0.571s] Level 1:colcon.colcon_core.package_identification:_identify(Arduino) by extension 'python_setup_py'
[0.571s] Level 1:colcon.colcon_core.package_identification:_identify(Arduino/Steering_motor_control) by extensions ['ignore', 'ignore_ament_install']
[0.571s] Level 1:colcon.colcon_core.package_identification:_identify(Arduino/Steering_motor_control) by extension 'ignore'
[0.571s] Level 1:colcon.colcon_core.package_identification:_identify(Arduino/Steering_motor_control) by extension 'ignore_ament_install'
[0.571s] Level 1:colcon.colcon_core.package_identification:_identify(Arduino/Steering_motor_control) by extensions ['colcon_pkg']
[0.571s] Level 1:colcon.colcon_core.package_identification:_identify(Arduino/Steering_motor_control) by extension 'colcon_pkg'
[0.571s] Level 1:colcon.colcon_core.package_identification:_identify(Arduino/Steering_motor_control) by extensions ['colcon_meta']
[0.571s] Level 1:colcon.colcon_core.package_identification:_identify(Arduino/Steering_motor_control) by extension 'colcon_meta'
[0.572s] Level 1:colcon.colcon_core.package_identification:_identify(Arduino/Steering_motor_control) by extensions ['ros']
[0.572s] Level 1:colcon.colcon_core.package_identification:_identify(Arduino/Steering_motor_control) by extension 'ros'
[0.572s] Level 1:colcon.colcon_core.package_identification:_identify(Arduino/Steering_motor_control) by extensions ['cmake', 'python']
[0.572s] Level 1:colcon.colcon_core.package_identification:_identify(Arduino/Steering_motor_control) by extension 'cmake'
[0.572s] Level 1:colcon.colcon_core.package_identification:_identify(Arduino/Steering_motor_control) by extension 'python'
[0.572s] Level 1:colcon.colcon_core.package_identification:_identify(Arduino/Steering_motor_control) by extensions ['python_setup_py']
[0.572s] Level 1:colcon.colcon_core.package_identification:_identify(Arduino/Steering_motor_control) by extension 'python_setup_py'
[0.574s] Level 1:colcon.colcon_core.package_identification:_identify(YOLOv5-ROS) by extensions ['ignore', 'ignore_ament_install']
[0.574s] Level 1:colcon.colcon_core.package_identification:_identify(YOLOv5-ROS) by extension 'ignore'
[0.574s] Level 1:colcon.colcon_core.package_identification:_identify(YOLOv5-ROS) by extension 'ignore_ament_install'
[0.574s] Level 1:colcon.colcon_core.package_identification:_identify(YOLOv5-ROS) by extensions ['colcon_pkg']
[0.574s] Level 1:colcon.colcon_core.package_identification:_identify(YOLOv5-ROS) by extension 'colcon_pkg'
[0.574s] Level 1:colcon.colcon_core.package_identification:_identify(YOLOv5-ROS) by extensions ['colcon_meta']
[0.574s] Level 1:colcon.colcon_core.package_identification:_identify(YOLOv5-ROS) by extension 'colcon_meta'
[0.574s] Level 1:colcon.colcon_core.package_identification:_identify(YOLOv5-ROS) by extensions ['ros']
[0.574s] Level 1:colcon.colcon_core.package_identification:_identify(YOLOv5-ROS) by extension 'ros'
[0.574s] Level 1:colcon.colcon_core.package_identification:_identify(YOLOv5-ROS) by extensions ['cmake', 'python']
[0.574s] Level 1:colcon.colcon_core.package_identification:_identify(YOLOv5-ROS) by extension 'cmake'
[0.574s] Level 1:colcon.colcon_core.package_identification:_identify(YOLOv5-ROS) by extension 'python'
[0.574s] Level 1:colcon.colcon_core.package_identification:_identify(YOLOv5-ROS) by extensions ['python_setup_py']
[0.574s] Level 1:colcon.colcon_core.package_identification:_identify(YOLOv5-ROS) by extension 'python_setup_py'
[0.575s] Level 1:colcon.colcon_core.package_identification:_identify(YOLOv5-ROS/yolov5_ros) by extensions ['ignore', 'ignore_ament_install']
[0.575s] Level 1:colcon.colcon_core.package_identification:_identify(YOLOv5-ROS/yolov5_ros) by extension 'ignore'
[0.575s] Level 1:colcon.colcon_core.package_identification:_identify(YOLOv5-ROS/yolov5_ros) by extension 'ignore_ament_install'
[0.575s] Level 1:colcon.colcon_core.package_identification:_identify(YOLOv5-ROS/yolov5_ros) by extensions ['colcon_pkg']
[0.575s] Level 1:colcon.colcon_core.package_identification:_identify(YOLOv5-ROS/yolov5_ros) by extension 'colcon_pkg'
[0.575s] Level 1:colcon.colcon_core.package_identification:_identify(YOLOv5-ROS/yolov5_ros) by extensions ['colcon_meta']
[0.575s] Level 1:colcon.colcon_core.package_identification:_identify(YOLOv5-ROS/yolov5_ros) by extension 'colcon_meta'
[0.575s] Level 1:colcon.colcon_core.package_identification:_identify(YOLOv5-ROS/yolov5_ros) by extensions ['ros']
[0.575s] Level 1:colcon.colcon_core.package_identification:_identify(YOLOv5-ROS/yolov5_ros) by extension 'ros'
[0.578s] DEBUG:colcon.colcon_core.package_identification:Package 'YOLOv5-ROS/yolov5_ros' with type 'ros.ament_python' and name 'yolov5_ros'
[0.579s] Level 1:colcon.colcon_core.package_identification:_identify(bbox_ex_msgs) by extensions ['ignore', 'ignore_ament_install']
[0.579s] Level 1:colcon.colcon_core.package_identification:_identify(bbox_ex_msgs) by extension 'ignore'
[0.579s] Level 1:colcon.colcon_core.package_identification:_identify(bbox_ex_msgs) by extension 'ignore_ament_install'
[0.579s] Level 1:colcon.colcon_core.package_identification:_identify(bbox_ex_msgs) by extensions ['colcon_pkg']
[0.579s] Level 1:colcon.colcon_core.package_identification:_identify(bbox_ex_msgs) by extension 'colcon_pkg'
[0.579s] Level 1:colcon.colcon_core.package_identification:_identify(bbox_ex_msgs) by extensions ['colcon_meta']
[0.579s] Level 1:colcon.colcon_core.package_identification:_identify(bbox_ex_msgs) by extension 'colcon_meta'
[0.579s] Level 1:colcon.colcon_core.package_identification:_identify(bbox_ex_msgs) by extensions ['ros']
[0.579s] Level 1:colcon.colcon_core.package_identification:_identify(bbox_ex_msgs) by extension 'ros'
[0.580s] DEBUG:colcon.colcon_core.package_identification:Package 'bbox_ex_msgs' with type 'ros.ament_cmake' and name 'bboxes_ex_msgs'
[0.580s] Level 1:colcon.colcon_core.package_identification:_identify(build) by extensions ['ignore', 'ignore_ament_install']
[0.580s] Level 1:colcon.colcon_core.package_identification:_identify(build) by extension 'ignore'
[0.580s] Level 1:colcon.colcon_core.package_identification:_identify(build) ignored
[0.580s] Level 1:colcon.colcon_core.package_identification:_identify(install) by extensions ['ignore', 'ignore_ament_install']
[0.580s] Level 1:colcon.colcon_core.package_identification:_identify(install) by extension 'ignore'
[0.580s] Level 1:colcon.colcon_core.package_identification:_identify(install) ignored
[0.580s] Level 1:colcon.colcon_core.package_identification:_identify(log) by extensions ['ignore', 'ignore_ament_install']
[0.580s] Level 1:colcon.colcon_core.package_identification:_identify(log) by extension 'ignore'
[0.580s] Level 1:colcon.colcon_core.package_identification:_identify(log) ignored
[0.580s] Level 1:colcon.colcon_core.package_discovery:discover_packages(recursive) using defaults
[0.580s] Level 1:colcon.colcon_core.package_discovery:discover_packages(ignore) discover
[0.580s] Level 1:colcon.colcon_core.package_discovery:discover_packages(ignore) using defaults
[0.581s] Level 1:colcon.colcon_core.package_discovery:discover_packages(path) discover
[0.581s] Level 1:colcon.colcon_core.package_discovery:discover_packages(path) using defaults
[0.609s] Level 1:colcon.colcon_core.package_discovery:discover_packages(prefix_path) check parameters
[0.609s] Level 1:colcon.colcon_core.package_discovery:discover_packages(prefix_path) discover
[0.611s] Level 1:colcon.colcon_core.package_discovery:discover_packages(prefix_path) using defaults
[0.613s] Level 5:colcon.colcon_core.verb:set package 'bboxes_ex_msgs' build argument 'cmake_args' from command line to 'None'
[0.613s] Level 5:colcon.colcon_core.verb:set package 'bboxes_ex_msgs' build argument 'cmake_target' from command line to 'None'
[0.613s] Level 5:colcon.colcon_core.verb:set package 'bboxes_ex_msgs' build argument 'cmake_target_skip_unavailable' from command line to 'False'
[0.613s] Level 5:colcon.colcon_core.verb:set package 'bboxes_ex_msgs' build argument 'cmake_clean_cache' from command line to 'False'
[0.613s] Level 5:colcon.colcon_core.verb:set package 'bboxes_ex_msgs' build argument 'cmake_clean_first' from command line to 'False'
[0.613s] Level 5:colcon.colcon_core.verb:set package 'bboxes_ex_msgs' build argument 'cmake_force_configure' from command line to 'False'
[0.613s] Level 5:colcon.colcon_core.verb:set package 'bboxes_ex_msgs' build argument 'ament_cmake_args' from command line to 'None'
[0.614s] Level 5:colcon.colcon_core.verb:set package 'bboxes_ex_msgs' build argument 'catkin_cmake_args' from command line to 'None'
[0.614s] Level 5:colcon.colcon_core.verb:set package 'bboxes_ex_msgs' build argument 'catkin_skip_building_tests' from command line to 'False'
[0.614s] DEBUG:colcon.colcon_core.verb:Building package 'bboxes_ex_msgs' with the following arguments: {'ament_cmake_args': None, 'build_base': '/home/leo/Documents/GitHub/mando_2023/ws_mando/build/bboxes_ex_msgs', 'catkin_cmake_args': None, 'catkin_skip_building_tests': False, 'cmake_args': None, 'cmake_clean_cache': False, 'cmake_clean_first': False, 'cmake_force_configure': False, 'cmake_target': None, 'cmake_target_skip_unavailable': False, 'install_base': '/home/leo/Documents/GitHub/mando_2023/ws_mando/install/bboxes_ex_msgs', 'merge_install': False, 'path': '/home/leo/Documents/GitHub/mando_2023/ws_mando/bbox_ex_msgs', 'symlink_install': True, 'test_result_base': None}
[0.614s] Level 5:colcon.colcon_core.verb:set package 'yolov5_ros' build argument 'cmake_args' from command line to 'None'
[0.614s] Level 5:colcon.colcon_core.verb:set package 'yolov5_ros' build argument 'cmake_target' from command line to 'None'
[0.614s] Level 5:colcon.colcon_core.verb:set package 'yolov5_ros' build argument 'cmake_target_skip_unavailable' from command line to 'False'
[0.614s] Level 5:colcon.colcon_core.verb:set package 'yolov5_ros' build argument 'cmake_clean_cache' from command line to 'False'
[0.614s] Level 5:colcon.colcon_core.verb:set package 'yolov5_ros' build argument 'cmake_clean_first' from command line to 'False'
[0.614s] Level 5:colcon.colcon_core.verb:set package 'yolov5_ros' build argument 'cmake_force_configure' from command line to 'False'
[0.615s] Level 5:colcon.colcon_core.verb:set package 'yolov5_ros' build argument 'ament_cmake_args' from command line to 'None'
[0.615s] Level 5:colcon.colcon_core.verb:set package 'yolov5_ros' build argument 'catkin_cmake_args' from command line to 'None'
[0.615s] Level 5:colcon.colcon_core.verb:set package 'yolov5_ros' build argument 'catkin_skip_building_tests' from command line to 'False'
[0.615s] DEBUG:colcon.colcon_core.verb:Building package 'yolov5_ros' with the following arguments: {'ament_cmake_args': None, 'build_base': '/home/leo/Documents/GitHub/mando_2023/ws_mando/build/yolov5_ros', 'catkin_cmake_args': None, 'catkin_skip_building_tests': False, 'cmake_args': None, 'cmake_clean_cache': False, 'cmake_clean_first': False, 'cmake_force_configure': False, 'cmake_target': None, 'cmake_target_skip_unavailable': False, 'install_base': '/home/leo/Documents/GitHub/mando_2023/ws_mando/install/yolov5_ros', 'merge_install': False, 'path': '/home/leo/Documents/GitHub/mando_2023/ws_mando/YOLOv5-ROS/yolov5_ros', 'symlink_install': True, 'test_result_base': None}
[0.615s] INFO:colcon.colcon_core.executor:Executing jobs using 'parallel' executor
[0.619s] DEBUG:colcon.colcon_parallel_executor.executor.parallel:run_until_complete
[0.619s] INFO:colcon.colcon_ros.task.ament_cmake.build:Building ROS package in '/home/leo/Documents/GitHub/mando_2023/ws_mando/bbox_ex_msgs' with build type 'ament_cmake'
[0.619s] INFO:colcon.colcon_cmake.task.cmake.build:Building CMake package in '/home/leo/Documents/GitHub/mando_2023/ws_mando/bbox_ex_msgs'
[0.628s] INFO:colcon.colcon_core.plugin_system:Skipping extension 'colcon_core.shell.bat': Not used on non-Windows systems
[0.628s] INFO:colcon.colcon_core.shell:Skip shell extension 'powershell' for command environment: Not usable outside of PowerShell
[0.628s] DEBUG:colcon.colcon_core.shell:Skip shell extension 'dsv' for command environment
[0.638s] DEBUG:colcon.colcon_core.event_handler.log_command:Invoking command in '/home/leo/Documents/GitHub/mando_2023/ws_mando/build/bboxes_ex_msgs': /home/leo/.local/bin/cmake --build /home/leo/Documents/GitHub/mando_2023/ws_mando/build/bboxes_ex_msgs -- -j12 -l12
[0.935s] DEBUG:colcon.colcon_core.event_handler.log_command:Invoked command in '/home/leo/Documents/GitHub/mando_2023/ws_mando/build/bboxes_ex_msgs' returned '0': /home/leo/.local/bin/cmake --build /home/leo/Documents/GitHub/mando_2023/ws_mando/build/bboxes_ex_msgs -- -j12 -l12
[1.045s] DEBUG:colcon.colcon_core.event_handler.log_command:Invoking command in '/home/leo/Documents/GitHub/mando_2023/ws_mando/build/bboxes_ex_msgs': /home/leo/.local/bin/cmake --install /home/leo/Documents/GitHub/mando_2023/ws_mando/build/bboxes_ex_msgs
[1.146s] Level 1:colcon.colcon_core.environment:create_environment_scripts_only(bboxes_ex_msgs)
[1.147s] DEBUG:colcon.colcon_core.event_handler.log_command:Invoked command in '/home/leo/Documents/GitHub/mando_2023/ws_mando/build/bboxes_ex_msgs' returned '0': /home/leo/.local/bin/cmake --install /home/leo/Documents/GitHub/mando_2023/ws_mando/build/bboxes_ex_msgs
[1.156s] Level 1:colcon.colcon_core.environment:checking '/home/leo/Documents/GitHub/mando_2023/ws_mando/install/bboxes_ex_msgs' for CMake module files
[1.156s] Level 1:colcon.colcon_core.environment:checking '/home/leo/Documents/GitHub/mando_2023/ws_mando/install/bboxes_ex_msgs' for CMake config files
[1.158s] Level 1:colcon.colcon_core.shell:create_environment_hook('bboxes_ex_msgs', 'cmake_prefix_path')
[1.159s] INFO:colcon.colcon_core.shell:Creating environment hook '/home/leo/Documents/GitHub/mando_2023/ws_mando/install/bboxes_ex_msgs/share/bboxes_ex_msgs/hook/cmake_prefix_path.ps1'
[1.160s] INFO:colcon.colcon_core.shell:Creating environment descriptor '/home/leo/Documents/GitHub/mando_2023/ws_mando/install/bboxes_ex_msgs/share/bboxes_ex_msgs/hook/cmake_prefix_path.dsv'
[1.161s] INFO:colcon.colcon_core.shell:Creating environment hook '/home/leo/Documents/GitHub/mando_2023/ws_mando/install/bboxes_ex_msgs/share/bboxes_ex_msgs/hook/cmake_prefix_path.sh'
[1.162s] Level 1:colcon.colcon_core.environment:checking '/home/leo/Documents/GitHub/mando_2023/ws_mando/install/bboxes_ex_msgs/lib'
[1.162s] Level 1:colcon.colcon_core.shell:create_environment_hook('bboxes_ex_msgs', 'ld_library_path_lib')
[1.163s] INFO:colcon.colcon_core.shell:Creating environment hook '/home/leo/Documents/GitHub/mando_2023/ws_mando/install/bboxes_ex_msgs/share/bboxes_ex_msgs/hook/ld_library_path_lib.ps1'
[1.163s] INFO:colcon.colcon_core.shell:Creating environment descriptor '/home/leo/Documents/GitHub/mando_2023/ws_mando/install/bboxes_ex_msgs/share/bboxes_ex_msgs/hook/ld_library_path_lib.dsv'
[1.163s] INFO:colcon.colcon_core.shell:Creating environment hook '/home/leo/Documents/GitHub/mando_2023/ws_mando/install/bboxes_ex_msgs/share/bboxes_ex_msgs/hook/ld_library_path_lib.sh'
[1.164s] Level 1:colcon.colcon_core.environment:checking '/home/leo/Documents/GitHub/mando_2023/ws_mando/install/bboxes_ex_msgs/bin'
[1.164s] Level 1:colcon.colcon_core.environment:checking '/home/leo/Documents/GitHub/mando_2023/ws_mando/install/bboxes_ex_msgs/lib/pkgconfig/bboxes_ex_msgs.pc'
[1.165s] Level 1:colcon.colcon_core.environment:checking '/home/leo/Documents/GitHub/mando_2023/ws_mando/install/bboxes_ex_msgs/lib/python3.8/site-packages'
[1.165s] Level 1:colcon.colcon_core.shell:create_environment_hook('bboxes_ex_msgs', 'pythonpath')
[1.167s] INFO:colcon.colcon_core.shell:Creating environment hook '/home/leo/Documents/GitHub/mando_2023/ws_mando/install/bboxes_ex_msgs/share/bboxes_ex_msgs/hook/pythonpath.ps1'
[1.167s] INFO:colcon.colcon_core.shell:Creating environment descriptor '/home/leo/Documents/GitHub/mando_2023/ws_mando/install/bboxes_ex_msgs/share/bboxes_ex_msgs/hook/pythonpath.dsv'
[1.167s] INFO:colcon.colcon_core.shell:Creating environment hook '/home/leo/Documents/GitHub/mando_2023/ws_mando/install/bboxes_ex_msgs/share/bboxes_ex_msgs/hook/pythonpath.sh'
[1.167s] Level 1:colcon.colcon_core.environment:checking '/home/leo/Documents/GitHub/mando_2023/ws_mando/install/bboxes_ex_msgs/bin'
[1.169s] INFO:colcon.colcon_core.shell:Creating package script '/home/leo/Documents/GitHub/mando_2023/ws_mando/install/bboxes_ex_msgs/share/bboxes_ex_msgs/package.ps1'
[1.170s] INFO:colcon.colcon_core.shell:Creating package descriptor '/home/leo/Documents/GitHub/mando_2023/ws_mando/install/bboxes_ex_msgs/share/bboxes_ex_msgs/package.dsv'
[1.170s] INFO:colcon.colcon_core.shell:Creating package script '/home/leo/Documents/GitHub/mando_2023/ws_mando/install/bboxes_ex_msgs/share/bboxes_ex_msgs/package.sh'
[1.171s] INFO:colcon.colcon_core.shell:Creating package script '/home/leo/Documents/GitHub/mando_2023/ws_mando/install/bboxes_ex_msgs/share/bboxes_ex_msgs/package.bash'
[1.172s] INFO:colcon.colcon_core.shell:Creating package script '/home/leo/Documents/GitHub/mando_2023/ws_mando/install/bboxes_ex_msgs/share/bboxes_ex_msgs/package.zsh'
[1.174s] Level 1:colcon.colcon_core.environment:create_file_with_runtime_dependencies(/home/leo/Documents/GitHub/mando_2023/ws_mando/install/bboxes_ex_msgs/share/colcon-core/packages/bboxes_ex_msgs)
[1.236s] Level 1:colcon.colcon_core.environment:create_environment_scripts_only(bboxes_ex_msgs)
[1.238s] Level 1:colcon.colcon_core.environment:checking '/home/leo/Documents/GitHub/mando_2023/ws_mando/install/bboxes_ex_msgs' for CMake module files
[1.238s] Level 1:colcon.colcon_core.environment:checking '/home/leo/Documents/GitHub/mando_2023/ws_mando/install/bboxes_ex_msgs' for CMake config files
[1.239s] Level 1:colcon.colcon_core.shell:create_environment_hook('bboxes_ex_msgs', 'cmake_prefix_path')
[1.240s] INFO:colcon.colcon_core.shell:Creating environment hook '/home/leo/Documents/GitHub/mando_2023/ws_mando/install/bboxes_ex_msgs/share/bboxes_ex_msgs/hook/cmake_prefix_path.ps1'
[1.240s] INFO:colcon.colcon_core.shell:Creating environment descriptor '/home/leo/Documents/GitHub/mando_2023/ws_mando/install/bboxes_ex_msgs/share/bboxes_ex_msgs/hook/cmake_prefix_path.dsv'
[1.241s] INFO:colcon.colcon_core.shell:Creating environment hook '/home/leo/Documents/GitHub/mando_2023/ws_mando/install/bboxes_ex_msgs/share/bboxes_ex_msgs/hook/cmake_prefix_path.sh'
[1.241s] Level 1:colcon.colcon_core.environment:checking '/home/leo/Documents/GitHub/mando_2023/ws_mando/install/bboxes_ex_msgs/lib'
[1.241s] Level 1:colcon.colcon_core.shell:create_environment_hook('bboxes_ex_msgs', 'ld_library_path_lib')
[1.243s] INFO:colcon.colcon_core.shell:Creating environment hook '/home/leo/Documents/GitHub/mando_2023/ws_mando/install/bboxes_ex_msgs/share/bboxes_ex_msgs/hook/ld_library_path_lib.ps1'
[1.243s] INFO:colcon.colcon_core.shell:Creating environment descriptor '/home/leo/Documents/GitHub/mando_2023/ws_mando/install/bboxes_ex_msgs/share/bboxes_ex_msgs/hook/ld_library_path_lib.dsv'
[1.243s] INFO:colcon.colcon_core.shell:Creating environment hook '/home/leo/Documents/GitHub/mando_2023/ws_mando/install/bboxes_ex_msgs/share/bboxes_ex_msgs/hook/ld_library_path_lib.sh'
[1.244s] Level 1:colcon.colcon_core.environment:checking '/home/leo/Documents/GitHub/mando_2023/ws_mando/install/bboxes_ex_msgs/bin'
[1.244s] Level 1:colcon.colcon_core.environment:checking '/home/leo/Documents/GitHub/mando_2023/ws_mando/install/bboxes_ex_msgs/lib/pkgconfig/bboxes_ex_msgs.pc'
[1.244s] Level 1:colcon.colcon_core.environment:checking '/home/leo/Documents/GitHub/mando_2023/ws_mando/install/bboxes_ex_msgs/lib/python3.8/site-packages'
[1.244s] Level 1:colcon.colcon_core.shell:create_environment_hook('bboxes_ex_msgs', 'pythonpath')
[1.245s] INFO:colcon.colcon_core.shell:Creating environment hook '/home/leo/Documents/GitHub/mando_2023/ws_mando/install/bboxes_ex_msgs/share/bboxes_ex_msgs/hook/pythonpath.ps1'
[1.245s] INFO:colcon.colcon_core.shell:Creating environment descriptor '/home/leo/Documents/GitHub/mando_2023/ws_mando/install/bboxes_ex_msgs/share/bboxes_ex_msgs/hook/pythonpath.dsv'
[1.246s] INFO:colcon.colcon_core.shell:Creating environment hook '/home/leo/Documents/GitHub/mando_2023/ws_mando/install/bboxes_ex_msgs/share/bboxes_ex_msgs/hook/pythonpath.sh'
[1.246s] Level 1:colcon.colcon_core.environment:checking '/home/leo/Documents/GitHub/mando_2023/ws_mando/install/bboxes_ex_msgs/bin'
[1.248s] INFO:colcon.colcon_core.shell:Creating package script '/home/leo/Documents/GitHub/mando_2023/ws_mando/install/bboxes_ex_msgs/share/bboxes_ex_msgs/package.ps1'
[1.248s] INFO:colcon.colcon_core.shell:Creating package descriptor '/home/leo/Documents/GitHub/mando_2023/ws_mando/install/bboxes_ex_msgs/share/bboxes_ex_msgs/package.dsv'
[1.249s] INFO:colcon.colcon_core.shell:Creating package script '/home/leo/Documents/GitHub/mando_2023/ws_mando/install/bboxes_ex_msgs/share/bboxes_ex_msgs/package.sh'
[1.249s] INFO:colcon.colcon_core.shell:Creating package script '/home/leo/Documents/GitHub/mando_2023/ws_mando/install/bboxes_ex_msgs/share/bboxes_ex_msgs/package.bash'
[1.249s] INFO:colcon.colcon_core.shell:Creating package script '/home/leo/Documents/GitHub/mando_2023/ws_mando/install/bboxes_ex_msgs/share/bboxes_ex_msgs/package.zsh'
[1.249s] Level 1:colcon.colcon_core.environment:create_file_with_runtime_dependencies(/home/leo/Documents/GitHub/mando_2023/ws_mando/install/bboxes_ex_msgs/share/colcon-core/packages/bboxes_ex_msgs)
[1.250s] INFO:colcon.colcon_ros.task.ament_python.build:Building ROS package in '/home/leo/Documents/GitHub/mando_2023/ws_mando/YOLOv5-ROS/yolov5_ros' with build type 'ament_python'
[1.250s] Level 1:colcon.colcon_core.shell:create_environment_hook('yolov5_ros', 'ament_prefix_path')
[1.251s] INFO:colcon.colcon_core.shell:Creating environment hook '/home/leo/Documents/GitHub/mando_2023/ws_mando/install/yolov5_ros/share/yolov5_ros/hook/ament_prefix_path.ps1'
[1.253s] INFO:colcon.colcon_core.shell:Creating environment descriptor '/home/leo/Documents/GitHub/mando_2023/ws_mando/install/yolov5_ros/share/yolov5_ros/hook/ament_prefix_path.dsv'
[1.253s] INFO:colcon.colcon_core.shell:Creating environment hook '/home/leo/Documents/GitHub/mando_2023/ws_mando/install/yolov5_ros/share/yolov5_ros/hook/ament_prefix_path.sh'
[1.254s] INFO:colcon.colcon_core.shell:Skip shell extension 'powershell' for command environment: Not usable outside of PowerShell
[1.254s] DEBUG:colcon.colcon_core.shell:Skip shell extension 'dsv' for command environment
[1.424s] INFO:colcon.colcon_core.task.python.build:Building Python package in '/home/leo/Documents/GitHub/mando_2023/ws_mando/YOLOv5-ROS/yolov5_ros'
[1.425s] INFO:colcon.colcon_core.shell:Skip shell extension 'powershell' for command environment: Not usable outside of PowerShell
[1.425s] DEBUG:colcon.colcon_core.shell:Skip shell extension 'dsv' for command environment
[1.954s] DEBUG:colcon.colcon_core.event_handler.log_command:Invoking command in '/home/leo/Documents/GitHub/mando_2023/ws_mando/build/yolov5_ros': AMENT_PREFIX_PATH=/home/leo/Documents/GitHub/mando_2023/ws_mando/install/bboxes_ex_msgs CMAKE_PREFIX_PATH=/home/leo/Documents/GitHub/mando_2023/ws_mando/install/bboxes_ex_msgs LD_LIBRARY_PATH=/home/leo/Documents/GitHub/mando_2023/ws_mando/install/bboxes_ex_msgs/lib PYTHONPATH=/home/leo/Documents/GitHub/mando_2023/ws_mando/build/yolov5_ros/prefix_override:/home/leo/Documents/GitHub/mando_2023/ws_mando/install/yolov5_ros/lib/python3.8/site-packages:/home/leo/Documents/GitHub/mando_2023/ws_mando/install/bboxes_ex_msgs/lib/python3.8/site-packages /usr/bin/python3 setup.py develop --editable --build-directory /home/leo/Documents/GitHub/mando_2023/ws_mando/build/yolov5_ros/build --no-deps install_data
[2.445s] Level 1:colcon.colcon_core.shell:create_environment_hook('yolov5_ros', 'pythonpath_develop')
[2.446s] INFO:colcon.colcon_core.shell:Creating environment hook '/home/leo/Documents/GitHub/mando_2023/ws_mando/build/yolov5_ros/share/yolov5_ros/hook/pythonpath_develop.ps1'
[2.447s] DEBUG:colcon.colcon_core.event_handler.log_command:Invoked command in '/home/leo/Documents/GitHub/mando_2023/ws_mando/build/yolov5_ros' returned '0': AMENT_PREFIX_PATH=/home/leo/Documents/GitHub/mando_2023/ws_mando/install/bboxes_ex_msgs CMAKE_PREFIX_PATH=/home/leo/Documents/GitHub/mando_2023/ws_mando/install/bboxes_ex_msgs LD_LIBRARY_PATH=/home/leo/Documents/GitHub/mando_2023/ws_mando/install/bboxes_ex_msgs/lib PYTHONPATH=/home/leo/Documents/GitHub/mando_2023/ws_mando/build/yolov5_ros/prefix_override:/home/leo/Documents/GitHub/mando_2023/ws_mando/install/yolov5_ros/lib/python3.8/site-packages:/home/leo/Documents/GitHub/mando_2023/ws_mando/install/bboxes_ex_msgs/lib/python3.8/site-packages /usr/bin/python3 setup.py develop --editable --build-directory /home/leo/Documents/GitHub/mando_2023/ws_mando/build/yolov5_ros/build --no-deps install_data
[2.448s] INFO:colcon.colcon_core.shell:Creating environment descriptor '/home/leo/Documents/GitHub/mando_2023/ws_mando/build/yolov5_ros/share/yolov5_ros/hook/pythonpath_develop.dsv'
[2.448s] INFO:colcon.colcon_core.shell:Creating environment hook '/home/leo/Documents/GitHub/mando_2023/ws_mando/build/yolov5_ros/share/yolov5_ros/hook/pythonpath_develop.sh'
[2.450s] Level 1:colcon.colcon_core.environment:checking '/home/leo/Documents/GitHub/mando_2023/ws_mando/install/yolov5_ros' for CMake module files
[2.451s] Level 1:colcon.colcon_core.environment:checking '/home/leo/Documents/GitHub/mando_2023/ws_mando/install/yolov5_ros' for CMake config files
[2.452s] Level 1:colcon.colcon_core.environment:checking '/home/leo/Documents/GitHub/mando_2023/ws_mando/install/yolov5_ros/lib'
[2.452s] Level 1:colcon.colcon_core.environment:checking '/home/leo/Documents/GitHub/mando_2023/ws_mando/install/yolov5_ros/bin'
[2.452s] Level 1:colcon.colcon_core.environment:checking '/home/leo/Documents/GitHub/mando_2023/ws_mando/install/yolov5_ros/lib/pkgconfig/yolov5_ros.pc'
[2.452s] Level 1:colcon.colcon_core.environment:checking '/home/leo/Documents/GitHub/mando_2023/ws_mando/install/yolov5_ros/lib/python3.8/site-packages'
[2.452s] Level 1:colcon.colcon_core.shell:create_environment_hook('yolov5_ros', 'pythonpath')
[2.454s] INFO:colcon.colcon_core.shell:Creating environment hook '/home/leo/Documents/GitHub/mando_2023/ws_mando/install/yolov5_ros/share/yolov5_ros/hook/pythonpath.ps1'
[2.454s] INFO:colcon.colcon_core.shell:Creating environment descriptor '/home/leo/Documents/GitHub/mando_2023/ws_mando/install/yolov5_ros/share/yolov5_ros/hook/pythonpath.dsv'
[2.454s] INFO:colcon.colcon_core.shell:Creating environment hook '/home/leo/Documents/GitHub/mando_2023/ws_mando/install/yolov5_ros/share/yolov5_ros/hook/pythonpath.sh'
[2.454s] Level 1:colcon.colcon_core.environment:checking '/home/leo/Documents/GitHub/mando_2023/ws_mando/install/yolov5_ros/bin'
[2.454s] Level 1:colcon.colcon_core.environment:create_environment_scripts_only(yolov5_ros)
[2.456s] INFO:colcon.colcon_core.shell:Creating package script '/home/leo/Documents/GitHub/mando_2023/ws_mando/install/yolov5_ros/share/yolov5_ros/package.ps1'
[2.456s] INFO:colcon.colcon_core.shell:Creating package descriptor '/home/leo/Documents/GitHub/mando_2023/ws_mando/install/yolov5_ros/share/yolov5_ros/package.dsv'
[2.456s] INFO:colcon.colcon_core.shell:Creating package script '/home/leo/Documents/GitHub/mando_2023/ws_mando/install/yolov5_ros/share/yolov5_ros/package.sh'
[2.457s] INFO:colcon.colcon_core.shell:Creating package script '/home/leo/Documents/GitHub/mando_2023/ws_mando/install/yolov5_ros/share/yolov5_ros/package.bash'
[2.457s] INFO:colcon.colcon_core.shell:Creating package script '/home/leo/Documents/GitHub/mando_2023/ws_mando/install/yolov5_ros/share/yolov5_ros/package.zsh'
[2.457s] Level 1:colcon.colcon_core.environment:create_file_with_runtime_dependencies(/home/leo/Documents/GitHub/mando_2023/ws_mando/install/yolov5_ros/share/colcon-core/packages/yolov5_ros)
[2.458s] DEBUG:colcon.colcon_parallel_executor.executor.parallel:closing loop
[2.458s] DEBUG:colcon.colcon_parallel_executor.executor.parallel:loop closed
[2.458s] DEBUG:colcon.colcon_parallel_executor.executor.parallel:run_until_complete finished with '0'
[2.458s] DEBUG:colcon.colcon_core.event_reactor:joining thread
[2.464s] INFO:colcon.colcon_core.plugin_system:Skipping extension 'colcon_notification.desktop_notification.terminal_notifier': Not used on non-Darwin systems
[2.464s] INFO:colcon.colcon_core.plugin_system:Skipping extension 'colcon_notification.desktop_notification.win32': Not used on non-Windows systems
[2.464s] INFO:colcon.colcon_notification.desktop_notification:Sending desktop notification using 'notify2'
[2.478s] DEBUG:colcon.colcon_core.event_reactor:joined thread
[2.480s] INFO:colcon.colcon_core.shell:Creating prefix script '/home/leo/Documents/GitHub/mando_2023/ws_mando/install/local_setup.ps1'
[2.481s] INFO:colcon.colcon_core.shell:Creating prefix util module '/home/leo/Documents/GitHub/mando_2023/ws_mando/install/_local_setup_util_ps1.py'
[2.483s] INFO:colcon.colcon_core.shell:Creating prefix chain script '/home/leo/Documents/GitHub/mando_2023/ws_mando/install/setup.ps1'
[2.485s] INFO:colcon.colcon_core.shell:Creating prefix script '/home/leo/Documents/GitHub/mando_2023/ws_mando/install/local_setup.sh'
[2.485s] INFO:colcon.colcon_core.shell:Creating prefix util module '/home/leo/Documents/GitHub/mando_2023/ws_mando/install/_local_setup_util_sh.py'
[2.486s] INFO:colcon.colcon_core.shell:Creating prefix chain script '/home/leo/Documents/GitHub/mando_2023/ws_mando/install/setup.sh'
[2.487s] INFO:colcon.colcon_core.shell:Creating prefix script '/home/leo/Documents/GitHub/mando_2023/ws_mando/install/local_setup.bash'
[2.487s] INFO:colcon.colcon_core.shell:Creating prefix chain script '/home/leo/Documents/GitHub/mando_2023/ws_mando/install/setup.bash'
[2.488s] INFO:colcon.colcon_core.shell:Creating prefix script '/home/leo/Documents/GitHub/mando_2023/ws_mando/install/local_setup.zsh'
[2.489s] INFO:colcon.colcon_core.shell:Creating prefix chain script '/home/leo/Documents/GitHub/mando_2023/ws_mando/install/setup.zsh'
