[0.606s] Invoking command in '/home/leo/Documents/GitHub/mando_2023/ws_mando/build/yolov5_ros': AMENT_PREFIX_PATH=/home/leo/Documents/GitHub/mando_2023/ws_mando/install/bboxes_ex_msgs CMAKE_PREFIX_PATH=/home/leo/Documents/GitHub/mando_2023/ws_mando/install/bboxes_ex_msgs LD_LIBRARY_PATH=/home/leo/Documents/GitHub/mando_2023/ws_mando/install/bboxes_ex_msgs/lib PYTHONPATH=/home/leo/Documents/GitHub/mando_2023/ws_mando/build/yolov5_ros/prefix_override:/home/leo/Documents/GitHub/mando_2023/ws_mando/install/yolov5_ros/lib/python3.8/site-packages:/home/leo/Documents/GitHub/mando_2023/ws_mando/install/bboxes_ex_msgs/lib/python3.8/site-packages /usr/bin/python3 setup.py develop --editable --build-directory /home/leo/Documents/GitHub/mando_2023/ws_mando/build/yolov5_ros/build --no-deps install_data
[0.707s] /home/leo/.local/lib/python3.8/site-packages/setuptools/dist.py:745: SetuptoolsDeprecationWarning: Invalid dash-separated options
[0.707s] !!
[0.707s] 
[0.707s]         ********************************************************************************
[0.707s]         Usage of dash-separated 'script-dir' will not be supported in future
[0.707s]         versions. Please use the underscore name 'script_dir' instead.
[0.707s] 
[0.707s]         By 2023-Sep-26, you need to update your project and remove deprecated calls
[0.707s]         or your builds will no longer be supported.
[0.707s] 
[0.707s]         See https://setuptools.pypa.io/en/latest/userguide/declarative_config.html for details.
[0.707s]         ********************************************************************************
[0.707s] 
[0.707s] !!
[0.707s]   opt = self.warn_dash_deprecation(opt, section)
[0.838s] running develop
[0.838s] /home/leo/.local/lib/python3.8/site-packages/setuptools/command/develop.py:40: EasyInstallDeprecationWarning: easy_install command is deprecated.
[0.838s] !!
[0.838s] 
[0.838s]         ********************************************************************************
[0.839s]         Please avoid running ``setup.py`` and ``easy_install``.
[0.839s]         Instead, use pypa/build, pypa/installer or other
[0.839s]         standards-based tools.
[0.839s] 
[0.839s]         See https://github.com/pypa/setuptools/issues/917 for details.
[0.839s]         ********************************************************************************
[0.839s] 
[0.839s] !!
[0.839s]   easy_install.initialize_options(self)
[0.859s] /home/leo/.local/lib/python3.8/site-packages/setuptools/_distutils/cmd.py:66: SetuptoolsDeprecationWarning: setup.py install is deprecated.
[0.859s] !!
[0.859s] 
[0.859s]         ********************************************************************************
[0.859s]         Please avoid running ``setup.py`` directly.
[0.859s]         Instead, use pypa/build, pypa/installer or other
[0.859s]         standards-based tools.
[0.859s] 
[0.859s]         See https://blog.ganssle.io/articles/2021/10/setup-py-deprecated.html for details.
[0.859s]         ********************************************************************************
[0.859s] 
[0.859s] !!
[0.859s]   self.initialize_options()
[0.980s] running egg_info
[0.990s] writing yolov5_ros.egg-info/PKG-INFO
[0.990s] writing dependency_links to yolov5_ros.egg-info/dependency_links.txt
[0.995s] writing entry points to yolov5_ros.egg-info/entry_points.txt
[0.996s] writing requirements to yolov5_ros.egg-info/requires.txt
[0.996s] writing top-level names to yolov5_ros.egg-info/top_level.txt
[1.018s] reading manifest file 'yolov5_ros.egg-info/SOURCES.txt'
[1.019s] writing manifest file 'yolov5_ros.egg-info/SOURCES.txt'
[1.060s] running build_ext
[1.060s] Creating /home/leo/Documents/GitHub/mando_2023/ws_mando/install/yolov5_ros/lib/python3.8/site-packages/yolov5-ros.egg-link (link to .)
[1.061s] Installing yolov5_ros script to /home/leo/Documents/GitHub/mando_2023/ws_mando/install/yolov5_ros/lib/yolov5_ros
[1.061s] 
[1.061s] Installed /home/leo/Documents/GitHub/mando_2023/ws_mando/build/yolov5_ros
[1.061s] running install_data
[1.084s] Invoked command in '/home/leo/Documents/GitHub/mando_2023/ws_mando/build/yolov5_ros' returned '0': AMENT_PREFIX_PATH=/home/leo/Documents/GitHub/mando_2023/ws_mando/install/bboxes_ex_msgs CMAKE_PREFIX_PATH=/home/leo/Documents/GitHub/mando_2023/ws_mando/install/bboxes_ex_msgs LD_LIBRARY_PATH=/home/leo/Documents/GitHub/mando_2023/ws_mando/install/bboxes_ex_msgs/lib PYTHONPATH=/home/leo/Documents/GitHub/mando_2023/ws_mando/build/yolov5_ros/prefix_override:/home/leo/Documents/GitHub/mando_2023/ws_mando/install/yolov5_ros/lib/python3.8/site-packages:/home/leo/Documents/GitHub/mando_2023/ws_mando/install/bboxes_ex_msgs/lib/python3.8/site-packages /usr/bin/python3 setup.py develop --editable --build-directory /home/leo/Documents/GitHub/mando_2023/ws_mando/build/yolov5_ros/build --no-deps install_data
