[0.213s] DEBUG:colcon:Command line arguments: ['/usr/bin/colcon', 'build', '--symlink-install']
[0.213s] DEBUG:colcon:Parsed command line arguments: Namespace(allow_overriding=[], ament_cmake_args=None, base_paths=['.'], build_base='build', catkin_cmake_args=None, catkin_skip_building_tests=False, cmake_args=None, cmake_clean_cache=False, cmake_clean_first=False, cmake_force_configure=False, cmake_target=None, cmake_target_skip_unavailable=False, continue_on_error=False, event_handlers=None, executor='parallel', ignore_user_meta=False, install_base='install', log_base=None, log_level=None, main=<bound method BuildVerb.main of <colcon_core.verb.build.BuildVerb object at 0x7f67fcebe190>>, merge_install=False, metas=['./colcon.meta'], packages_above=None, packages_above_and_dependencies=None, packages_above_depth=None, packages_end=None, packages_ignore=None, packages_ignore_regex=None, packages_select=None, packages_select_build_failed=False, packages_select_by_dep=None, packages_select_regex=None, packages_select_test_failures=False, packages_skip=None, packages_skip_build_finished=False, packages_skip_by_dep=None, packages_skip_regex=None, packages_skip_test_passed=False, packages_skip_up_to=None, packages_start=None, packages_up_to=None, packages_up_to_regex=None, parallel_workers=12, paths=None, symlink_install=True, test_result_base=None, verb_extension=<colcon_core.verb.build.BuildVerb object at 0x7f67fcebe190>, verb_name='build', verb_parser=<colcon_defaults.argument_parser.defaults.DefaultArgumentsDecorator object at 0x7f67fce04130>)
[0.245s] Level 1:colcon.colcon_core.package_discovery:discover_packages(colcon_meta) check parameters
[0.245s] Level 1:colcon.colcon_core.package_discovery:discover_packages(recursive) check parameters
[0.245s] Level 1:colcon.colcon_core.package_discovery:discover_packages(ignore) check parameters
[0.245s] Level 1:colcon.colcon_core.package_discovery:discover_packages(path) check parameters
[0.245s] Level 1:colcon.colcon_core.package_discovery:discover_packages(colcon_meta) discover
[0.245s] Level 1:colcon.colcon_core.package_discovery:discover_packages(recursive) discover
[0.245s] INFO:colcon.colcon_core.package_discovery:Crawling recursively for packages in '/home/leo/Documents/GitHub/mando_2023/ws_mando'
[0.245s] Level 1:colcon.colcon_core.package_identification:_identify(.) by extensions ['ignore', 'ignore_ament_install']
[0.246s] Level 1:colcon.colcon_core.package_identification:_identify(.) by extension 'ignore'
[0.246s] Level 1:colcon.colcon_core.package_identification:_identify(.) by extension 'ignore_ament_install'
[0.246s] Level 1:colcon.colcon_core.package_identification:_identify(.) by extensions ['colcon_pkg']
[0.246s] Level 1:colcon.colcon_core.package_identification:_identify(.) by extension 'colcon_pkg'
[0.246s] Level 1:colcon.colcon_core.package_identification:_identify(.) by extensions ['colcon_meta']
[0.246s] Level 1:colcon.colcon_core.package_identification:_identify(.) by extension 'colcon_meta'
[0.246s] Level 1:colcon.colcon_core.package_identification:_identify(.) by extensions ['ros']
[0.246s] Level 1:colcon.colcon_core.package_identification:_identify(.) by extension 'ros'
[0.257s] Level 1:colcon.colcon_core.package_identification:_identify(.) by extensions ['cmake', 'python']
[0.257s] Level 1:colcon.colcon_core.package_identification:_identify(.) by extension 'cmake'
[0.257s] Level 1:colcon.colcon_core.package_identification:_identify(.) by extension 'python'
[0.257s] Level 1:colcon.colcon_core.package_identification:_identify(.) by extensions ['python_setup_py']
[0.257s] Level 1:colcon.colcon_core.package_identification:_identify(.) by extension 'python_setup_py'
[0.257s] Level 1:colcon.colcon_core.package_identification:_identify(YOLOv5-ROS) by extensions ['ignore', 'ignore_ament_install']
[0.257s] Level 1:colcon.colcon_core.package_identification:_identify(YOLOv5-ROS) by extension 'ignore'
[0.257s] Level 1:colcon.colcon_core.package_identification:_identify(YOLOv5-ROS) by extension 'ignore_ament_install'
[0.257s] Level 1:colcon.colcon_core.package_identification:_identify(YOLOv5-ROS) by extensions ['colcon_pkg']
[0.257s] Level 1:colcon.colcon_core.package_identification:_identify(YOLOv5-ROS) by extension 'colcon_pkg'
[0.257s] Level 1:colcon.colcon_core.package_identification:_identify(YOLOv5-ROS) by extensions ['colcon_meta']
[0.257s] Level 1:colcon.colcon_core.package_identification:_identify(YOLOv5-ROS) by extension 'colcon_meta'
[0.257s] Level 1:colcon.colcon_core.package_identification:_identify(YOLOv5-ROS) by extensions ['ros']
[0.257s] Level 1:colcon.colcon_core.package_identification:_identify(YOLOv5-ROS) by extension 'ros'
[0.257s] Level 1:colcon.colcon_core.package_identification:_identify(YOLOv5-ROS) by extensions ['cmake', 'python']
[0.257s] Level 1:colcon.colcon_core.package_identification:_identify(YOLOv5-ROS) by extension 'cmake'
[0.257s] Level 1:colcon.colcon_core.package_identification:_identify(YOLOv5-ROS) by extension 'python'
[0.257s] Level 1:colcon.colcon_core.package_identification:_identify(YOLOv5-ROS) by extensions ['python_setup_py']
[0.257s] Level 1:colcon.colcon_core.package_identification:_identify(YOLOv5-ROS) by extension 'python_setup_py'
[0.258s] Level 1:colcon.colcon_core.package_identification:_identify(YOLOv5-ROS/yolov5_ros) by extensions ['ignore', 'ignore_ament_install']
[0.258s] Level 1:colcon.colcon_core.package_identification:_identify(YOLOv5-ROS/yolov5_ros) by extension 'ignore'
[0.258s] Level 1:colcon.colcon_core.package_identification:_identify(YOLOv5-ROS/yolov5_ros) by extension 'ignore_ament_install'
[0.258s] Level 1:colcon.colcon_core.package_identification:_identify(YOLOv5-ROS/yolov5_ros) by extensions ['colcon_pkg']
[0.258s] Level 1:colcon.colcon_core.package_identification:_identify(YOLOv5-ROS/yolov5_ros) by extension 'colcon_pkg'
[0.258s] Level 1:colcon.colcon_core.package_identification:_identify(YOLOv5-ROS/yolov5_ros) by extensions ['colcon_meta']
[0.258s] Level 1:colcon.colcon_core.package_identification:_identify(YOLOv5-ROS/yolov5_ros) by extension 'colcon_meta'
[0.258s] Level 1:colcon.colcon_core.package_identification:_identify(YOLOv5-ROS/yolov5_ros) by extensions ['ros']
[0.258s] Level 1:colcon.colcon_core.package_identification:_identify(YOLOv5-ROS/yolov5_ros) by extension 'ros'
[0.260s] DEBUG:colcon.colcon_core.package_identification:Package 'YOLOv5-ROS/yolov5_ros' with type 'ros.ament_python' and name 'yolov5_ros'
[0.260s] Level 1:colcon.colcon_core.package_identification:_identify(bbox_ex_msgs) by extensions ['ignore', 'ignore_ament_install']
[0.260s] Level 1:colcon.colcon_core.package_identification:_identify(bbox_ex_msgs) by extension 'ignore'
[0.260s] Level 1:colcon.colcon_core.package_identification:_identify(bbox_ex_msgs) by extension 'ignore_ament_install'
[0.260s] Level 1:colcon.colcon_core.package_identification:_identify(bbox_ex_msgs) by extensions ['colcon_pkg']
[0.260s] Level 1:colcon.colcon_core.package_identification:_identify(bbox_ex_msgs) by extension 'colcon_pkg'
[0.260s] Level 1:colcon.colcon_core.package_identification:_identify(bbox_ex_msgs) by extensions ['colcon_meta']
[0.260s] Level 1:colcon.colcon_core.package_identification:_identify(bbox_ex_msgs) by extension 'colcon_meta'
[0.260s] Level 1:colcon.colcon_core.package_identification:_identify(bbox_ex_msgs) by extensions ['ros']
[0.260s] Level 1:colcon.colcon_core.package_identification:_identify(bbox_ex_msgs) by extension 'ros'
[0.261s] DEBUG:colcon.colcon_core.package_identification:Package 'bbox_ex_msgs' with type 'ros.ament_cmake' and name 'bboxes_ex_msgs'
[0.261s] Level 1:colcon.colcon_core.package_identification:_identify(build) by extensions ['ignore', 'ignore_ament_install']
[0.261s] Level 1:colcon.colcon_core.package_identification:_identify(build) by extension 'ignore'
[0.261s] Level 1:colcon.colcon_core.package_identification:_identify(build) ignored
[0.261s] Level 1:colcon.colcon_core.package_identification:_identify(install) by extensions ['ignore', 'ignore_ament_install']
[0.261s] Level 1:colcon.colcon_core.package_identification:_identify(install) by extension 'ignore'
[0.261s] Level 1:colcon.colcon_core.package_identification:_identify(install) ignored
[0.261s] Level 1:colcon.colcon_core.package_identification:_identify(log) by extensions ['ignore', 'ignore_ament_install']
[0.261s] Level 1:colcon.colcon_core.package_identification:_identify(log) by extension 'ignore'
[0.262s] Level 1:colcon.colcon_core.package_identification:_identify(log) ignored
[0.262s] Level 1:colcon.colcon_core.package_discovery:discover_packages(recursive) using defaults
[0.262s] Level 1:colcon.colcon_core.package_discovery:discover_packages(ignore) discover
[0.262s] Level 1:colcon.colcon_core.package_discovery:discover_packages(ignore) using defaults
[0.262s] Level 1:colcon.colcon_core.package_discovery:discover_packages(path) discover
[0.262s] Level 1:colcon.colcon_core.package_discovery:discover_packages(path) using defaults
[0.279s] Level 1:colcon.colcon_core.package_discovery:discover_packages(prefix_path) check parameters
[0.279s] Level 1:colcon.colcon_core.package_discovery:discover_packages(prefix_path) discover
[0.280s] Level 1:colcon.colcon_core.package_discovery:discover_packages(prefix_path) using defaults
[0.282s] Level 5:colcon.colcon_core.verb:set package 'bboxes_ex_msgs' build argument 'cmake_args' from command line to 'None'
[0.282s] Level 5:colcon.colcon_core.verb:set package 'bboxes_ex_msgs' build argument 'cmake_target' from command line to 'None'
[0.282s] Level 5:colcon.colcon_core.verb:set package 'bboxes_ex_msgs' build argument 'cmake_target_skip_unavailable' from command line to 'False'
[0.282s] Level 5:colcon.colcon_core.verb:set package 'bboxes_ex_msgs' build argument 'cmake_clean_cache' from command line to 'False'
[0.282s] Level 5:colcon.colcon_core.verb:set package 'bboxes_ex_msgs' build argument 'cmake_clean_first' from command line to 'False'
[0.282s] Level 5:colcon.colcon_core.verb:set package 'bboxes_ex_msgs' build argument 'cmake_force_configure' from command line to 'False'
[0.282s] Level 5:colcon.colcon_core.verb:set package 'bboxes_ex_msgs' build argument 'ament_cmake_args' from command line to 'None'
[0.282s] Level 5:colcon.colcon_core.verb:set package 'bboxes_ex_msgs' build argument 'catkin_cmake_args' from command line to 'None'
[0.282s] Level 5:colcon.colcon_core.verb:set package 'bboxes_ex_msgs' build argument 'catkin_skip_building_tests' from command line to 'False'
[0.282s] DEBUG:colcon.colcon_core.verb:Building package 'bboxes_ex_msgs' with the following arguments: {'ament_cmake_args': None, 'build_base': '/home/leo/Documents/GitHub/mando_2023/ws_mando/build/bboxes_ex_msgs', 'catkin_cmake_args': None, 'catkin_skip_building_tests': False, 'cmake_args': None, 'cmake_clean_cache': False, 'cmake_clean_first': False, 'cmake_force_configure': False, 'cmake_target': None, 'cmake_target_skip_unavailable': False, 'install_base': '/home/leo/Documents/GitHub/mando_2023/ws_mando/install/bboxes_ex_msgs', 'merge_install': False, 'path': '/home/leo/Documents/GitHub/mando_2023/ws_mando/bbox_ex_msgs', 'symlink_install': True, 'test_result_base': None}
[0.283s] Level 5:colcon.colcon_core.verb:set package 'yolov5_ros' build argument 'cmake_args' from command line to 'None'
[0.283s] Level 5:colcon.colcon_core.verb:set package 'yolov5_ros' build argument 'cmake_target' from command line to 'None'
[0.283s] Level 5:colcon.colcon_core.verb:set package 'yolov5_ros' build argument 'cmake_target_skip_unavailable' from command line to 'False'
[0.283s] Level 5:colcon.colcon_core.verb:set package 'yolov5_ros' build argument 'cmake_clean_cache' from command line to 'False'
[0.283s] Level 5:colcon.colcon_core.verb:set package 'yolov5_ros' build argument 'cmake_clean_first' from command line to 'False'
[0.283s] Level 5:colcon.colcon_core.verb:set package 'yolov5_ros' build argument 'cmake_force_configure' from command line to 'False'
[0.283s] Level 5:colcon.colcon_core.verb:set package 'yolov5_ros' build argument 'ament_cmake_args' from command line to 'None'
[0.283s] Level 5:colcon.colcon_core.verb:set package 'yolov5_ros' build argument 'catkin_cmake_args' from command line to 'None'
[0.283s] Level 5:colcon.colcon_core.verb:set package 'yolov5_ros' build argument 'catkin_skip_building_tests' from command line to 'False'
[0.283s] DEBUG:colcon.colcon_core.verb:Building package 'yolov5_ros' with the following arguments: {'ament_cmake_args': None, 'build_base': '/home/leo/Documents/GitHub/mando_2023/ws_mando/build/yolov5_ros', 'catkin_cmake_args': None, 'catkin_skip_building_tests': False, 'cmake_args': None, 'cmake_clean_cache': False, 'cmake_clean_first': False, 'cmake_force_configure': False, 'cmake_target': None, 'cmake_target_skip_unavailable': False, 'install_base': '/home/leo/Documents/GitHub/mando_2023/ws_mando/install/yolov5_ros', 'merge_install': False, 'path': '/home/leo/Documents/GitHub/mando_2023/ws_mando/YOLOv5-ROS/yolov5_ros', 'symlink_install': True, 'test_result_base': None}
[0.283s] INFO:colcon.colcon_core.executor:Executing jobs using 'parallel' executor
[0.287s] DEBUG:colcon.colcon_parallel_executor.executor.parallel:run_until_complete
[0.287s] INFO:colcon.colcon_ros.task.ament_cmake.build:Building ROS package in '/home/leo/Documents/GitHub/mando_2023/ws_mando/bbox_ex_msgs' with build type 'ament_cmake'
[0.287s] INFO:colcon.colcon_cmake.task.cmake.build:Building CMake package in '/home/leo/Documents/GitHub/mando_2023/ws_mando/bbox_ex_msgs'
[0.290s] INFO:colcon.colcon_core.plugin_system:Skipping extension 'colcon_core.shell.bat': Not used on non-Windows systems
[0.290s] INFO:colcon.colcon_core.shell:Skip shell extension 'powershell' for command environment: Not usable outside of PowerShell
[0.291s] DEBUG:colcon.colcon_core.shell:Skip shell extension 'dsv' for command environment
[0.301s] DEBUG:colcon.colcon_core.event_handler.log_command:Invoking command in '/home/leo/Documents/GitHub/mando_2023/ws_mando/build/bboxes_ex_msgs': /home/leo/.local/bin/cmake --build /home/leo/Documents/GitHub/mando_2023/ws_mando/build/bboxes_ex_msgs -- -j12 -l12
[0.410s] DEBUG:colcon.colcon_core.event_handler.log_command:Invoked command in '/home/leo/Documents/GitHub/mando_2023/ws_mando/build/bboxes_ex_msgs' returned '0': /home/leo/.local/bin/cmake --build /home/leo/Documents/GitHub/mando_2023/ws_mando/build/bboxes_ex_msgs -- -j12 -l12
[0.506s] DEBUG:colcon.colcon_core.event_handler.log_command:Invoking command in '/home/leo/Documents/GitHub/mando_2023/ws_mando/build/bboxes_ex_msgs': /home/leo/.local/bin/cmake --install /home/leo/Documents/GitHub/mando_2023/ws_mando/build/bboxes_ex_msgs
[0.583s] Level 1:colcon.colcon_core.environment:create_environment_scripts_only(bboxes_ex_msgs)
[0.585s] DEBUG:colcon.colcon_core.event_handler.log_command:Invoked command in '/home/leo/Documents/GitHub/mando_2023/ws_mando/build/bboxes_ex_msgs' returned '0': /home/leo/.local/bin/cmake --install /home/leo/Documents/GitHub/mando_2023/ws_mando/build/bboxes_ex_msgs
[0.590s] Level 1:colcon.colcon_core.environment:checking '/home/leo/Documents/GitHub/mando_2023/ws_mando/install/bboxes_ex_msgs' for CMake module files
[0.591s] Level 1:colcon.colcon_core.environment:checking '/home/leo/Documents/GitHub/mando_2023/ws_mando/install/bboxes_ex_msgs' for CMake config files
[0.591s] Level 1:colcon.colcon_core.shell:create_environment_hook('bboxes_ex_msgs', 'cmake_prefix_path')
[0.593s] INFO:colcon.colcon_core.shell:Creating environment hook '/home/leo/Documents/GitHub/mando_2023/ws_mando/install/bboxes_ex_msgs/share/bboxes_ex_msgs/hook/cmake_prefix_path.ps1'
[0.593s] INFO:colcon.colcon_core.shell:Creating environment descriptor '/home/leo/Documents/GitHub/mando_2023/ws_mando/install/bboxes_ex_msgs/share/bboxes_ex_msgs/hook/cmake_prefix_path.dsv'
[0.594s] INFO:colcon.colcon_core.shell:Creating environment hook '/home/leo/Documents/GitHub/mando_2023/ws_mando/install/bboxes_ex_msgs/share/bboxes_ex_msgs/hook/cmake_prefix_path.sh'
[0.595s] Level 1:colcon.colcon_core.environment:checking '/home/leo/Documents/GitHub/mando_2023/ws_mando/install/bboxes_ex_msgs/lib'
[0.595s] Level 1:colcon.colcon_core.shell:create_environment_hook('bboxes_ex_msgs', 'ld_library_path_lib')
[0.596s] INFO:colcon.colcon_core.shell:Creating environment hook '/home/leo/Documents/GitHub/mando_2023/ws_mando/install/bboxes_ex_msgs/share/bboxes_ex_msgs/hook/ld_library_path_lib.ps1'
[0.596s] INFO:colcon.colcon_core.shell:Creating environment descriptor '/home/leo/Documents/GitHub/mando_2023/ws_mando/install/bboxes_ex_msgs/share/bboxes_ex_msgs/hook/ld_library_path_lib.dsv'
[0.597s] INFO:colcon.colcon_core.shell:Creating environment hook '/home/leo/Documents/GitHub/mando_2023/ws_mando/install/bboxes_ex_msgs/share/bboxes_ex_msgs/hook/ld_library_path_lib.sh'
[0.597s] Level 1:colcon.colcon_core.environment:checking '/home/leo/Documents/GitHub/mando_2023/ws_mando/install/bboxes_ex_msgs/bin'
[0.597s] Level 1:colcon.colcon_core.environment:checking '/home/leo/Documents/GitHub/mando_2023/ws_mando/install/bboxes_ex_msgs/lib/pkgconfig/bboxes_ex_msgs.pc'
[0.599s] Level 1:colcon.colcon_core.environment:checking '/home/leo/Documents/GitHub/mando_2023/ws_mando/install/bboxes_ex_msgs/lib/python3.8/site-packages'
[0.599s] Level 1:colcon.colcon_core.shell:create_environment_hook('bboxes_ex_msgs', 'pythonpath')
[0.600s] INFO:colcon.colcon_core.shell:Creating environment hook '/home/leo/Documents/GitHub/mando_2023/ws_mando/install/bboxes_ex_msgs/share/bboxes_ex_msgs/hook/pythonpath.ps1'
[0.600s] INFO:colcon.colcon_core.shell:Creating environment descriptor '/home/leo/Documents/GitHub/mando_2023/ws_mando/install/bboxes_ex_msgs/share/bboxes_ex_msgs/hook/pythonpath.dsv'
[0.601s] INFO:colcon.colcon_core.shell:Creating environment hook '/home/leo/Documents/GitHub/mando_2023/ws_mando/install/bboxes_ex_msgs/share/bboxes_ex_msgs/hook/pythonpath.sh'
[0.601s] Level 1:colcon.colcon_core.environment:checking '/home/leo/Documents/GitHub/mando_2023/ws_mando/install/bboxes_ex_msgs/bin'
[0.602s] INFO:colcon.colcon_core.shell:Creating package script '/home/leo/Documents/GitHub/mando_2023/ws_mando/install/bboxes_ex_msgs/share/bboxes_ex_msgs/package.ps1'
[0.603s] INFO:colcon.colcon_core.shell:Creating package descriptor '/home/leo/Documents/GitHub/mando_2023/ws_mando/install/bboxes_ex_msgs/share/bboxes_ex_msgs/package.dsv'
[0.604s] INFO:colcon.colcon_core.shell:Creating package script '/home/leo/Documents/GitHub/mando_2023/ws_mando/install/bboxes_ex_msgs/share/bboxes_ex_msgs/package.sh'
[0.604s] INFO:colcon.colcon_core.shell:Creating package script '/home/leo/Documents/GitHub/mando_2023/ws_mando/install/bboxes_ex_msgs/share/bboxes_ex_msgs/package.bash'
[0.605s] INFO:colcon.colcon_core.shell:Creating package script '/home/leo/Documents/GitHub/mando_2023/ws_mando/install/bboxes_ex_msgs/share/bboxes_ex_msgs/package.zsh'
[0.606s] Level 1:colcon.colcon_core.environment:create_file_with_runtime_dependencies(/home/leo/Documents/GitHub/mando_2023/ws_mando/install/bboxes_ex_msgs/share/colcon-core/packages/bboxes_ex_msgs)
[0.671s] Level 1:colcon.colcon_core.environment:create_environment_scripts_only(bboxes_ex_msgs)
[0.674s] Level 1:colcon.colcon_core.environment:checking '/home/leo/Documents/GitHub/mando_2023/ws_mando/install/bboxes_ex_msgs' for CMake module files
[0.674s] Level 1:colcon.colcon_core.environment:checking '/home/leo/Documents/GitHub/mando_2023/ws_mando/install/bboxes_ex_msgs' for CMake config files
[0.675s] Level 1:colcon.colcon_core.shell:create_environment_hook('bboxes_ex_msgs', 'cmake_prefix_path')
[0.677s] INFO:colcon.colcon_core.shell:Creating environment hook '/home/leo/Documents/GitHub/mando_2023/ws_mando/install/bboxes_ex_msgs/share/bboxes_ex_msgs/hook/cmake_prefix_path.ps1'
[0.677s] INFO:colcon.colcon_core.shell:Creating environment descriptor '/home/leo/Documents/GitHub/mando_2023/ws_mando/install/bboxes_ex_msgs/share/bboxes_ex_msgs/hook/cmake_prefix_path.dsv'
[0.677s] INFO:colcon.colcon_core.shell:Creating environment hook '/home/leo/Documents/GitHub/mando_2023/ws_mando/install/bboxes_ex_msgs/share/bboxes_ex_msgs/hook/cmake_prefix_path.sh'
[0.678s] Level 1:colcon.colcon_core.environment:checking '/home/leo/Documents/GitHub/mando_2023/ws_mando/install/bboxes_ex_msgs/lib'
[0.678s] Level 1:colcon.colcon_core.shell:create_environment_hook('bboxes_ex_msgs', 'ld_library_path_lib')
[0.679s] INFO:colcon.colcon_core.shell:Creating environment hook '/home/leo/Documents/GitHub/mando_2023/ws_mando/install/bboxes_ex_msgs/share/bboxes_ex_msgs/hook/ld_library_path_lib.ps1'
[0.680s] INFO:colcon.colcon_core.shell:Creating environment descriptor '/home/leo/Documents/GitHub/mando_2023/ws_mando/install/bboxes_ex_msgs/share/bboxes_ex_msgs/hook/ld_library_path_lib.dsv'
[0.680s] INFO:colcon.colcon_core.shell:Creating environment hook '/home/leo/Documents/GitHub/mando_2023/ws_mando/install/bboxes_ex_msgs/share/bboxes_ex_msgs/hook/ld_library_path_lib.sh'
[0.680s] Level 1:colcon.colcon_core.environment:checking '/home/leo/Documents/GitHub/mando_2023/ws_mando/install/bboxes_ex_msgs/bin'
[0.680s] Level 1:colcon.colcon_core.environment:checking '/home/leo/Documents/GitHub/mando_2023/ws_mando/install/bboxes_ex_msgs/lib/pkgconfig/bboxes_ex_msgs.pc'
[0.680s] Level 1:colcon.colcon_core.environment:checking '/home/leo/Documents/GitHub/mando_2023/ws_mando/install/bboxes_ex_msgs/lib/python3.8/site-packages'
[0.680s] Level 1:colcon.colcon_core.shell:create_environment_hook('bboxes_ex_msgs', 'pythonpath')
[0.682s] INFO:colcon.colcon_core.shell:Creating environment hook '/home/leo/Documents/GitHub/mando_2023/ws_mando/install/bboxes_ex_msgs/share/bboxes_ex_msgs/hook/pythonpath.ps1'
[0.682s] INFO:colcon.colcon_core.shell:Creating environment descriptor '/home/leo/Documents/GitHub/mando_2023/ws_mando/install/bboxes_ex_msgs/share/bboxes_ex_msgs/hook/pythonpath.dsv'
[0.682s] INFO:colcon.colcon_core.shell:Creating environment hook '/home/leo/Documents/GitHub/mando_2023/ws_mando/install/bboxes_ex_msgs/share/bboxes_ex_msgs/hook/pythonpath.sh'
[0.683s] Level 1:colcon.colcon_core.environment:checking '/home/leo/Documents/GitHub/mando_2023/ws_mando/install/bboxes_ex_msgs/bin'
[0.684s] INFO:colcon.colcon_core.shell:Creating package script '/home/leo/Documents/GitHub/mando_2023/ws_mando/install/bboxes_ex_msgs/share/bboxes_ex_msgs/package.ps1'
[0.685s] INFO:colcon.colcon_core.shell:Creating package descriptor '/home/leo/Documents/GitHub/mando_2023/ws_mando/install/bboxes_ex_msgs/share/bboxes_ex_msgs/package.dsv'
[0.685s] INFO:colcon.colcon_core.shell:Creating package script '/home/leo/Documents/GitHub/mando_2023/ws_mando/install/bboxes_ex_msgs/share/bboxes_ex_msgs/package.sh'
[0.686s] INFO:colcon.colcon_core.shell:Creating package script '/home/leo/Documents/GitHub/mando_2023/ws_mando/install/bboxes_ex_msgs/share/bboxes_ex_msgs/package.bash'
[0.686s] INFO:colcon.colcon_core.shell:Creating package script '/home/leo/Documents/GitHub/mando_2023/ws_mando/install/bboxes_ex_msgs/share/bboxes_ex_msgs/package.zsh'
[0.686s] Level 1:colcon.colcon_core.environment:create_file_with_runtime_dependencies(/home/leo/Documents/GitHub/mando_2023/ws_mando/install/bboxes_ex_msgs/share/colcon-core/packages/bboxes_ex_msgs)
[0.687s] INFO:colcon.colcon_ros.task.ament_python.build:Building ROS package in '/home/leo/Documents/GitHub/mando_2023/ws_mando/YOLOv5-ROS/yolov5_ros' with build type 'ament_python'
[0.687s] Level 1:colcon.colcon_core.shell:create_environment_hook('yolov5_ros', 'ament_prefix_path')
[0.688s] INFO:colcon.colcon_core.shell:Creating environment hook '/home/leo/Documents/GitHub/mando_2023/ws_mando/install/yolov5_ros/share/yolov5_ros/hook/ament_prefix_path.ps1'
[0.689s] INFO:colcon.colcon_core.shell:Creating environment descriptor '/home/leo/Documents/GitHub/mando_2023/ws_mando/install/yolov5_ros/share/yolov5_ros/hook/ament_prefix_path.dsv'
[0.689s] INFO:colcon.colcon_core.shell:Creating environment hook '/home/leo/Documents/GitHub/mando_2023/ws_mando/install/yolov5_ros/share/yolov5_ros/hook/ament_prefix_path.sh'
[0.691s] INFO:colcon.colcon_core.shell:Skip shell extension 'powershell' for command environment: Not usable outside of PowerShell
[0.691s] DEBUG:colcon.colcon_core.shell:Skip shell extension 'dsv' for command environment
[0.857s] INFO:colcon.colcon_core.task.python.build:Building Python package in '/home/leo/Documents/GitHub/mando_2023/ws_mando/YOLOv5-ROS/yolov5_ros'
[0.859s] INFO:colcon.colcon_core.shell:Skip shell extension 'powershell' for command environment: Not usable outside of PowerShell
[0.859s] DEBUG:colcon.colcon_core.shell:Skip shell extension 'dsv' for command environment
[1.295s] DEBUG:colcon.colcon_core.event_handler.log_command:Invoking command in '/home/leo/Documents/GitHub/mando_2023/ws_mando/build/yolov5_ros': AMENT_PREFIX_PATH=/home/leo/Documents/GitHub/mando_2023/ws_mando/install/bboxes_ex_msgs CMAKE_PREFIX_PATH=/home/leo/Documents/GitHub/mando_2023/ws_mando/install/bboxes_ex_msgs LD_LIBRARY_PATH=/home/leo/Documents/GitHub/mando_2023/ws_mando/install/bboxes_ex_msgs/lib PYTHONPATH=/home/leo/Documents/GitHub/mando_2023/ws_mando/build/yolov5_ros/prefix_override:/home/leo/Documents/GitHub/mando_2023/ws_mando/install/yolov5_ros/lib/python3.8/site-packages:/home/leo/Documents/GitHub/mando_2023/ws_mando/install/bboxes_ex_msgs/lib/python3.8/site-packages /usr/bin/python3 setup.py develop --editable --build-directory /home/leo/Documents/GitHub/mando_2023/ws_mando/build/yolov5_ros/build --no-deps install_data
[1.771s] Level 1:colcon.colcon_core.shell:create_environment_hook('yolov5_ros', 'pythonpath_develop')
[1.773s] INFO:colcon.colcon_core.shell:Creating environment hook '/home/leo/Documents/GitHub/mando_2023/ws_mando/build/yolov5_ros/share/yolov5_ros/hook/pythonpath_develop.ps1'
[1.773s] DEBUG:colcon.colcon_core.event_handler.log_command:Invoked command in '/home/leo/Documents/GitHub/mando_2023/ws_mando/build/yolov5_ros' returned '0': AMENT_PREFIX_PATH=/home/leo/Documents/GitHub/mando_2023/ws_mando/install/bboxes_ex_msgs CMAKE_PREFIX_PATH=/home/leo/Documents/GitHub/mando_2023/ws_mando/install/bboxes_ex_msgs LD_LIBRARY_PATH=/home/leo/Documents/GitHub/mando_2023/ws_mando/install/bboxes_ex_msgs/lib PYTHONPATH=/home/leo/Documents/GitHub/mando_2023/ws_mando/build/yolov5_ros/prefix_override:/home/leo/Documents/GitHub/mando_2023/ws_mando/install/yolov5_ros/lib/python3.8/site-packages:/home/leo/Documents/GitHub/mando_2023/ws_mando/install/bboxes_ex_msgs/lib/python3.8/site-packages /usr/bin/python3 setup.py develop --editable --build-directory /home/leo/Documents/GitHub/mando_2023/ws_mando/build/yolov5_ros/build --no-deps install_data
[1.774s] INFO:colcon.colcon_core.shell:Creating environment descriptor '/home/leo/Documents/GitHub/mando_2023/ws_mando/build/yolov5_ros/share/yolov5_ros/hook/pythonpath_develop.dsv'
[1.774s] INFO:colcon.colcon_core.shell:Creating environment hook '/home/leo/Documents/GitHub/mando_2023/ws_mando/build/yolov5_ros/share/yolov5_ros/hook/pythonpath_develop.sh'
[1.776s] Level 1:colcon.colcon_core.environment:checking '/home/leo/Documents/GitHub/mando_2023/ws_mando/install/yolov5_ros' for CMake module files
[1.777s] Level 1:colcon.colcon_core.environment:checking '/home/leo/Documents/GitHub/mando_2023/ws_mando/install/yolov5_ros' for CMake config files
[1.777s] Level 1:colcon.colcon_core.environment:checking '/home/leo/Documents/GitHub/mando_2023/ws_mando/install/yolov5_ros/lib'
[1.777s] Level 1:colcon.colcon_core.environment:checking '/home/leo/Documents/GitHub/mando_2023/ws_mando/install/yolov5_ros/bin'
[1.777s] Level 1:colcon.colcon_core.environment:checking '/home/leo/Documents/GitHub/mando_2023/ws_mando/install/yolov5_ros/lib/pkgconfig/yolov5_ros.pc'
[1.778s] Level 1:colcon.colcon_core.environment:checking '/home/leo/Documents/GitHub/mando_2023/ws_mando/install/yolov5_ros/lib/python3.8/site-packages'
[1.778s] Level 1:colcon.colcon_core.shell:create_environment_hook('yolov5_ros', 'pythonpath')
[1.779s] INFO:colcon.colcon_core.shell:Creating environment hook '/home/leo/Documents/GitHub/mando_2023/ws_mando/install/yolov5_ros/share/yolov5_ros/hook/pythonpath.ps1'
[1.779s] INFO:colcon.colcon_core.shell:Creating environment descriptor '/home/leo/Documents/GitHub/mando_2023/ws_mando/install/yolov5_ros/share/yolov5_ros/hook/pythonpath.dsv'
[1.779s] INFO:colcon.colcon_core.shell:Creating environment hook '/home/leo/Documents/GitHub/mando_2023/ws_mando/install/yolov5_ros/share/yolov5_ros/hook/pythonpath.sh'
[1.780s] Level 1:colcon.colcon_core.environment:checking '/home/leo/Documents/GitHub/mando_2023/ws_mando/install/yolov5_ros/bin'
[1.780s] Level 1:colcon.colcon_core.environment:create_environment_scripts_only(yolov5_ros)
[1.781s] INFO:colcon.colcon_core.shell:Creating package script '/home/leo/Documents/GitHub/mando_2023/ws_mando/install/yolov5_ros/share/yolov5_ros/package.ps1'
[1.782s] INFO:colcon.colcon_core.shell:Creating package descriptor '/home/leo/Documents/GitHub/mando_2023/ws_mando/install/yolov5_ros/share/yolov5_ros/package.dsv'
[1.782s] INFO:colcon.colcon_core.shell:Creating package script '/home/leo/Documents/GitHub/mando_2023/ws_mando/install/yolov5_ros/share/yolov5_ros/package.sh'
[1.783s] INFO:colcon.colcon_core.shell:Creating package script '/home/leo/Documents/GitHub/mando_2023/ws_mando/install/yolov5_ros/share/yolov5_ros/package.bash'
[1.783s] INFO:colcon.colcon_core.shell:Creating package script '/home/leo/Documents/GitHub/mando_2023/ws_mando/install/yolov5_ros/share/yolov5_ros/package.zsh'
[1.783s] Level 1:colcon.colcon_core.environment:create_file_with_runtime_dependencies(/home/leo/Documents/GitHub/mando_2023/ws_mando/install/yolov5_ros/share/colcon-core/packages/yolov5_ros)
[1.784s] DEBUG:colcon.colcon_parallel_executor.executor.parallel:closing loop
[1.784s] DEBUG:colcon.colcon_parallel_executor.executor.parallel:loop closed
[1.784s] DEBUG:colcon.colcon_parallel_executor.executor.parallel:run_until_complete finished with '0'
[1.784s] DEBUG:colcon.colcon_core.event_reactor:joining thread
[1.789s] INFO:colcon.colcon_core.plugin_system:Skipping extension 'colcon_notification.desktop_notification.terminal_notifier': Not used on non-Darwin systems
[1.789s] INFO:colcon.colcon_core.plugin_system:Skipping extension 'colcon_notification.desktop_notification.win32': Not used on non-Windows systems
[1.789s] INFO:colcon.colcon_notification.desktop_notification:Sending desktop notification using 'notify2'
[1.800s] DEBUG:colcon.colcon_core.event_reactor:joined thread
[1.802s] INFO:colcon.colcon_core.shell:Creating prefix script '/home/leo/Documents/GitHub/mando_2023/ws_mando/install/local_setup.ps1'
[1.803s] INFO:colcon.colcon_core.shell:Creating prefix util module '/home/leo/Documents/GitHub/mando_2023/ws_mando/install/_local_setup_util_ps1.py'
[1.804s] INFO:colcon.colcon_core.shell:Creating prefix chain script '/home/leo/Documents/GitHub/mando_2023/ws_mando/install/setup.ps1'
[1.806s] INFO:colcon.colcon_core.shell:Creating prefix script '/home/leo/Documents/GitHub/mando_2023/ws_mando/install/local_setup.sh'
[1.807s] INFO:colcon.colcon_core.shell:Creating prefix util module '/home/leo/Documents/GitHub/mando_2023/ws_mando/install/_local_setup_util_sh.py'
[1.807s] INFO:colcon.colcon_core.shell:Creating prefix chain script '/home/leo/Documents/GitHub/mando_2023/ws_mando/install/setup.sh'
[1.808s] INFO:colcon.colcon_core.shell:Creating prefix script '/home/leo/Documents/GitHub/mando_2023/ws_mando/install/local_setup.bash'
[1.808s] INFO:colcon.colcon_core.shell:Creating prefix chain script '/home/leo/Documents/GitHub/mando_2023/ws_mando/install/setup.bash'
[1.810s] INFO:colcon.colcon_core.shell:Creating prefix script '/home/leo/Documents/GitHub/mando_2023/ws_mando/install/local_setup.zsh'
[1.810s] INFO:colcon.colcon_core.shell:Creating prefix chain script '/home/leo/Documents/GitHub/mando_2023/ws_mando/install/setup.zsh'
