[0.614s] Invoking command in '/home/leo/Documents/GitHub/mando_2023/ws_mando/build/yolov5_ros': AMENT_PREFIX_PATH=/home/leo/Documents/GitHub/mando_2023/ws_mando/install/bboxes_ex_msgs CMAKE_PREFIX_PATH=/home/leo/Documents/GitHub/mando_2023/ws_mando/install/bboxes_ex_msgs LD_LIBRARY_PATH=/home/leo/Documents/GitHub/mando_2023/ws_mando/install/bboxes_ex_msgs/lib PYTHONPATH=/home/leo/Documents/GitHub/mando_2023/ws_mando/build/yolov5_ros/prefix_override:/home/leo/Documents/GitHub/mando_2023/ws_mando/install/yolov5_ros/lib/python3.8/site-packages:/home/leo/Documents/GitHub/mando_2023/ws_mando/install/bboxes_ex_msgs/lib/python3.8/site-packages /usr/bin/python3 setup.py develop --editable --build-directory /home/leo/Documents/GitHub/mando_2023/ws_mando/build/yolov5_ros/build --no-deps install_data
[0.715s] /home/leo/.local/lib/python3.8/site-packages/setuptools/dist.py:745: SetuptoolsDeprecationWarning: Invalid dash-separated options
[0.715s] !!
[0.715s] 
[0.715s]         ********************************************************************************
[0.715s]         Usage of dash-separated 'script-dir' will not be supported in future
[0.715s]         versions. Please use the underscore name 'script_dir' instead.
[0.716s] 
[0.716s]         By 2023-Sep-26, you need to update your project and remove deprecated calls
[0.716s]         or your builds will no longer be supported.
[0.716s] 
[0.716s]         See https://setuptools.pypa.io/en/latest/userguide/declarative_config.html for details.
[0.716s]         ********************************************************************************
[0.716s] 
[0.716s] !!
[0.716s]   opt = self.warn_dash_deprecation(opt, section)
[0.852s] running develop
[0.852s] /home/leo/.local/lib/python3.8/site-packages/setuptools/command/develop.py:40: EasyInstallDeprecationWarning: easy_install command is deprecated.
[0.853s] !!
[0.853s] 
[0.853s]         ********************************************************************************
[0.853s]         Please avoid running ``setup.py`` and ``easy_install``.
[0.853s]         Instead, use pypa/build, pypa/installer or other
[0.853s]         standards-based tools.
[0.853s] 
[0.853s]         See https://github.com/pypa/setuptools/issues/917 for details.
[0.853s]         ********************************************************************************
[0.853s] 
[0.853s] !!
[0.853s]   easy_install.initialize_options(self)
[0.874s] /home/leo/.local/lib/python3.8/site-packages/setuptools/_distutils/cmd.py:66: SetuptoolsDeprecationWarning: setup.py install is deprecated.
[0.874s] !!
[0.874s] 
[0.874s]         ********************************************************************************
[0.874s]         Please avoid running ``setup.py`` directly.
[0.874s]         Instead, use pypa/build, pypa/installer or other
[0.874s]         standards-based tools.
[0.874s] 
[0.874s]         See https://blog.ganssle.io/articles/2021/10/setup-py-deprecated.html for details.
[0.875s]         ********************************************************************************
[0.875s] 
[0.875s] !!
[0.875s]   self.initialize_options()
[0.999s] running egg_info
[1.009s] writing yolov5_ros.egg-info/PKG-INFO
[1.009s] writing dependency_links to yolov5_ros.egg-info/dependency_links.txt
[1.014s] writing entry points to yolov5_ros.egg-info/entry_points.txt
[1.014s] writing requirements to yolov5_ros.egg-info/requires.txt
[1.015s] writing top-level names to yolov5_ros.egg-info/top_level.txt
[1.050s] reading manifest file 'yolov5_ros.egg-info/SOURCES.txt'
[1.051s] writing manifest file 'yolov5_ros.egg-info/SOURCES.txt'
[1.093s] running build_ext
[1.093s] Creating /home/leo/Documents/GitHub/mando_2023/ws_mando/install/yolov5_ros/lib/python3.8/site-packages/yolov5-ros.egg-link (link to .)
[1.094s] Installing yolov5_ros script to /home/leo/Documents/GitHub/mando_2023/ws_mando/install/yolov5_ros/lib/yolov5_ros
[1.094s] 
[1.094s] Installed /home/leo/Documents/GitHub/mando_2023/ws_mando/build/yolov5_ros
[1.094s] running install_data
[1.117s] Invoked command in '/home/leo/Documents/GitHub/mando_2023/ws_mando/build/yolov5_ros' returned '0': AMENT_PREFIX_PATH=/home/leo/Documents/GitHub/mando_2023/ws_mando/install/bboxes_ex_msgs CMAKE_PREFIX_PATH=/home/leo/Documents/GitHub/mando_2023/ws_mando/install/bboxes_ex_msgs LD_LIBRARY_PATH=/home/leo/Documents/GitHub/mando_2023/ws_mando/install/bboxes_ex_msgs/lib PYTHONPATH=/home/leo/Documents/GitHub/mando_2023/ws_mando/build/yolov5_ros/prefix_override:/home/leo/Documents/GitHub/mando_2023/ws_mando/install/yolov5_ros/lib/python3.8/site-packages:/home/leo/Documents/GitHub/mando_2023/ws_mando/install/bboxes_ex_msgs/lib/python3.8/site-packages /usr/bin/python3 setup.py develop --editable --build-directory /home/leo/Documents/GitHub/mando_2023/ws_mando/build/yolov5_ros/build --no-deps install_data
