[0.209s] DEBUG:colcon:Command line arguments: ['/usr/bin/colcon', 'build', '--symlink-install']
[0.210s] DEBUG:colcon:Parsed command line arguments: Namespace(allow_overriding=[], ament_cmake_args=None, base_paths=['.'], build_base='build', catkin_cmake_args=None, catkin_skip_building_tests=False, cmake_args=None, cmake_clean_cache=False, cmake_clean_first=False, cmake_force_configure=False, cmake_target=None, cmake_target_skip_unavailable=False, continue_on_error=False, event_handlers=None, executor='parallel', ignore_user_meta=False, install_base='install', log_base=None, log_level=None, main=<bound method BuildVerb.main of <colcon_core.verb.build.BuildVerb object at 0x7f0a973b5040>>, merge_install=False, metas=['./colcon.meta'], packages_above=None, packages_above_and_dependencies=None, packages_above_depth=None, packages_end=None, packages_ignore=None, packages_ignore_regex=None, packages_select=None, packages_select_build_failed=False, packages_select_by_dep=None, packages_select_regex=None, packages_select_test_failures=False, packages_skip=None, packages_skip_build_finished=False, packages_skip_by_dep=None, packages_skip_regex=None, packages_skip_test_passed=False, packages_skip_up_to=None, packages_start=None, packages_up_to=None, packages_up_to_regex=None, parallel_workers=12, paths=None, symlink_install=True, test_result_base=None, verb_extension=<colcon_core.verb.build.BuildVerb object at 0x7f0a973b5040>, verb_name='build', verb_parser=<colcon_defaults.argument_parser.defaults.DefaultArgumentsDecorator object at 0x7f0a972f8280>)
[0.240s] Level 1:colcon.colcon_core.package_discovery:discover_packages(colcon_meta) check parameters
[0.240s] Level 1:colcon.colcon_core.package_discovery:discover_packages(recursive) check parameters
[0.240s] Level 1:colcon.colcon_core.package_discovery:discover_packages(ignore) check parameters
[0.240s] Level 1:colcon.colcon_core.package_discovery:discover_packages(path) check parameters
[0.240s] Level 1:colcon.colcon_core.package_discovery:discover_packages(colcon_meta) discover
[0.240s] Level 1:colcon.colcon_core.package_discovery:discover_packages(recursive) discover
[0.240s] INFO:colcon.colcon_core.package_discovery:Crawling recursively for packages in '/home/leo/Documents/GitHub/mando_2023/ws_mando'
[0.240s] Level 1:colcon.colcon_core.package_identification:_identify(.) by extensions ['ignore', 'ignore_ament_install']
[0.241s] Level 1:colcon.colcon_core.package_identification:_identify(.) by extension 'ignore'
[0.241s] Level 1:colcon.colcon_core.package_identification:_identify(.) by extension 'ignore_ament_install'
[0.241s] Level 1:colcon.colcon_core.package_identification:_identify(.) by extensions ['colcon_pkg']
[0.241s] Level 1:colcon.colcon_core.package_identification:_identify(.) by extension 'colcon_pkg'
[0.241s] Level 1:colcon.colcon_core.package_identification:_identify(.) by extensions ['colcon_meta']
[0.241s] Level 1:colcon.colcon_core.package_identification:_identify(.) by extension 'colcon_meta'
[0.241s] Level 1:colcon.colcon_core.package_identification:_identify(.) by extensions ['ros']
[0.241s] Level 1:colcon.colcon_core.package_identification:_identify(.) by extension 'ros'
[0.252s] Level 1:colcon.colcon_core.package_identification:_identify(.) by extensions ['cmake', 'python']
[0.252s] Level 1:colcon.colcon_core.package_identification:_identify(.) by extension 'cmake'
[0.252s] Level 1:colcon.colcon_core.package_identification:_identify(.) by extension 'python'
[0.252s] Level 1:colcon.colcon_core.package_identification:_identify(.) by extensions ['python_setup_py']
[0.252s] Level 1:colcon.colcon_core.package_identification:_identify(.) by extension 'python_setup_py'
[0.252s] Level 1:colcon.colcon_core.package_identification:_identify(Arduino) by extensions ['ignore', 'ignore_ament_install']
[0.252s] Level 1:colcon.colcon_core.package_identification:_identify(Arduino) by extension 'ignore'
[0.253s] Level 1:colcon.colcon_core.package_identification:_identify(Arduino) by extension 'ignore_ament_install'
[0.253s] Level 1:colcon.colcon_core.package_identification:_identify(Arduino) by extensions ['colcon_pkg']
[0.253s] Level 1:colcon.colcon_core.package_identification:_identify(Arduino) by extension 'colcon_pkg'
[0.253s] Level 1:colcon.colcon_core.package_identification:_identify(Arduino) by extensions ['colcon_meta']
[0.253s] Level 1:colcon.colcon_core.package_identification:_identify(Arduino) by extension 'colcon_meta'
[0.253s] Level 1:colcon.colcon_core.package_identification:_identify(Arduino) by extensions ['ros']
[0.253s] Level 1:colcon.colcon_core.package_identification:_identify(Arduino) by extension 'ros'
[0.253s] Level 1:colcon.colcon_core.package_identification:_identify(Arduino) by extensions ['cmake', 'python']
[0.253s] Level 1:colcon.colcon_core.package_identification:_identify(Arduino) by extension 'cmake'
[0.253s] Level 1:colcon.colcon_core.package_identification:_identify(Arduino) by extension 'python'
[0.253s] Level 1:colcon.colcon_core.package_identification:_identify(Arduino) by extensions ['python_setup_py']
[0.253s] Level 1:colcon.colcon_core.package_identification:_identify(Arduino) by extension 'python_setup_py'
[0.253s] Level 1:colcon.colcon_core.package_identification:_identify(Arduino/Steering_motor_control) by extensions ['ignore', 'ignore_ament_install']
[0.253s] Level 1:colcon.colcon_core.package_identification:_identify(Arduino/Steering_motor_control) by extension 'ignore'
[0.253s] Level 1:colcon.colcon_core.package_identification:_identify(Arduino/Steering_motor_control) by extension 'ignore_ament_install'
[0.253s] Level 1:colcon.colcon_core.package_identification:_identify(Arduino/Steering_motor_control) by extensions ['colcon_pkg']
[0.253s] Level 1:colcon.colcon_core.package_identification:_identify(Arduino/Steering_motor_control) by extension 'colcon_pkg'
[0.253s] Level 1:colcon.colcon_core.package_identification:_identify(Arduino/Steering_motor_control) by extensions ['colcon_meta']
[0.253s] Level 1:colcon.colcon_core.package_identification:_identify(Arduino/Steering_motor_control) by extension 'colcon_meta'
[0.253s] Level 1:colcon.colcon_core.package_identification:_identify(Arduino/Steering_motor_control) by extensions ['ros']
[0.253s] Level 1:colcon.colcon_core.package_identification:_identify(Arduino/Steering_motor_control) by extension 'ros'
[0.253s] Level 1:colcon.colcon_core.package_identification:_identify(Arduino/Steering_motor_control) by extensions ['cmake', 'python']
[0.254s] Level 1:colcon.colcon_core.package_identification:_identify(Arduino/Steering_motor_control) by extension 'cmake'
[0.254s] Level 1:colcon.colcon_core.package_identification:_identify(Arduino/Steering_motor_control) by extension 'python'
[0.254s] Level 1:colcon.colcon_core.package_identification:_identify(Arduino/Steering_motor_control) by extensions ['python_setup_py']
[0.254s] Level 1:colcon.colcon_core.package_identification:_identify(Arduino/Steering_motor_control) by extension 'python_setup_py'
[0.254s] Level 1:colcon.colcon_core.package_identification:_identify(YOLOv5-ROS) by extensions ['ignore', 'ignore_ament_install']
[0.254s] Level 1:colcon.colcon_core.package_identification:_identify(YOLOv5-ROS) by extension 'ignore'
[0.254s] Level 1:colcon.colcon_core.package_identification:_identify(YOLOv5-ROS) by extension 'ignore_ament_install'
[0.254s] Level 1:colcon.colcon_core.package_identification:_identify(YOLOv5-ROS) by extensions ['colcon_pkg']
[0.254s] Level 1:colcon.colcon_core.package_identification:_identify(YOLOv5-ROS) by extension 'colcon_pkg'
[0.254s] Level 1:colcon.colcon_core.package_identification:_identify(YOLOv5-ROS) by extensions ['colcon_meta']
[0.254s] Level 1:colcon.colcon_core.package_identification:_identify(YOLOv5-ROS) by extension 'colcon_meta'
[0.254s] Level 1:colcon.colcon_core.package_identification:_identify(YOLOv5-ROS) by extensions ['ros']
[0.254s] Level 1:colcon.colcon_core.package_identification:_identify(YOLOv5-ROS) by extension 'ros'
[0.254s] Level 1:colcon.colcon_core.package_identification:_identify(YOLOv5-ROS) by extensions ['cmake', 'python']
[0.254s] Level 1:colcon.colcon_core.package_identification:_identify(YOLOv5-ROS) by extension 'cmake'
[0.254s] Level 1:colcon.colcon_core.package_identification:_identify(YOLOv5-ROS) by extension 'python'
[0.254s] Level 1:colcon.colcon_core.package_identification:_identify(YOLOv5-ROS) by extensions ['python_setup_py']
[0.254s] Level 1:colcon.colcon_core.package_identification:_identify(YOLOv5-ROS) by extension 'python_setup_py'
[0.254s] Level 1:colcon.colcon_core.package_identification:_identify(YOLOv5-ROS/yolov5_ros) by extensions ['ignore', 'ignore_ament_install']
[0.254s] Level 1:colcon.colcon_core.package_identification:_identify(YOLOv5-ROS/yolov5_ros) by extension 'ignore'
[0.254s] Level 1:colcon.colcon_core.package_identification:_identify(YOLOv5-ROS/yolov5_ros) by extension 'ignore_ament_install'
[0.254s] Level 1:colcon.colcon_core.package_identification:_identify(YOLOv5-ROS/yolov5_ros) by extensions ['colcon_pkg']
[0.254s] Level 1:colcon.colcon_core.package_identification:_identify(YOLOv5-ROS/yolov5_ros) by extension 'colcon_pkg'
[0.254s] Level 1:colcon.colcon_core.package_identification:_identify(YOLOv5-ROS/yolov5_ros) by extensions ['colcon_meta']
[0.254s] Level 1:colcon.colcon_core.package_identification:_identify(YOLOv5-ROS/yolov5_ros) by extension 'colcon_meta'
[0.255s] Level 1:colcon.colcon_core.package_identification:_identify(YOLOv5-ROS/yolov5_ros) by extensions ['ros']
[0.255s] Level 1:colcon.colcon_core.package_identification:_identify(YOLOv5-ROS/yolov5_ros) by extension 'ros'
[0.257s] DEBUG:colcon.colcon_core.package_identification:Package 'YOLOv5-ROS/yolov5_ros' with type 'ros.ament_python' and name 'yolov5_ros'
[0.257s] Level 1:colcon.colcon_core.package_identification:_identify(bbox_ex_msgs) by extensions ['ignore', 'ignore_ament_install']
[0.257s] Level 1:colcon.colcon_core.package_identification:_identify(bbox_ex_msgs) by extension 'ignore'
[0.257s] Level 1:colcon.colcon_core.package_identification:_identify(bbox_ex_msgs) by extension 'ignore_ament_install'
[0.257s] Level 1:colcon.colcon_core.package_identification:_identify(bbox_ex_msgs) by extensions ['colcon_pkg']
[0.257s] Level 1:colcon.colcon_core.package_identification:_identify(bbox_ex_msgs) by extension 'colcon_pkg'
[0.257s] Level 1:colcon.colcon_core.package_identification:_identify(bbox_ex_msgs) by extensions ['colcon_meta']
[0.257s] Level 1:colcon.colcon_core.package_identification:_identify(bbox_ex_msgs) by extension 'colcon_meta'
[0.257s] Level 1:colcon.colcon_core.package_identification:_identify(bbox_ex_msgs) by extensions ['ros']
[0.257s] Level 1:colcon.colcon_core.package_identification:_identify(bbox_ex_msgs) by extension 'ros'
[0.258s] DEBUG:colcon.colcon_core.package_identification:Package 'bbox_ex_msgs' with type 'ros.ament_cmake' and name 'bboxes_ex_msgs'
[0.258s] Level 1:colcon.colcon_core.package_identification:_identify(build) by extensions ['ignore', 'ignore_ament_install']
[0.258s] Level 1:colcon.colcon_core.package_identification:_identify(build) by extension 'ignore'
[0.258s] Level 1:colcon.colcon_core.package_identification:_identify(build) ignored
[0.258s] Level 1:colcon.colcon_core.package_identification:_identify(install) by extensions ['ignore', 'ignore_ament_install']
[0.258s] Level 1:colcon.colcon_core.package_identification:_identify(install) by extension 'ignore'
[0.258s] Level 1:colcon.colcon_core.package_identification:_identify(install) ignored
[0.258s] Level 1:colcon.colcon_core.package_identification:_identify(log) by extensions ['ignore', 'ignore_ament_install']
[0.258s] Level 1:colcon.colcon_core.package_identification:_identify(log) by extension 'ignore'
[0.258s] Level 1:colcon.colcon_core.package_identification:_identify(log) ignored
[0.258s] Level 1:colcon.colcon_core.package_discovery:discover_packages(recursive) using defaults
[0.258s] Level 1:colcon.colcon_core.package_discovery:discover_packages(ignore) discover
[0.258s] Level 1:colcon.colcon_core.package_discovery:discover_packages(ignore) using defaults
[0.258s] Level 1:colcon.colcon_core.package_discovery:discover_packages(path) discover
[0.258s] Level 1:colcon.colcon_core.package_discovery:discover_packages(path) using defaults
[0.276s] Level 1:colcon.colcon_core.package_discovery:discover_packages(prefix_path) check parameters
[0.276s] Level 1:colcon.colcon_core.package_discovery:discover_packages(prefix_path) discover
[0.277s] Level 1:colcon.colcon_core.package_discovery:discover_packages(prefix_path) using defaults
[0.279s] Level 5:colcon.colcon_core.verb:set package 'bboxes_ex_msgs' build argument 'cmake_args' from command line to 'None'
[0.279s] Level 5:colcon.colcon_core.verb:set package 'bboxes_ex_msgs' build argument 'cmake_target' from command line to 'None'
[0.279s] Level 5:colcon.colcon_core.verb:set package 'bboxes_ex_msgs' build argument 'cmake_target_skip_unavailable' from command line to 'False'
[0.279s] Level 5:colcon.colcon_core.verb:set package 'bboxes_ex_msgs' build argument 'cmake_clean_cache' from command line to 'False'
[0.279s] Level 5:colcon.colcon_core.verb:set package 'bboxes_ex_msgs' build argument 'cmake_clean_first' from command line to 'False'
[0.279s] Level 5:colcon.colcon_core.verb:set package 'bboxes_ex_msgs' build argument 'cmake_force_configure' from command line to 'False'
[0.279s] Level 5:colcon.colcon_core.verb:set package 'bboxes_ex_msgs' build argument 'ament_cmake_args' from command line to 'None'
[0.279s] Level 5:colcon.colcon_core.verb:set package 'bboxes_ex_msgs' build argument 'catkin_cmake_args' from command line to 'None'
[0.279s] Level 5:colcon.colcon_core.verb:set package 'bboxes_ex_msgs' build argument 'catkin_skip_building_tests' from command line to 'False'
[0.279s] DEBUG:colcon.colcon_core.verb:Building package 'bboxes_ex_msgs' with the following arguments: {'ament_cmake_args': None, 'build_base': '/home/leo/Documents/GitHub/mando_2023/ws_mando/build/bboxes_ex_msgs', 'catkin_cmake_args': None, 'catkin_skip_building_tests': False, 'cmake_args': None, 'cmake_clean_cache': False, 'cmake_clean_first': False, 'cmake_force_configure': False, 'cmake_target': None, 'cmake_target_skip_unavailable': False, 'install_base': '/home/leo/Documents/GitHub/mando_2023/ws_mando/install/bboxes_ex_msgs', 'merge_install': False, 'path': '/home/leo/Documents/GitHub/mando_2023/ws_mando/bbox_ex_msgs', 'symlink_install': True, 'test_result_base': None}
[0.280s] Level 5:colcon.colcon_core.verb:set package 'yolov5_ros' build argument 'cmake_args' from command line to 'None'
[0.280s] Level 5:colcon.colcon_core.verb:set package 'yolov5_ros' build argument 'cmake_target' from command line to 'None'
[0.280s] Level 5:colcon.colcon_core.verb:set package 'yolov5_ros' build argument 'cmake_target_skip_unavailable' from command line to 'False'
[0.280s] Level 5:colcon.colcon_core.verb:set package 'yolov5_ros' build argument 'cmake_clean_cache' from command line to 'False'
[0.280s] Level 5:colcon.colcon_core.verb:set package 'yolov5_ros' build argument 'cmake_clean_first' from command line to 'False'
[0.280s] Level 5:colcon.colcon_core.verb:set package 'yolov5_ros' build argument 'cmake_force_configure' from command line to 'False'
[0.280s] Level 5:colcon.colcon_core.verb:set package 'yolov5_ros' build argument 'ament_cmake_args' from command line to 'None'
[0.280s] Level 5:colcon.colcon_core.verb:set package 'yolov5_ros' build argument 'catkin_cmake_args' from command line to 'None'
[0.280s] Level 5:colcon.colcon_core.verb:set package 'yolov5_ros' build argument 'catkin_skip_building_tests' from command line to 'False'
[0.280s] DEBUG:colcon.colcon_core.verb:Building package 'yolov5_ros' with the following arguments: {'ament_cmake_args': None, 'build_base': '/home/leo/Documents/GitHub/mando_2023/ws_mando/build/yolov5_ros', 'catkin_cmake_args': None, 'catkin_skip_building_tests': False, 'cmake_args': None, 'cmake_clean_cache': False, 'cmake_clean_first': False, 'cmake_force_configure': False, 'cmake_target': None, 'cmake_target_skip_unavailable': False, 'install_base': '/home/leo/Documents/GitHub/mando_2023/ws_mando/install/yolov5_ros', 'merge_install': False, 'path': '/home/leo/Documents/GitHub/mando_2023/ws_mando/YOLOv5-ROS/yolov5_ros', 'symlink_install': True, 'test_result_base': None}
[0.280s] INFO:colcon.colcon_core.executor:Executing jobs using 'parallel' executor
[0.285s] DEBUG:colcon.colcon_parallel_executor.executor.parallel:run_until_complete
[0.285s] INFO:colcon.colcon_ros.task.ament_cmake.build:Building ROS package in '/home/leo/Documents/GitHub/mando_2023/ws_mando/bbox_ex_msgs' with build type 'ament_cmake'
[0.285s] INFO:colcon.colcon_cmake.task.cmake.build:Building CMake package in '/home/leo/Documents/GitHub/mando_2023/ws_mando/bbox_ex_msgs'
[0.288s] INFO:colcon.colcon_core.plugin_system:Skipping extension 'colcon_core.shell.bat': Not used on non-Windows systems
[0.289s] INFO:colcon.colcon_core.shell:Skip shell extension 'powershell' for command environment: Not usable outside of PowerShell
[0.289s] DEBUG:colcon.colcon_core.shell:Skip shell extension 'dsv' for command environment
[0.298s] DEBUG:colcon.colcon_core.event_handler.log_command:Invoking command in '/home/leo/Documents/GitHub/mando_2023/ws_mando/build/bboxes_ex_msgs': /home/leo/.local/bin/cmake --build /home/leo/Documents/GitHub/mando_2023/ws_mando/build/bboxes_ex_msgs -- -j12 -l12
[0.386s] DEBUG:colcon.colcon_core.event_handler.log_command:Invoked command in '/home/leo/Documents/GitHub/mando_2023/ws_mando/build/bboxes_ex_msgs' returned '0': /home/leo/.local/bin/cmake --build /home/leo/Documents/GitHub/mando_2023/ws_mando/build/bboxes_ex_msgs -- -j12 -l12
[0.471s] DEBUG:colcon.colcon_core.event_handler.log_command:Invoking command in '/home/leo/Documents/GitHub/mando_2023/ws_mando/build/bboxes_ex_msgs': /home/leo/.local/bin/cmake --install /home/leo/Documents/GitHub/mando_2023/ws_mando/build/bboxes_ex_msgs
[0.541s] Level 1:colcon.colcon_core.environment:create_environment_scripts_only(bboxes_ex_msgs)
[0.543s] DEBUG:colcon.colcon_core.event_handler.log_command:Invoked command in '/home/leo/Documents/GitHub/mando_2023/ws_mando/build/bboxes_ex_msgs' returned '0': /home/leo/.local/bin/cmake --install /home/leo/Documents/GitHub/mando_2023/ws_mando/build/bboxes_ex_msgs
[0.546s] Level 1:colcon.colcon_core.environment:checking '/home/leo/Documents/GitHub/mando_2023/ws_mando/install/bboxes_ex_msgs' for CMake module files
[0.546s] Level 1:colcon.colcon_core.environment:checking '/home/leo/Documents/GitHub/mando_2023/ws_mando/install/bboxes_ex_msgs' for CMake config files
[0.547s] Level 1:colcon.colcon_core.shell:create_environment_hook('bboxes_ex_msgs', 'cmake_prefix_path')
[0.548s] INFO:colcon.colcon_core.shell:Creating environment hook '/home/leo/Documents/GitHub/mando_2023/ws_mando/install/bboxes_ex_msgs/share/bboxes_ex_msgs/hook/cmake_prefix_path.ps1'
[0.549s] INFO:colcon.colcon_core.shell:Creating environment descriptor '/home/leo/Documents/GitHub/mando_2023/ws_mando/install/bboxes_ex_msgs/share/bboxes_ex_msgs/hook/cmake_prefix_path.dsv'
[0.549s] INFO:colcon.colcon_core.shell:Creating environment hook '/home/leo/Documents/GitHub/mando_2023/ws_mando/install/bboxes_ex_msgs/share/bboxes_ex_msgs/hook/cmake_prefix_path.sh'
[0.550s] Level 1:colcon.colcon_core.environment:checking '/home/leo/Documents/GitHub/mando_2023/ws_mando/install/bboxes_ex_msgs/lib'
[0.550s] Level 1:colcon.colcon_core.shell:create_environment_hook('bboxes_ex_msgs', 'ld_library_path_lib')
[0.551s] INFO:colcon.colcon_core.shell:Creating environment hook '/home/leo/Documents/GitHub/mando_2023/ws_mando/install/bboxes_ex_msgs/share/bboxes_ex_msgs/hook/ld_library_path_lib.ps1'
[0.551s] INFO:colcon.colcon_core.shell:Creating environment descriptor '/home/leo/Documents/GitHub/mando_2023/ws_mando/install/bboxes_ex_msgs/share/bboxes_ex_msgs/hook/ld_library_path_lib.dsv'
[0.551s] INFO:colcon.colcon_core.shell:Creating environment hook '/home/leo/Documents/GitHub/mando_2023/ws_mando/install/bboxes_ex_msgs/share/bboxes_ex_msgs/hook/ld_library_path_lib.sh'
[0.552s] Level 1:colcon.colcon_core.environment:checking '/home/leo/Documents/GitHub/mando_2023/ws_mando/install/bboxes_ex_msgs/bin'
[0.552s] Level 1:colcon.colcon_core.environment:checking '/home/leo/Documents/GitHub/mando_2023/ws_mando/install/bboxes_ex_msgs/lib/pkgconfig/bboxes_ex_msgs.pc'
[0.553s] Level 1:colcon.colcon_core.environment:checking '/home/leo/Documents/GitHub/mando_2023/ws_mando/install/bboxes_ex_msgs/lib/python3.8/site-packages'
[0.553s] Level 1:colcon.colcon_core.shell:create_environment_hook('bboxes_ex_msgs', 'pythonpath')
[0.554s] INFO:colcon.colcon_core.shell:Creating environment hook '/home/leo/Documents/GitHub/mando_2023/ws_mando/install/bboxes_ex_msgs/share/bboxes_ex_msgs/hook/pythonpath.ps1'
[0.555s] INFO:colcon.colcon_core.shell:Creating environment descriptor '/home/leo/Documents/GitHub/mando_2023/ws_mando/install/bboxes_ex_msgs/share/bboxes_ex_msgs/hook/pythonpath.dsv'
[0.555s] INFO:colcon.colcon_core.shell:Creating environment hook '/home/leo/Documents/GitHub/mando_2023/ws_mando/install/bboxes_ex_msgs/share/bboxes_ex_msgs/hook/pythonpath.sh'
[0.555s] Level 1:colcon.colcon_core.environment:checking '/home/leo/Documents/GitHub/mando_2023/ws_mando/install/bboxes_ex_msgs/bin'
[0.557s] INFO:colcon.colcon_core.shell:Creating package script '/home/leo/Documents/GitHub/mando_2023/ws_mando/install/bboxes_ex_msgs/share/bboxes_ex_msgs/package.ps1'
[0.557s] INFO:colcon.colcon_core.shell:Creating package descriptor '/home/leo/Documents/GitHub/mando_2023/ws_mando/install/bboxes_ex_msgs/share/bboxes_ex_msgs/package.dsv'
[0.558s] INFO:colcon.colcon_core.shell:Creating package script '/home/leo/Documents/GitHub/mando_2023/ws_mando/install/bboxes_ex_msgs/share/bboxes_ex_msgs/package.sh'
[0.558s] INFO:colcon.colcon_core.shell:Creating package script '/home/leo/Documents/GitHub/mando_2023/ws_mando/install/bboxes_ex_msgs/share/bboxes_ex_msgs/package.bash'
[0.559s] INFO:colcon.colcon_core.shell:Creating package script '/home/leo/Documents/GitHub/mando_2023/ws_mando/install/bboxes_ex_msgs/share/bboxes_ex_msgs/package.zsh'
[0.559s] Level 1:colcon.colcon_core.environment:create_file_with_runtime_dependencies(/home/leo/Documents/GitHub/mando_2023/ws_mando/install/bboxes_ex_msgs/share/colcon-core/packages/bboxes_ex_msgs)
[0.623s] Level 1:colcon.colcon_core.environment:create_environment_scripts_only(bboxes_ex_msgs)
[0.625s] Level 1:colcon.colcon_core.environment:checking '/home/leo/Documents/GitHub/mando_2023/ws_mando/install/bboxes_ex_msgs' for CMake module files
[0.625s] Level 1:colcon.colcon_core.environment:checking '/home/leo/Documents/GitHub/mando_2023/ws_mando/install/bboxes_ex_msgs' for CMake config files
[0.626s] Level 1:colcon.colcon_core.shell:create_environment_hook('bboxes_ex_msgs', 'cmake_prefix_path')
[0.627s] INFO:colcon.colcon_core.shell:Creating environment hook '/home/leo/Documents/GitHub/mando_2023/ws_mando/install/bboxes_ex_msgs/share/bboxes_ex_msgs/hook/cmake_prefix_path.ps1'
[0.627s] INFO:colcon.colcon_core.shell:Creating environment descriptor '/home/leo/Documents/GitHub/mando_2023/ws_mando/install/bboxes_ex_msgs/share/bboxes_ex_msgs/hook/cmake_prefix_path.dsv'
[0.628s] INFO:colcon.colcon_core.shell:Creating environment hook '/home/leo/Documents/GitHub/mando_2023/ws_mando/install/bboxes_ex_msgs/share/bboxes_ex_msgs/hook/cmake_prefix_path.sh'
[0.628s] Level 1:colcon.colcon_core.environment:checking '/home/leo/Documents/GitHub/mando_2023/ws_mando/install/bboxes_ex_msgs/lib'
[0.628s] Level 1:colcon.colcon_core.shell:create_environment_hook('bboxes_ex_msgs', 'ld_library_path_lib')
[0.630s] INFO:colcon.colcon_core.shell:Creating environment hook '/home/leo/Documents/GitHub/mando_2023/ws_mando/install/bboxes_ex_msgs/share/bboxes_ex_msgs/hook/ld_library_path_lib.ps1'
[0.630s] INFO:colcon.colcon_core.shell:Creating environment descriptor '/home/leo/Documents/GitHub/mando_2023/ws_mando/install/bboxes_ex_msgs/share/bboxes_ex_msgs/hook/ld_library_path_lib.dsv'
[0.630s] INFO:colcon.colcon_core.shell:Creating environment hook '/home/leo/Documents/GitHub/mando_2023/ws_mando/install/bboxes_ex_msgs/share/bboxes_ex_msgs/hook/ld_library_path_lib.sh'
[0.630s] Level 1:colcon.colcon_core.environment:checking '/home/leo/Documents/GitHub/mando_2023/ws_mando/install/bboxes_ex_msgs/bin'
[0.630s] Level 1:colcon.colcon_core.environment:checking '/home/leo/Documents/GitHub/mando_2023/ws_mando/install/bboxes_ex_msgs/lib/pkgconfig/bboxes_ex_msgs.pc'
[0.631s] Level 1:colcon.colcon_core.environment:checking '/home/leo/Documents/GitHub/mando_2023/ws_mando/install/bboxes_ex_msgs/lib/python3.8/site-packages'
[0.631s] Level 1:colcon.colcon_core.shell:create_environment_hook('bboxes_ex_msgs', 'pythonpath')
[0.632s] INFO:colcon.colcon_core.shell:Creating environment hook '/home/leo/Documents/GitHub/mando_2023/ws_mando/install/bboxes_ex_msgs/share/bboxes_ex_msgs/hook/pythonpath.ps1'
[0.632s] INFO:colcon.colcon_core.shell:Creating environment descriptor '/home/leo/Documents/GitHub/mando_2023/ws_mando/install/bboxes_ex_msgs/share/bboxes_ex_msgs/hook/pythonpath.dsv'
[0.632s] INFO:colcon.colcon_core.shell:Creating environment hook '/home/leo/Documents/GitHub/mando_2023/ws_mando/install/bboxes_ex_msgs/share/bboxes_ex_msgs/hook/pythonpath.sh'
[0.633s] Level 1:colcon.colcon_core.environment:checking '/home/leo/Documents/GitHub/mando_2023/ws_mando/install/bboxes_ex_msgs/bin'
[0.634s] INFO:colcon.colcon_core.shell:Creating package script '/home/leo/Documents/GitHub/mando_2023/ws_mando/install/bboxes_ex_msgs/share/bboxes_ex_msgs/package.ps1'
[0.635s] INFO:colcon.colcon_core.shell:Creating package descriptor '/home/leo/Documents/GitHub/mando_2023/ws_mando/install/bboxes_ex_msgs/share/bboxes_ex_msgs/package.dsv'
[0.635s] INFO:colcon.colcon_core.shell:Creating package script '/home/leo/Documents/GitHub/mando_2023/ws_mando/install/bboxes_ex_msgs/share/bboxes_ex_msgs/package.sh'
[0.635s] INFO:colcon.colcon_core.shell:Creating package script '/home/leo/Documents/GitHub/mando_2023/ws_mando/install/bboxes_ex_msgs/share/bboxes_ex_msgs/package.bash'
[0.636s] INFO:colcon.colcon_core.shell:Creating package script '/home/leo/Documents/GitHub/mando_2023/ws_mando/install/bboxes_ex_msgs/share/bboxes_ex_msgs/package.zsh'
[0.636s] Level 1:colcon.colcon_core.environment:create_file_with_runtime_dependencies(/home/leo/Documents/GitHub/mando_2023/ws_mando/install/bboxes_ex_msgs/share/colcon-core/packages/bboxes_ex_msgs)
[0.636s] INFO:colcon.colcon_ros.task.ament_python.build:Building ROS package in '/home/leo/Documents/GitHub/mando_2023/ws_mando/YOLOv5-ROS/yolov5_ros' with build type 'ament_python'
[0.637s] Level 1:colcon.colcon_core.shell:create_environment_hook('yolov5_ros', 'ament_prefix_path')
[0.638s] INFO:colcon.colcon_core.shell:Creating environment hook '/home/leo/Documents/GitHub/mando_2023/ws_mando/install/yolov5_ros/share/yolov5_ros/hook/ament_prefix_path.ps1'
[0.638s] INFO:colcon.colcon_core.shell:Creating environment descriptor '/home/leo/Documents/GitHub/mando_2023/ws_mando/install/yolov5_ros/share/yolov5_ros/hook/ament_prefix_path.dsv'
[0.639s] INFO:colcon.colcon_core.shell:Creating environment hook '/home/leo/Documents/GitHub/mando_2023/ws_mando/install/yolov5_ros/share/yolov5_ros/hook/ament_prefix_path.sh'
[0.640s] INFO:colcon.colcon_core.shell:Skip shell extension 'powershell' for command environment: Not usable outside of PowerShell
[0.640s] DEBUG:colcon.colcon_core.shell:Skip shell extension 'dsv' for command environment
[0.809s] INFO:colcon.colcon_core.task.python.build:Building Python package in '/home/leo/Documents/GitHub/mando_2023/ws_mando/YOLOv5-ROS/yolov5_ros'
[0.811s] INFO:colcon.colcon_core.shell:Skip shell extension 'powershell' for command environment: Not usable outside of PowerShell
[0.811s] DEBUG:colcon.colcon_core.shell:Skip shell extension 'dsv' for command environment
[1.270s] DEBUG:colcon.colcon_core.event_handler.log_command:Invoking command in '/home/leo/Documents/GitHub/mando_2023/ws_mando/build/yolov5_ros': AMENT_PREFIX_PATH=/home/leo/Documents/GitHub/mando_2023/ws_mando/install/bboxes_ex_msgs CMAKE_PREFIX_PATH=/home/leo/Documents/GitHub/mando_2023/ws_mando/install/bboxes_ex_msgs LD_LIBRARY_PATH=/home/leo/Documents/GitHub/mando_2023/ws_mando/install/bboxes_ex_msgs/lib PYTHONPATH=/home/leo/Documents/GitHub/mando_2023/ws_mando/build/yolov5_ros/prefix_override:/home/leo/Documents/GitHub/mando_2023/ws_mando/install/yolov5_ros/lib/python3.8/site-packages:/home/leo/Documents/GitHub/mando_2023/ws_mando/install/bboxes_ex_msgs/lib/python3.8/site-packages /usr/bin/python3 setup.py develop --editable --build-directory /home/leo/Documents/GitHub/mando_2023/ws_mando/build/yolov5_ros/build --no-deps install_data
[1.748s] Level 1:colcon.colcon_core.shell:create_environment_hook('yolov5_ros', 'pythonpath_develop')
[1.750s] INFO:colcon.colcon_core.shell:Creating environment hook '/home/leo/Documents/GitHub/mando_2023/ws_mando/build/yolov5_ros/share/yolov5_ros/hook/pythonpath_develop.ps1'
[1.750s] INFO:colcon.colcon_core.shell:Creating environment descriptor '/home/leo/Documents/GitHub/mando_2023/ws_mando/build/yolov5_ros/share/yolov5_ros/hook/pythonpath_develop.dsv'
[1.750s] DEBUG:colcon.colcon_core.event_handler.log_command:Invoked command in '/home/leo/Documents/GitHub/mando_2023/ws_mando/build/yolov5_ros' returned '0': AMENT_PREFIX_PATH=/home/leo/Documents/GitHub/mando_2023/ws_mando/install/bboxes_ex_msgs CMAKE_PREFIX_PATH=/home/leo/Documents/GitHub/mando_2023/ws_mando/install/bboxes_ex_msgs LD_LIBRARY_PATH=/home/leo/Documents/GitHub/mando_2023/ws_mando/install/bboxes_ex_msgs/lib PYTHONPATH=/home/leo/Documents/GitHub/mando_2023/ws_mando/build/yolov5_ros/prefix_override:/home/leo/Documents/GitHub/mando_2023/ws_mando/install/yolov5_ros/lib/python3.8/site-packages:/home/leo/Documents/GitHub/mando_2023/ws_mando/install/bboxes_ex_msgs/lib/python3.8/site-packages /usr/bin/python3 setup.py develop --editable --build-directory /home/leo/Documents/GitHub/mando_2023/ws_mando/build/yolov5_ros/build --no-deps install_data
[1.751s] INFO:colcon.colcon_core.shell:Creating environment hook '/home/leo/Documents/GitHub/mando_2023/ws_mando/build/yolov5_ros/share/yolov5_ros/hook/pythonpath_develop.sh'
[1.753s] Level 1:colcon.colcon_core.environment:checking '/home/leo/Documents/GitHub/mando_2023/ws_mando/install/yolov5_ros' for CMake module files
[1.753s] Level 1:colcon.colcon_core.environment:checking '/home/leo/Documents/GitHub/mando_2023/ws_mando/install/yolov5_ros' for CMake config files
[1.753s] Level 1:colcon.colcon_core.environment:checking '/home/leo/Documents/GitHub/mando_2023/ws_mando/install/yolov5_ros/lib'
[1.753s] Level 1:colcon.colcon_core.environment:checking '/home/leo/Documents/GitHub/mando_2023/ws_mando/install/yolov5_ros/bin'
[1.753s] Level 1:colcon.colcon_core.environment:checking '/home/leo/Documents/GitHub/mando_2023/ws_mando/install/yolov5_ros/lib/pkgconfig/yolov5_ros.pc'
[1.754s] Level 1:colcon.colcon_core.environment:checking '/home/leo/Documents/GitHub/mando_2023/ws_mando/install/yolov5_ros/lib/python3.8/site-packages'
[1.754s] Level 1:colcon.colcon_core.shell:create_environment_hook('yolov5_ros', 'pythonpath')
[1.755s] INFO:colcon.colcon_core.shell:Creating environment hook '/home/leo/Documents/GitHub/mando_2023/ws_mando/install/yolov5_ros/share/yolov5_ros/hook/pythonpath.ps1'
[1.755s] INFO:colcon.colcon_core.shell:Creating environment descriptor '/home/leo/Documents/GitHub/mando_2023/ws_mando/install/yolov5_ros/share/yolov5_ros/hook/pythonpath.dsv'
[1.755s] INFO:colcon.colcon_core.shell:Creating environment hook '/home/leo/Documents/GitHub/mando_2023/ws_mando/install/yolov5_ros/share/yolov5_ros/hook/pythonpath.sh'
[1.756s] Level 1:colcon.colcon_core.environment:checking '/home/leo/Documents/GitHub/mando_2023/ws_mando/install/yolov5_ros/bin'
[1.756s] Level 1:colcon.colcon_core.environment:create_environment_scripts_only(yolov5_ros)
[1.757s] INFO:colcon.colcon_core.shell:Creating package script '/home/leo/Documents/GitHub/mando_2023/ws_mando/install/yolov5_ros/share/yolov5_ros/package.ps1'
[1.757s] INFO:colcon.colcon_core.shell:Creating package descriptor '/home/leo/Documents/GitHub/mando_2023/ws_mando/install/yolov5_ros/share/yolov5_ros/package.dsv'
[1.758s] INFO:colcon.colcon_core.shell:Creating package script '/home/leo/Documents/GitHub/mando_2023/ws_mando/install/yolov5_ros/share/yolov5_ros/package.sh'
[1.758s] INFO:colcon.colcon_core.shell:Creating package script '/home/leo/Documents/GitHub/mando_2023/ws_mando/install/yolov5_ros/share/yolov5_ros/package.bash'
[1.758s] INFO:colcon.colcon_core.shell:Creating package script '/home/leo/Documents/GitHub/mando_2023/ws_mando/install/yolov5_ros/share/yolov5_ros/package.zsh'
[1.758s] Level 1:colcon.colcon_core.environment:create_file_with_runtime_dependencies(/home/leo/Documents/GitHub/mando_2023/ws_mando/install/yolov5_ros/share/colcon-core/packages/yolov5_ros)
[1.759s] DEBUG:colcon.colcon_parallel_executor.executor.parallel:closing loop
[1.759s] DEBUG:colcon.colcon_parallel_executor.executor.parallel:loop closed
[1.759s] DEBUG:colcon.colcon_parallel_executor.executor.parallel:run_until_complete finished with '0'
[1.759s] DEBUG:colcon.colcon_core.event_reactor:joining thread
[1.763s] INFO:colcon.colcon_core.plugin_system:Skipping extension 'colcon_notification.desktop_notification.terminal_notifier': Not used on non-Darwin systems
[1.763s] INFO:colcon.colcon_core.plugin_system:Skipping extension 'colcon_notification.desktop_notification.win32': Not used on non-Windows systems
[1.764s] INFO:colcon.colcon_notification.desktop_notification:Sending desktop notification using 'notify2'
[1.770s] DEBUG:colcon.colcon_core.event_reactor:joined thread
[1.771s] INFO:colcon.colcon_core.shell:Creating prefix script '/home/leo/Documents/GitHub/mando_2023/ws_mando/install/local_setup.ps1'
[1.772s] INFO:colcon.colcon_core.shell:Creating prefix util module '/home/leo/Documents/GitHub/mando_2023/ws_mando/install/_local_setup_util_ps1.py'
[1.773s] INFO:colcon.colcon_core.shell:Creating prefix chain script '/home/leo/Documents/GitHub/mando_2023/ws_mando/install/setup.ps1'
[1.774s] INFO:colcon.colcon_core.shell:Creating prefix script '/home/leo/Documents/GitHub/mando_2023/ws_mando/install/local_setup.sh'
[1.775s] INFO:colcon.colcon_core.shell:Creating prefix util module '/home/leo/Documents/GitHub/mando_2023/ws_mando/install/_local_setup_util_sh.py'
[1.775s] INFO:colcon.colcon_core.shell:Creating prefix chain script '/home/leo/Documents/GitHub/mando_2023/ws_mando/install/setup.sh'
[1.776s] INFO:colcon.colcon_core.shell:Creating prefix script '/home/leo/Documents/GitHub/mando_2023/ws_mando/install/local_setup.bash'
[1.776s] INFO:colcon.colcon_core.shell:Creating prefix chain script '/home/leo/Documents/GitHub/mando_2023/ws_mando/install/setup.bash'
[1.777s] INFO:colcon.colcon_core.shell:Creating prefix script '/home/leo/Documents/GitHub/mando_2023/ws_mando/install/local_setup.zsh'
[1.777s] INFO:colcon.colcon_core.shell:Creating prefix chain script '/home/leo/Documents/GitHub/mando_2023/ws_mando/install/setup.zsh'
