[0.771s] Invoking command in '/home/leo/Documents/GitHub/mando_2023/ws_mando/build/yolov5_ros': AMENT_PREFIX_PATH=/home/leo/Documents/GitHub/mando_2023/ws_mando/install/bboxes_ex_msgs:${AMENT_PREFIX_PATH} CMAKE_PREFIX_PATH=/home/leo/Documents/GitHub/mando_2023/ws_mando/install/bboxes_ex_msgs:${CMAKE_PREFIX_PATH} LD_LIBRARY_PATH=/home/leo/Documents/GitHub/mando_2023/ws_mando/install/bboxes_ex_msgs/lib:${LD_LIBRARY_PATH} PYTHONPATH=/home/leo/Documents/GitHub/mando_2023/ws_mando/build/yolov5_ros/prefix_override:/home/leo/Documents/GitHub/mando_2023/ws_mando/install/yolov5_ros/lib/python3.8/site-packages:/home/leo/Documents/GitHub/mando_2023/ws_mando/install/bboxes_ex_msgs/lib/python3.8/site-packages:${PYTHONPATH} /usr/bin/python3 setup.py develop --editable --build-directory /home/leo/Documents/GitHub/mando_2023/ws_mando/build/yolov5_ros/build --no-deps install_data
[0.884s] /home/leo/.local/lib/python3.8/site-packages/setuptools/dist.py:745: SetuptoolsDeprecationWarning: Invalid dash-separated options
[0.884s] !!
[0.884s] 
[0.884s]         ********************************************************************************
[0.884s]         Usage of dash-separated 'script-dir' will not be supported in future
[0.885s]         versions. Please use the underscore name 'script_dir' instead.
[0.885s] 
[0.885s]         By 2023-Sep-26, you need to update your project and remove deprecated calls
[0.885s]         or your builds will no longer be supported.
[0.885s] 
[0.885s]         See https://setuptools.pypa.io/en/latest/userguide/declarative_config.html for details.
[0.885s]         ********************************************************************************
[0.885s] 
[0.885s] !!
[0.885s]   opt = self.warn_dash_deprecation(opt, section)
[1.055s] running develop
[1.056s] /home/leo/.local/lib/python3.8/site-packages/setuptools/command/develop.py:40: EasyInstallDeprecationWarning: easy_install command is deprecated.
[1.056s] !!
[1.056s] 
[1.056s]         ********************************************************************************
[1.056s]         Please avoid running ``setup.py`` and ``easy_install``.
[1.056s]         Instead, use pypa/build, pypa/installer or other
[1.056s]         standards-based tools.
[1.056s] 
[1.056s]         See https://github.com/pypa/setuptools/issues/917 for details.
[1.056s]         ********************************************************************************
[1.056s] 
[1.056s] !!
[1.056s]   easy_install.initialize_options(self)
[1.085s] /home/leo/.local/lib/python3.8/site-packages/setuptools/_distutils/cmd.py:66: SetuptoolsDeprecationWarning: setup.py install is deprecated.
[1.085s] !!
[1.085s] 
[1.085s]         ********************************************************************************
[1.085s]         Please avoid running ``setup.py`` directly.
[1.085s]         Instead, use pypa/build, pypa/installer or other
[1.085s]         standards-based tools.
[1.085s] 
[1.085s]         See https://blog.ganssle.io/articles/2021/10/setup-py-deprecated.html for details.
[1.086s]         ********************************************************************************
[1.086s] 
[1.086s] !!
[1.086s]   self.initialize_options()
[1.249s] running egg_info
[1.263s] writing yolov5_ros.egg-info/PKG-INFO
[1.263s] writing dependency_links to yolov5_ros.egg-info/dependency_links.txt
[1.268s] writing entry points to yolov5_ros.egg-info/entry_points.txt
[1.268s] writing requirements to yolov5_ros.egg-info/requires.txt
[1.268s] writing top-level names to yolov5_ros.egg-info/top_level.txt
[1.300s] reading manifest file 'yolov5_ros.egg-info/SOURCES.txt'
[1.301s] writing manifest file 'yolov5_ros.egg-info/SOURCES.txt'
[1.347s] running build_ext
[1.348s] Creating /home/leo/Documents/GitHub/mando_2023/ws_mando/install/yolov5_ros/lib/python3.8/site-packages/yolov5-ros.egg-link (link to .)
[1.348s] Installing yolov5_ros script to /home/leo/Documents/GitHub/mando_2023/ws_mando/install/yolov5_ros/lib/yolov5_ros
[1.348s] 
[1.348s] Installed /home/leo/Documents/GitHub/mando_2023/ws_mando/build/yolov5_ros
[1.349s] running install_data
[1.374s] Invoked command in '/home/leo/Documents/GitHub/mando_2023/ws_mando/build/yolov5_ros' returned '0': AMENT_PREFIX_PATH=/home/leo/Documents/GitHub/mando_2023/ws_mando/install/bboxes_ex_msgs:${AMENT_PREFIX_PATH} CMAKE_PREFIX_PATH=/home/leo/Documents/GitHub/mando_2023/ws_mando/install/bboxes_ex_msgs:${CMAKE_PREFIX_PATH} LD_LIBRARY_PATH=/home/leo/Documents/GitHub/mando_2023/ws_mando/install/bboxes_ex_msgs/lib:${LD_LIBRARY_PATH} PYTHONPATH=/home/leo/Documents/GitHub/mando_2023/ws_mando/build/yolov5_ros/prefix_override:/home/leo/Documents/GitHub/mando_2023/ws_mando/install/yolov5_ros/lib/python3.8/site-packages:/home/leo/Documents/GitHub/mando_2023/ws_mando/install/bboxes_ex_msgs/lib/python3.8/site-packages:${PYTHONPATH} /usr/bin/python3 setup.py develop --editable --build-directory /home/leo/Documents/GitHub/mando_2023/ws_mando/build/yolov5_ros/build --no-deps install_data
