Symlinking /home/leo/Documents/GitHub/mando_2023/ws_mando/devel/lib/python3/dist-packages/detection_msgs/__init__.py
Symlinking /home/leo/Documents/GitHub/mando_2023/ws_mando/devel/lib/python3/dist-packages/detection_msgs/msg/_BoundingBoxes.py
Symlinking /home/leo/Documents/GitHub/mando_2023/ws_mando/devel/lib/python3/dist-packages/detection_msgs/msg/__init__.py
Symlinking /home/leo/Documents/GitHub/mando_2023/ws_mando/devel/lib/python3/dist-packages/detection_msgs/msg/_BoundingBox.py
Symlinking /home/leo/Documents/GitHub/mando_2023/ws_mando/devel/lib/pkgconfig/detection_msgs.pc
Symlinking /home/leo/Documents/GitHub/mando_2023/ws_mando/devel/include/detection_msgs/BoundingBox.h
Symlinking /home/leo/Documents/GitHub/mando_2023/ws_mando/devel/include/detection_msgs/BoundingBoxes.h
Symlinking /home/leo/Documents/GitHub/mando_2023/ws_mando/devel/share/common-lisp/ros/detection_msgs/msg/_package_BoundingBox.lisp
Symlinking /home/leo/Documents/GitHub/mando_2023/ws_mando/devel/share/common-lisp/ros/detection_msgs/msg/detection_msgs-msg.asd
Symlinking /home/leo/Documents/GitHub/mando_2023/ws_mando/devel/share/common-lisp/ros/detection_msgs/msg/_package.lisp
Symlinking /home/leo/Documents/GitHub/mando_2023/ws_mando/devel/share/common-lisp/ros/detection_msgs/msg/BoundingBoxes.lisp
Symlinking /home/leo/Documents/GitHub/mando_2023/ws_mando/devel/share/common-lisp/ros/detection_msgs/msg/BoundingBox.lisp
Symlinking /home/leo/Documents/GitHub/mando_2023/ws_mando/devel/share/common-lisp/ros/detection_msgs/msg/_package_BoundingBoxes.lisp
Symlinking /home/leo/Documents/GitHub/mando_2023/ws_mando/devel/share/gennodejs/ros/detection_msgs/_index.js
Symlinking /home/leo/Documents/GitHub/mando_2023/ws_mando/devel/share/gennodejs/ros/detection_msgs/msg/_index.js
Symlinking /home/leo/Documents/GitHub/mando_2023/ws_mando/devel/share/gennodejs/ros/detection_msgs/msg/BoundingBoxes.js
Symlinking /home/leo/Documents/GitHub/mando_2023/ws_mando/devel/share/gennodejs/ros/detection_msgs/msg/BoundingBox.js
Symlinking /home/leo/Documents/GitHub/mando_2023/ws_mando/devel/share/detection_msgs/cmake/detection_msgsConfig-version.cmake
Symlinking /home/leo/Documents/GitHub/mando_2023/ws_mando/devel/share/detection_msgs/cmake/detection_msgs-msg-paths.cmake
Symlinking /home/leo/Documents/GitHub/mando_2023/ws_mando/devel/share/detection_msgs/cmake/detection_msgs-msg-extras.cmake
Symlinking /home/leo/Documents/GitHub/mando_2023/ws_mando/devel/share/detection_msgs/cmake/detection_msgsConfig.cmake
Symlinking /home/leo/Documents/GitHub/mando_2023/ws_mando/devel/share/roseus/ros/detection_msgs/manifest.l
Symlinking /home/leo/Documents/GitHub/mando_2023/ws_mando/devel/share/roseus/ros/detection_msgs/msg/BoundingBox.l
Symlinking /home/leo/Documents/GitHub/mando_2023/ws_mando/devel/share/roseus/ros/detection_msgs/msg/BoundingBoxes.l
