[0.868s] Invoking command in '/home/leo/ws_mando/build/yolov5_ros': AMENT_PREFIX_PATH=/home/leo/ws_mando/install/bboxes_ex_msgs:${AMENT_PREFIX_PATH} CMAKE_PREFIX_PATH=/home/leo/ws_mando/install/bboxes_ex_msgs:${CMAKE_PREFIX_PATH} LD_LIBRARY_PATH=/home/leo/ws_mando/install/bboxes_ex_msgs/lib:${LD_LIBRARY_PATH} PYTHONPATH=/home/leo/ws_mando/build/yolov5_ros/prefix_override:/home/leo/ws_mando/install/yolov5_ros/lib/python3.8/site-packages:/home/leo/ws_mando/install/bboxes_ex_msgs/lib/python3.8/site-packages:${PYTHONPATH} /usr/bin/python3 setup.py develop --editable --build-directory /home/leo/ws_mando/build/yolov5_ros/build --no-deps install_data
[1.001s] /home/leo/.local/lib/python3.8/site-packages/setuptools/dist.py:745: SetuptoolsDeprecationWarning: Invalid dash-separated options
[1.001s] !!
[1.001s] 
[1.001s]         ********************************************************************************
[1.001s]         Usage of dash-separated 'script-dir' will not be supported in future
[1.001s]         versions. Please use the underscore name 'script_dir' instead.
[1.001s] 
[1.001s]         By 2023-Sep-26, you need to update your project and remove deprecated calls
[1.001s]         or your builds will no longer be supported.
[1.001s] 
[1.001s]         See https://setuptools.pypa.io/en/latest/userguide/declarative_config.html for details.
[1.001s]         ********************************************************************************
[1.001s] 
[1.001s] !!
[1.001s]   opt = self.warn_dash_deprecation(opt, section)
[1.207s] running develop
[1.207s] /home/leo/.local/lib/python3.8/site-packages/setuptools/command/develop.py:40: EasyInstallDeprecationWarning: easy_install command is deprecated.
[1.207s] !!
[1.207s] 
[1.208s]         ********************************************************************************
[1.208s]         Please avoid running ``setup.py`` and ``easy_install``.
[1.208s]         Instead, use pypa/build, pypa/installer or other
[1.208s]         standards-based tools.
[1.208s] 
[1.208s]         See https://github.com/pypa/setuptools/issues/917 for details.
[1.208s]         ********************************************************************************
[1.208s] 
[1.208s] !!
[1.208s]   easy_install.initialize_options(self)
[1.242s] /home/leo/.local/lib/python3.8/site-packages/setuptools/_distutils/cmd.py:66: SetuptoolsDeprecationWarning: setup.py install is deprecated.
[1.242s] !!
[1.243s] 
[1.243s]         ********************************************************************************
[1.243s]         Please avoid running ``setup.py`` directly.
[1.243s]         Instead, use pypa/build, pypa/installer or other
[1.243s]         standards-based tools.
[1.243s] 
[1.243s]         See https://blog.ganssle.io/articles/2021/10/setup-py-deprecated.html for details.
[1.243s]         ********************************************************************************
[1.243s] 
[1.243s] !!
[1.243s]   self.initialize_options()
[1.436s] running egg_info
[1.436s] creating yolov5_ros.egg-info
[1.453s] writing yolov5_ros.egg-info/PKG-INFO
[1.454s] writing dependency_links to yolov5_ros.egg-info/dependency_links.txt
[1.454s] writing entry points to yolov5_ros.egg-info/entry_points.txt
[1.454s] writing requirements to yolov5_ros.egg-info/requires.txt
[1.454s] writing top-level names to yolov5_ros.egg-info/top_level.txt
[1.455s] writing manifest file 'yolov5_ros.egg-info/SOURCES.txt'
[1.493s] reading manifest file 'yolov5_ros.egg-info/SOURCES.txt'
[1.493s] writing manifest file 'yolov5_ros.egg-info/SOURCES.txt'
[1.552s] running build_ext
[1.552s] Creating /home/leo/ws_mando/install/yolov5_ros/lib/python3.8/site-packages/yolov5-ros.egg-link (link to .)
[1.553s] Installing yolov5_ros script to /home/leo/ws_mando/install/yolov5_ros/lib/yolov5_ros
[1.553s] 
[1.553s] Installed /home/leo/ws_mando/build/yolov5_ros
[1.553s] running install_data
[1.553s] creating /home/leo/ws_mando/install/yolov5_ros/share/ament_index
[1.553s] creating /home/leo/ws_mando/install/yolov5_ros/share/ament_index/resource_index
[1.553s] creating /home/leo/ws_mando/install/yolov5_ros/share/ament_index/resource_index/packages
[1.554s] copying resource/yolov5_ros -> /home/leo/ws_mando/install/yolov5_ros/share/ament_index/resource_index/packages
[1.554s] copying package.xml -> /home/leo/ws_mando/install/yolov5_ros/share/yolov5_ros
[1.554s] copying ./launch/yolov5s_simple.launch.py -> /home/leo/ws_mando/install/yolov5_ros/share/yolov5_ros
[1.581s] Invoked command in '/home/leo/ws_mando/build/yolov5_ros' returned '0': AMENT_PREFIX_PATH=/home/leo/ws_mando/install/bboxes_ex_msgs:${AMENT_PREFIX_PATH} CMAKE_PREFIX_PATH=/home/leo/ws_mando/install/bboxes_ex_msgs:${CMAKE_PREFIX_PATH} LD_LIBRARY_PATH=/home/leo/ws_mando/install/bboxes_ex_msgs/lib:${LD_LIBRARY_PATH} PYTHONPATH=/home/leo/ws_mando/build/yolov5_ros/prefix_override:/home/leo/ws_mando/install/yolov5_ros/lib/python3.8/site-packages:/home/leo/ws_mando/install/bboxes_ex_msgs/lib/python3.8/site-packages:${PYTHONPATH} /usr/bin/python3 setup.py develop --editable --build-directory /home/leo/ws_mando/build/yolov5_ros/build --no-deps install_data
