[0.764s] Invoking command in '/home/leo/ws_mando/build/yolov5_ros': PYTHONPATH=/home/leo/ws_mando/build/yolov5_ros/prefix_override:/home/leo/ws_mando/install/yolov5_ros/lib/python3.8/site-packages:/home/leo/ws_mando/install/bboxes_ex_msgs/lib/python3.8/site-packages:/home/leo/ws_mando/build/yolov5_ros:/home/leo/ws_mando/install/yolov5_ros/lib/python3.8/site-packages:/home/leo/gcamp_ros2_ws/install/turtlesim/lib/python3.8/site-packages:/home/leo/gcamp_ros2_ws/build/test_robot_localization:/home/leo/gcamp_ros2_ws/install/test_robot_localization/lib/python3.8/site-packages:/home/leo/gcamp_ros2_ws/build/py_topic_pkg:/home/leo/gcamp_ros2_ws/install/py_topic_pkg/lib/python3.8/site-packages:/home/leo/gcamp_ros2_ws/build/py_service_pkg:/home/leo/gcamp_ros2_ws/install/py_service_pkg/lib/python3.8/site-packages:/home/leo/gcamp_ros2_ws/build/py_first_pkg:/home/leo/gcamp_ros2_ws/install/py_first_pkg/lib/python3.8/site-packages:/home/leo/gcamp_ros2_ws/build/py_action_pkg:/home/leo/gcamp_ros2_ws/install/py_action_pkg/lib/python3.8/site-packages:/home/leo/gcamp_ros2_ws/install/custom_interfaces/lib/python3.8/site-packages:/opt/ros/foxy/lib/python3.8/site-packages /usr/bin/python3 setup.py develop --editable --build-directory /home/leo/ws_mando/build/yolov5_ros/build --no-deps install_data
[0.881s] /home/leo/.local/lib/python3.8/site-packages/setuptools/dist.py:745: SetuptoolsDeprecationWarning: Invalid dash-separated options
[0.881s] !!
[0.881s] 
[0.881s]         ********************************************************************************
[0.881s]         Usage of dash-separated 'script-dir' will not be supported in future
[0.881s]         versions. Please use the underscore name 'script_dir' instead.
[0.881s] 
[0.881s]         By 2023-Sep-26, you need to update your project and remove deprecated calls
[0.882s]         or your builds will no longer be supported.
[0.882s] 
[0.882s]         See https://setuptools.pypa.io/en/latest/userguide/declarative_config.html for details.
[0.882s]         ********************************************************************************
[0.882s] 
[0.882s] !!
[0.882s]   opt = self.warn_dash_deprecation(opt, section)
[1.056s] running develop
[1.056s] /home/leo/.local/lib/python3.8/site-packages/setuptools/command/develop.py:40: EasyInstallDeprecationWarning: easy_install command is deprecated.
[1.056s] !!
[1.056s] 
[1.056s]         ********************************************************************************
[1.056s]         Please avoid running ``setup.py`` and ``easy_install``.
[1.056s]         Instead, use pypa/build, pypa/installer or other
[1.056s]         standards-based tools.
[1.056s] 
[1.056s]         See https://github.com/pypa/setuptools/issues/917 for details.
[1.056s]         ********************************************************************************
[1.056s] 
[1.056s] !!
[1.056s]   easy_install.initialize_options(self)
[1.086s] /home/leo/.local/lib/python3.8/site-packages/setuptools/_distutils/cmd.py:66: SetuptoolsDeprecationWarning: setup.py install is deprecated.
[1.086s] !!
[1.086s] 
[1.086s]         ********************************************************************************
[1.086s]         Please avoid running ``setup.py`` directly.
[1.086s]         Instead, use pypa/build, pypa/installer or other
[1.086s]         standards-based tools.
[1.086s] 
[1.086s]         See https://blog.ganssle.io/articles/2021/10/setup-py-deprecated.html for details.
[1.086s]         ********************************************************************************
[1.086s] 
[1.086s] !!
[1.086s]   self.initialize_options()
[1.250s] running egg_info
[1.265s] writing yolov5_ros.egg-info/PKG-INFO
[1.265s] writing dependency_links to yolov5_ros.egg-info/dependency_links.txt
[1.269s] writing entry points to yolov5_ros.egg-info/entry_points.txt
[1.270s] writing requirements to yolov5_ros.egg-info/requires.txt
[1.270s] writing top-level names to yolov5_ros.egg-info/top_level.txt
[1.306s] reading manifest file 'yolov5_ros.egg-info/SOURCES.txt'
[1.306s] writing manifest file 'yolov5_ros.egg-info/SOURCES.txt'
[1.354s] running build_ext
[1.354s] Creating /home/leo/ws_mando/install/yolov5_ros/lib/python3.8/site-packages/yolov5-ros.egg-link (link to .)
[1.354s] Installing yolov5_ros script to /home/leo/ws_mando/install/yolov5_ros/lib/yolov5_ros
[1.355s] 
[1.355s] Installed /home/leo/ws_mando/build/yolov5_ros
[1.355s] running install_data
[1.387s] Invoked command in '/home/leo/ws_mando/build/yolov5_ros' returned '0': PYTHONPATH=/home/leo/ws_mando/build/yolov5_ros/prefix_override:/home/leo/ws_mando/install/yolov5_ros/lib/python3.8/site-packages:/home/leo/ws_mando/install/bboxes_ex_msgs/lib/python3.8/site-packages:/home/leo/ws_mando/build/yolov5_ros:/home/leo/ws_mando/install/yolov5_ros/lib/python3.8/site-packages:/home/leo/gcamp_ros2_ws/install/turtlesim/lib/python3.8/site-packages:/home/leo/gcamp_ros2_ws/build/test_robot_localization:/home/leo/gcamp_ros2_ws/install/test_robot_localization/lib/python3.8/site-packages:/home/leo/gcamp_ros2_ws/build/py_topic_pkg:/home/leo/gcamp_ros2_ws/install/py_topic_pkg/lib/python3.8/site-packages:/home/leo/gcamp_ros2_ws/build/py_service_pkg:/home/leo/gcamp_ros2_ws/install/py_service_pkg/lib/python3.8/site-packages:/home/leo/gcamp_ros2_ws/build/py_first_pkg:/home/leo/gcamp_ros2_ws/install/py_first_pkg/lib/python3.8/site-packages:/home/leo/gcamp_ros2_ws/build/py_action_pkg:/home/leo/gcamp_ros2_ws/install/py_action_pkg/lib/python3.8/site-packages:/home/leo/gcamp_ros2_ws/install/custom_interfaces/lib/python3.8/site-packages:/opt/ros/foxy/lib/python3.8/site-packages /usr/bin/python3 setup.py develop --editable --build-directory /home/leo/ws_mando/build/yolov5_ros/build --no-deps install_data
