[0.017s] Invoking command in '/home/leo/ws_mando/build/bboxes_ex_msgs': CMAKE_PREFIX_PATH=${CMAKE_PREFIX_PATH}:/home/leo/ws_mando/install/yolov5_ros:/home/leo/gcamp_ros2_ws/install/test_robot_localization:/home/leo/gcamp_ros2_ws/install/py_topic_pkg:/home/leo/gcamp_ros2_ws/install/py_service_pkg:/home/leo/gcamp_ros2_ws/install/py_first_pkg:/home/leo/gcamp_ros2_ws/install/py_action_pkg:/opt/ros/foxy /home/leo/.local/bin/cmake --build /home/leo/ws_mando/build/bboxes_ex_msgs -- -j12 -l12
[0.063s] [  2%] Built target bboxes_ex_msgs__cpp
[0.064s] [ 12%] Built target bboxes_ex_msgs__rosidl_generator_c
[0.074s] [ 23%] Built target bboxes_ex_msgs__rosidl_typesupport_cpp
[0.074s] [ 33%] Built target bboxes_ex_msgs__rosidl_typesupport_c
[0.074s] [ 48%] Built target bboxes_ex_msgs__rosidl_typesupport_introspection_c
[0.074s] [ 53%] Built target bboxes_ex_msgs__rosidl_typesupport_fastrtps_cpp
[0.074s] [ 64%] Built target bboxes_ex_msgs__rosidl_typesupport_introspection_cpp
[0.083s] [ 74%] Built target bboxes_ex_msgs__rosidl_typesupport_fastrtps_c
[0.090s] [ 74%] Built target bboxes_ex_msgs
[0.098s] [ 76%] Built target bboxes_ex_msgs__py
[0.107s] [ 84%] Built target bboxes_ex_msgs__python
[0.116s] [ 92%] Built target bboxes_ex_msgs__rosidl_typesupport_c__pyext
[0.117s] [ 94%] Built target bboxes_ex_msgs__rosidl_typesupport_introspection_c__pyext
[0.117s] [100%] Built target bboxes_ex_msgs__rosidl_typesupport_fastrtps_c__pyext
[0.124s] Invoked command in '/home/leo/ws_mando/build/bboxes_ex_msgs' returned '0': CMAKE_PREFIX_PATH=${CMAKE_PREFIX_PATH}:/home/leo/ws_mando/install/yolov5_ros:/home/leo/gcamp_ros2_ws/install/test_robot_localization:/home/leo/gcamp_ros2_ws/install/py_topic_pkg:/home/leo/gcamp_ros2_ws/install/py_service_pkg:/home/leo/gcamp_ros2_ws/install/py_first_pkg:/home/leo/gcamp_ros2_ws/install/py_action_pkg:/opt/ros/foxy /home/leo/.local/bin/cmake --build /home/leo/ws_mando/build/bboxes_ex_msgs -- -j12 -l12
[0.239s] Invoking command in '/home/leo/ws_mando/build/bboxes_ex_msgs': CMAKE_PREFIX_PATH=${CMAKE_PREFIX_PATH}:/home/leo/ws_mando/install/yolov5_ros:/home/leo/gcamp_ros2_ws/install/test_robot_localization:/home/leo/gcamp_ros2_ws/install/py_topic_pkg:/home/leo/gcamp_ros2_ws/install/py_service_pkg:/home/leo/gcamp_ros2_ws/install/py_first_pkg:/home/leo/gcamp_ros2_ws/install/py_action_pkg:/opt/ros/foxy /home/leo/.local/bin/cmake --install /home/leo/ws_mando/build/bboxes_ex_msgs
[0.267s] -- Install configuration: ""
[0.267s] -- Execute custom install script
[0.267s] -- Up-to-date symlink: /home/leo/ws_mando/install/bboxes_ex_msgs/share/ament_index/resource_index/rosidl_interfaces/bboxes_ex_msgs
[0.268s] -- Up-to-date symlink: /home/leo/ws_mando/install/bboxes_ex_msgs/include/bboxes_ex_msgs/msg/bounding_box.h
[0.268s] -- Up-to-date symlink: /home/leo/ws_mando/install/bboxes_ex_msgs/include/bboxes_ex_msgs/msg/bounding_boxes.h
[0.268s] -- Up-to-date symlink: /home/leo/ws_mando/install/bboxes_ex_msgs/include/bboxes_ex_msgs/msg/detail/bounding_box__functions.h
[0.268s] -- Up-to-date symlink: /home/leo/ws_mando/install/bboxes_ex_msgs/include/bboxes_ex_msgs/msg/detail/bounding_box__struct.h
[0.268s] -- Up-to-date symlink: /home/leo/ws_mando/install/bboxes_ex_msgs/include/bboxes_ex_msgs/msg/detail/bounding_box__type_support.h
[0.268s] -- Up-to-date symlink: /home/leo/ws_mando/install/bboxes_ex_msgs/include/bboxes_ex_msgs/msg/detail/bounding_boxes__functions.h
[0.269s] -- Up-to-date symlink: /home/leo/ws_mando/install/bboxes_ex_msgs/include/bboxes_ex_msgs/msg/detail/bounding_boxes__struct.h
[0.269s] -- Up-to-date symlink: /home/leo/ws_mando/install/bboxes_ex_msgs/include/bboxes_ex_msgs/msg/detail/bounding_boxes__type_support.h
[0.269s] -- Up-to-date symlink: /home/leo/ws_mando/install/bboxes_ex_msgs/include/bboxes_ex_msgs/msg/rosidl_generator_c__visibility_control.h
[0.269s] -- Up-to-date symlink: /home/leo/ws_mando/install/bboxes_ex_msgs/share/bboxes_ex_msgs/environment/library_path.sh
[0.269s] -- Up-to-date symlink: /home/leo/ws_mando/install/bboxes_ex_msgs/share/bboxes_ex_msgs/environment/library_path.dsv
[0.269s] -- Up-to-date symlink: /home/leo/ws_mando/install/bboxes_ex_msgs/include/bboxes_ex_msgs/msg/detail/bounding_box__rosidl_typesupport_fastrtps_c.h
[0.270s] -- Up-to-date symlink: /home/leo/ws_mando/install/bboxes_ex_msgs/include/bboxes_ex_msgs/msg/detail/bounding_boxes__rosidl_typesupport_fastrtps_c.h
[0.270s] -- Up-to-date symlink: /home/leo/ws_mando/install/bboxes_ex_msgs/include/bboxes_ex_msgs/msg/rosidl_typesupport_fastrtps_c__visibility_control.h
[0.270s] -- Up-to-date symlink: /home/leo/ws_mando/install/bboxes_ex_msgs/lib/libbboxes_ex_msgs__rosidl_typesupport_fastrtps_c.so
[0.271s] -- Up-to-date symlink: /home/leo/ws_mando/install/bboxes_ex_msgs/include/bboxes_ex_msgs/msg/detail/bounding_box__rosidl_typesupport_fastrtps_cpp.hpp
[0.271s] -- Up-to-date symlink: /home/leo/ws_mando/install/bboxes_ex_msgs/include/bboxes_ex_msgs/msg/detail/bounding_boxes__rosidl_typesupport_fastrtps_cpp.hpp
[0.271s] -- Up-to-date symlink: /home/leo/ws_mando/install/bboxes_ex_msgs/include/bboxes_ex_msgs/msg/rosidl_typesupport_fastrtps_cpp__visibility_control.h
[0.271s] -- Up-to-date symlink: /home/leo/ws_mando/install/bboxes_ex_msgs/lib/libbboxes_ex_msgs__rosidl_typesupport_fastrtps_cpp.so
[0.271s] -- Up-to-date symlink: /home/leo/ws_mando/install/bboxes_ex_msgs/include/bboxes_ex_msgs/msg/detail/bounding_box__rosidl_typesupport_introspection_c.h
[0.272s] -- Up-to-date symlink: /home/leo/ws_mando/install/bboxes_ex_msgs/include/bboxes_ex_msgs/msg/detail/bounding_boxes__rosidl_typesupport_introspection_c.h
[0.272s] -- Up-to-date symlink: /home/leo/ws_mando/install/bboxes_ex_msgs/include/bboxes_ex_msgs/msg/rosidl_typesupport_introspection_c__visibility_control.h
[0.272s] -- Up-to-date symlink: /home/leo/ws_mando/install/bboxes_ex_msgs/include/bboxes_ex_msgs/msg/bounding_box.hpp
[0.272s] -- Up-to-date symlink: /home/leo/ws_mando/install/bboxes_ex_msgs/include/bboxes_ex_msgs/msg/bounding_boxes.hpp
[0.272s] -- Up-to-date symlink: /home/leo/ws_mando/install/bboxes_ex_msgs/include/bboxes_ex_msgs/msg/detail/bounding_box__builder.hpp
[0.272s] -- Up-to-date symlink: /home/leo/ws_mando/install/bboxes_ex_msgs/include/bboxes_ex_msgs/msg/detail/bounding_box__struct.hpp
[0.273s] -- Up-to-date symlink: /home/leo/ws_mando/install/bboxes_ex_msgs/include/bboxes_ex_msgs/msg/detail/bounding_box__traits.hpp
[0.273s] -- Up-to-date symlink: /home/leo/ws_mando/install/bboxes_ex_msgs/include/bboxes_ex_msgs/msg/detail/bounding_box__type_support.hpp
[0.273s] -- Up-to-date symlink: /home/leo/ws_mando/install/bboxes_ex_msgs/include/bboxes_ex_msgs/msg/detail/bounding_boxes__builder.hpp
[0.273s] -- Up-to-date symlink: /home/leo/ws_mando/install/bboxes_ex_msgs/include/bboxes_ex_msgs/msg/detail/bounding_boxes__struct.hpp
[0.273s] -- Up-to-date symlink: /home/leo/ws_mando/install/bboxes_ex_msgs/include/bboxes_ex_msgs/msg/detail/bounding_boxes__traits.hpp
[0.273s] -- Up-to-date symlink: /home/leo/ws_mando/install/bboxes_ex_msgs/include/bboxes_ex_msgs/msg/detail/bounding_boxes__type_support.hpp
[0.273s] -- Up-to-date symlink: /home/leo/ws_mando/install/bboxes_ex_msgs/include/bboxes_ex_msgs/msg/rosidl_generator_cpp__visibility_control.hpp
[0.273s] -- Up-to-date symlink: /home/leo/ws_mando/install/bboxes_ex_msgs/include/bboxes_ex_msgs/msg/detail/bounding_box__rosidl_typesupport_introspection_cpp.hpp
[0.274s] -- Up-to-date symlink: /home/leo/ws_mando/install/bboxes_ex_msgs/include/bboxes_ex_msgs/msg/detail/bounding_boxes__rosidl_typesupport_introspection_cpp.hpp
[0.274s] -- Up-to-date symlink: /home/leo/ws_mando/install/bboxes_ex_msgs/share/bboxes_ex_msgs/environment/pythonpath.sh
[0.274s] -- Up-to-date symlink: /home/leo/ws_mando/install/bboxes_ex_msgs/share/bboxes_ex_msgs/environment/pythonpath.dsv
[0.274s] -- Up-to-date symlink: /home/leo/ws_mando/install/bboxes_ex_msgs/lib/python3.8/site-packages/bboxes_ex_msgs/__init__.py
[0.274s] -- Up-to-date symlink: /home/leo/ws_mando/install/bboxes_ex_msgs/lib/python3.8/site-packages/bboxes_ex_msgs/msg/__init__.py
[0.275s] -- Up-to-date symlink: /home/leo/ws_mando/install/bboxes_ex_msgs/lib/python3.8/site-packages/bboxes_ex_msgs/msg/_bounding_box.py
[0.275s] -- Up-to-date symlink: /home/leo/ws_mando/install/bboxes_ex_msgs/lib/python3.8/site-packages/bboxes_ex_msgs/msg/_bounding_boxes.py
[0.275s] -- Up-to-date symlink: /home/leo/ws_mando/install/bboxes_ex_msgs/lib/python3.8/site-packages/bboxes_ex_msgs/bboxes_ex_msgs_s__rosidl_typesupport_fastrtps_c.cpython-38-x86_64-linux-gnu.so
[0.275s] -- Up-to-date symlink: /home/leo/ws_mando/install/bboxes_ex_msgs/lib/python3.8/site-packages/bboxes_ex_msgs/bboxes_ex_msgs_s__rosidl_typesupport_introspection_c.cpython-38-x86_64-linux-gnu.so
[0.275s] -- Up-to-date symlink: /home/leo/ws_mando/install/bboxes_ex_msgs/lib/python3.8/site-packages/bboxes_ex_msgs/bboxes_ex_msgs_s__rosidl_typesupport_c.cpython-38-x86_64-linux-gnu.so
[0.276s] -- Up-to-date symlink: /home/leo/ws_mando/install/bboxes_ex_msgs/lib/libbboxes_ex_msgs__python.so
[0.276s] -- Up-to-date symlink: /home/leo/ws_mando/install/bboxes_ex_msgs/share/bboxes_ex_msgs/msg/BoundingBox.idl
[0.276s] -- Up-to-date symlink: /home/leo/ws_mando/install/bboxes_ex_msgs/share/bboxes_ex_msgs/msg/BoundingBoxes.idl
[0.276s] -- Up-to-date symlink: /home/leo/ws_mando/install/bboxes_ex_msgs/share/bboxes_ex_msgs/msg/BoundingBox.msg
[0.276s] -- Up-to-date symlink: /home/leo/ws_mando/install/bboxes_ex_msgs/share/bboxes_ex_msgs/msg/BoundingBoxes.msg
[0.276s] -- Up-to-date symlink: /home/leo/ws_mando/install/bboxes_ex_msgs/share/ament_index/resource_index/package_run_dependencies/bboxes_ex_msgs
[0.277s] -- Up-to-date symlink: /home/leo/ws_mando/install/bboxes_ex_msgs/share/ament_index/resource_index/parent_prefix_path/bboxes_ex_msgs
[0.277s] -- Up-to-date symlink: /home/leo/ws_mando/install/bboxes_ex_msgs/share/bboxes_ex_msgs/environment/ament_prefix_path.sh
[0.277s] -- Up-to-date symlink: /home/leo/ws_mando/install/bboxes_ex_msgs/share/bboxes_ex_msgs/environment/ament_prefix_path.dsv
[0.277s] -- Up-to-date symlink: /home/leo/ws_mando/install/bboxes_ex_msgs/share/bboxes_ex_msgs/environment/path.sh
[0.277s] -- Up-to-date symlink: /home/leo/ws_mando/install/bboxes_ex_msgs/share/bboxes_ex_msgs/environment/path.dsv
[0.277s] -- Up-to-date symlink: /home/leo/ws_mando/install/bboxes_ex_msgs/share/bboxes_ex_msgs/local_setup.bash
[0.278s] -- Up-to-date symlink: /home/leo/ws_mando/install/bboxes_ex_msgs/share/bboxes_ex_msgs/local_setup.sh
[0.278s] -- Up-to-date symlink: /home/leo/ws_mando/install/bboxes_ex_msgs/share/bboxes_ex_msgs/local_setup.zsh
[0.278s] -- Up-to-date symlink: /home/leo/ws_mando/install/bboxes_ex_msgs/share/bboxes_ex_msgs/local_setup.dsv
[0.278s] -- Symlinking: /home/leo/ws_mando/install/bboxes_ex_msgs/share/bboxes_ex_msgs/package.dsv
[0.280s] -- Up-to-date symlink: /home/leo/ws_mando/install/bboxes_ex_msgs/share/ament_index/resource_index/packages/bboxes_ex_msgs
[0.281s] -- Up-to-date symlink: /home/leo/ws_mando/install/bboxes_ex_msgs/share/bboxes_ex_msgs/cmake/rosidl_cmake-extras.cmake
[0.281s] -- Up-to-date symlink: /home/leo/ws_mando/install/bboxes_ex_msgs/share/bboxes_ex_msgs/cmake/ament_cmake_export_dependencies-extras.cmake
[0.281s] -- Up-to-date symlink: /home/leo/ws_mando/install/bboxes_ex_msgs/share/bboxes_ex_msgs/cmake/ament_cmake_export_libraries-extras.cmake
[0.281s] -- Up-to-date symlink: /home/leo/ws_mando/install/bboxes_ex_msgs/share/bboxes_ex_msgs/cmake/ament_cmake_export_targets-extras.cmake
[0.281s] -- Up-to-date symlink: /home/leo/ws_mando/install/bboxes_ex_msgs/share/bboxes_ex_msgs/cmake/ament_cmake_export_include_directories-extras.cmake
[0.281s] -- Up-to-date symlink: /home/leo/ws_mando/install/bboxes_ex_msgs/share/bboxes_ex_msgs/cmake/rosidl_cmake_export_typesupport_libraries-extras.cmake
[0.282s] -- Up-to-date symlink: /home/leo/ws_mando/install/bboxes_ex_msgs/share/bboxes_ex_msgs/cmake/rosidl_cmake_export_typesupport_targets-extras.cmake
[0.282s] -- Up-to-date symlink: /home/leo/ws_mando/install/bboxes_ex_msgs/share/bboxes_ex_msgs/cmake/bboxes_ex_msgsConfig.cmake
[0.282s] -- Up-to-date symlink: /home/leo/ws_mando/install/bboxes_ex_msgs/share/bboxes_ex_msgs/cmake/bboxes_ex_msgsConfig-version.cmake
[0.282s] -- Up-to-date symlink: /home/leo/ws_mando/install/bboxes_ex_msgs/share/bboxes_ex_msgs/package.xml
[0.282s] -- Up-to-date: /home/leo/ws_mando/install/bboxes_ex_msgs/lib/libbboxes_ex_msgs__rosidl_generator_c.so
[0.283s] -- Up-to-date: /home/leo/ws_mando/install/bboxes_ex_msgs/lib/libbboxes_ex_msgs__rosidl_typesupport_introspection_c.so
[0.283s] -- Up-to-date: /home/leo/ws_mando/install/bboxes_ex_msgs/lib/libbboxes_ex_msgs__rosidl_typesupport_c.so
[0.283s] -- Up-to-date: /home/leo/ws_mando/install/bboxes_ex_msgs/lib/libbboxes_ex_msgs__rosidl_typesupport_introspection_cpp.so
[0.284s] -- Up-to-date: /home/leo/ws_mando/install/bboxes_ex_msgs/lib/libbboxes_ex_msgs__rosidl_typesupport_cpp.so
[0.317s] -- Up-to-date: /home/leo/ws_mando/install/bboxes_ex_msgs/share/bboxes_ex_msgs/cmake/bboxes_ex_msgs__rosidl_generator_cExport.cmake
[0.317s] -- Up-to-date: /home/leo/ws_mando/install/bboxes_ex_msgs/share/bboxes_ex_msgs/cmake/bboxes_ex_msgs__rosidl_generator_cExport-noconfig.cmake
[0.317s] -- Up-to-date: /home/leo/ws_mando/install/bboxes_ex_msgs/share/bboxes_ex_msgs/cmake/bboxes_ex_msgs__rosidl_typesupport_introspection_cExport.cmake
[0.317s] -- Up-to-date: /home/leo/ws_mando/install/bboxes_ex_msgs/share/bboxes_ex_msgs/cmake/bboxes_ex_msgs__rosidl_typesupport_introspection_cExport-noconfig.cmake
[0.317s] -- Up-to-date: /home/leo/ws_mando/install/bboxes_ex_msgs/share/bboxes_ex_msgs/cmake/bboxes_ex_msgs__rosidl_typesupport_cExport.cmake
[0.318s] -- Up-to-date: /home/leo/ws_mando/install/bboxes_ex_msgs/share/bboxes_ex_msgs/cmake/bboxes_ex_msgs__rosidl_typesupport_cExport-noconfig.cmake
[0.318s] -- Up-to-date: /home/leo/ws_mando/install/bboxes_ex_msgs/share/bboxes_ex_msgs/cmake/bboxes_ex_msgs__rosidl_generator_cppExport.cmake
[0.318s] -- Up-to-date: /home/leo/ws_mando/install/bboxes_ex_msgs/share/bboxes_ex_msgs/cmake/bboxes_ex_msgs__rosidl_typesupport_introspection_cppExport.cmake
[0.318s] -- Up-to-date: /home/leo/ws_mando/install/bboxes_ex_msgs/share/bboxes_ex_msgs/cmake/bboxes_ex_msgs__rosidl_typesupport_introspection_cppExport-noconfig.cmake
[0.318s] -- Up-to-date: /home/leo/ws_mando/install/bboxes_ex_msgs/share/bboxes_ex_msgs/cmake/bboxes_ex_msgs__rosidl_typesupport_cppExport.cmake
[0.318s] -- Up-to-date: /home/leo/ws_mando/install/bboxes_ex_msgs/share/bboxes_ex_msgs/cmake/bboxes_ex_msgs__rosidl_typesupport_cppExport-noconfig.cmake
[0.323s] Invoked command in '/home/leo/ws_mando/build/bboxes_ex_msgs' returned '0': CMAKE_PREFIX_PATH=${CMAKE_PREFIX_PATH}:/home/leo/ws_mando/install/yolov5_ros:/home/leo/gcamp_ros2_ws/install/test_robot_localization:/home/leo/gcamp_ros2_ws/install/py_topic_pkg:/home/leo/gcamp_ros2_ws/install/py_service_pkg:/home/leo/gcamp_ros2_ws/install/py_first_pkg:/home/leo/gcamp_ros2_ws/install/py_action_pkg:/opt/ros/foxy /home/leo/.local/bin/cmake --install /home/leo/ws_mando/build/bboxes_ex_msgs
