[0.747s] Invoking command in '/home/leo/Documents/GitHub/mando_2023/ws_mando/build/yolov5_ros': AMENT_PREFIX_PATH=/home/leo/Documents/GitHub/mando_2023/ws_mando/install/bboxes_ex_msgs:${AMENT_PREFIX_PATH} CMAKE_PREFIX_PATH=/home/leo/Documents/GitHub/mando_2023/ws_mando/install/bboxes_ex_msgs:${CMAKE_PREFIX_PATH} LD_LIBRARY_PATH=/home/leo/Documents/GitHub/mando_2023/ws_mando/install/bboxes_ex_msgs/lib:${LD_LIBRARY_PATH} PYTHONPATH=/home/leo/Documents/GitHub/mando_2023/ws_mando/build/yolov5_ros/prefix_override:/home/leo/Documents/GitHub/mando_2023/ws_mando/install/yolov5_ros/lib/python3.8/site-packages:/home/leo/Documents/GitHub/mando_2023/ws_mando/install/bboxes_ex_msgs/lib/python3.8/site-packages:${PYTHONPATH} /usr/bin/python3 setup.py develop --editable --build-directory /home/leo/Documents/GitHub/mando_2023/ws_mando/build/yolov5_ros/build --no-deps install_data
[0.862s] /home/leo/.local/lib/python3.8/site-packages/setuptools/dist.py:745: SetuptoolsDeprecationWarning: Invalid dash-separated options
[0.862s] !!
[0.862s] 
[0.862s]         ********************************************************************************
[0.862s]         Usage of dash-separated 'script-dir' will not be supported in future
[0.862s]         versions. Please use the underscore name 'script_dir' instead.
[0.862s] 
[0.862s]         By 2023-Sep-26, you need to update your project and remove deprecated calls
[0.862s]         or your builds will no longer be supported.
[0.862s] 
[0.862s]         See https://setuptools.pypa.io/en/latest/userguide/declarative_config.html for details.
[0.862s]         ********************************************************************************
[0.862s] 
[0.862s] !!
[0.863s]   opt = self.warn_dash_deprecation(opt, section)
[1.036s] running develop
[1.036s] /home/leo/.local/lib/python3.8/site-packages/setuptools/command/develop.py:40: EasyInstallDeprecationWarning: easy_install command is deprecated.
[1.036s] !!
[1.036s] 
[1.036s]         ********************************************************************************
[1.036s]         Please avoid running ``setup.py`` and ``easy_install``.
[1.036s]         Instead, use pypa/build, pypa/installer or other
[1.036s]         standards-based tools.
[1.036s] 
[1.036s]         See https://github.com/pypa/setuptools/issues/917 for details.
[1.036s]         ********************************************************************************
[1.036s] 
[1.036s] !!
[1.036s]   easy_install.initialize_options(self)
[1.065s] /home/leo/.local/lib/python3.8/site-packages/setuptools/_distutils/cmd.py:66: SetuptoolsDeprecationWarning: setup.py install is deprecated.
[1.065s] !!
[1.065s] 
[1.065s]         ********************************************************************************
[1.065s]         Please avoid running ``setup.py`` directly.
[1.065s]         Instead, use pypa/build, pypa/installer or other
[1.065s]         standards-based tools.
[1.065s] 
[1.065s]         See https://blog.ganssle.io/articles/2021/10/setup-py-deprecated.html for details.
[1.065s]         ********************************************************************************
[1.065s] 
[1.065s] !!
[1.065s]   self.initialize_options()
[1.244s] running egg_info
[1.257s] writing yolov5_ros.egg-info/PKG-INFO
[1.258s] writing dependency_links to yolov5_ros.egg-info/dependency_links.txt
[1.258s] writing entry points to yolov5_ros.egg-info/entry_points.txt
[1.258s] writing requirements to yolov5_ros.egg-info/requires.txt
[1.258s] writing top-level names to yolov5_ros.egg-info/top_level.txt
[1.289s] reading manifest file 'yolov5_ros.egg-info/SOURCES.txt'
[1.290s] writing manifest file 'yolov5_ros.egg-info/SOURCES.txt'
[1.337s] running build_ext
[1.337s] Creating /home/leo/Documents/GitHub/mando_2023/ws_mando/install/yolov5_ros/lib/python3.8/site-packages/yolov5-ros.egg-link (link to .)
[1.338s] Installing yolov5_ros script to /home/leo/Documents/GitHub/mando_2023/ws_mando/install/yolov5_ros/lib/yolov5_ros
[1.338s] 
[1.338s] Installed /home/leo/Documents/GitHub/mando_2023/ws_mando/build/yolov5_ros
[1.338s] running install_data
[1.361s] Invoked command in '/home/leo/Documents/GitHub/mando_2023/ws_mando/build/yolov5_ros' returned '0': AMENT_PREFIX_PATH=/home/leo/Documents/GitHub/mando_2023/ws_mando/install/bboxes_ex_msgs:${AMENT_PREFIX_PATH} CMAKE_PREFIX_PATH=/home/leo/Documents/GitHub/mando_2023/ws_mando/install/bboxes_ex_msgs:${CMAKE_PREFIX_PATH} LD_LIBRARY_PATH=/home/leo/Documents/GitHub/mando_2023/ws_mando/install/bboxes_ex_msgs/lib:${LD_LIBRARY_PATH} PYTHONPATH=/home/leo/Documents/GitHub/mando_2023/ws_mando/build/yolov5_ros/prefix_override:/home/leo/Documents/GitHub/mando_2023/ws_mando/install/yolov5_ros/lib/python3.8/site-packages:/home/leo/Documents/GitHub/mando_2023/ws_mando/install/bboxes_ex_msgs/lib/python3.8/site-packages:${PYTHONPATH} /usr/bin/python3 setup.py develop --editable --build-directory /home/leo/Documents/GitHub/mando_2023/ws_mando/build/yolov5_ros/build --no-deps install_data
