[0.014s] Invoking command in '/home/leo/ws_mando/build/bboxes_ex_msgs': CMAKE_PREFIX_PATH=${CMAKE_PREFIX_PATH}:/home/leo/gcamp_ros2_ws/install/test_robot_localization:/home/leo/gcamp_ros2_ws/install/py_topic_pkg:/home/leo/gcamp_ros2_ws/install/py_service_pkg:/home/leo/gcamp_ros2_ws/install/py_first_pkg:/home/leo/gcamp_ros2_ws/install/py_action_pkg:/opt/ros/foxy /home/leo/.local/bin/cmake /home/leo/ws_mando/bbox_ex_msgs -DAMENT_CMAKE_SYMLINK_INSTALL=1 -DCMAKE_INSTALL_PREFIX=/home/leo/ws_mando/install/bboxes_ex_msgs
[0.247s] -- The C compiler identification is GNU 9.4.0
[0.508s] -- The CXX compiler identification is GNU 9.4.0
[0.526s] -- Detecting C compiler ABI info
[0.583s] -- Detecting C compiler ABI info - done
[0.592s] -- Check for working C compiler: /usr/bin/cc - skipped
[0.593s] -- Detecting C compile features
[0.593s] -- Detecting C compile features - done
[0.599s] -- Detecting CXX compiler ABI info
[0.659s] -- Detecting CXX compiler ABI info - done
[0.671s] -- Check for working CXX compiler: /usr/bin/c++ - skipped
[0.671s] -- Detecting CXX compile features
[0.671s] -- Detecting CXX compile features - done
[0.675s] -- Found ament_cmake: 0.9.12 (/opt/ros/foxy/share/ament_cmake/cmake)
[0.708s] -- Found PythonInterp: /usr/bin/python3 (found suitable version "3.8.10", minimum required is "3") 
[0.708s] -- Using PYTHON_EXECUTABLE: /usr/bin/python3
[0.892s] -- Override CMake install command with custom implementation using symlinks instead of copying resources
[0.944s] -- Found builtin_interfaces: 1.0.0 (/opt/ros/foxy/share/builtin_interfaces/cmake)
[0.989s] -- Using all available rosidl_typesupport_c: rosidl_typesupport_fastrtps_c;rosidl_typesupport_introspection_c
[1.002s] -- Found rosidl_adapter: 1.3.1 (/opt/ros/foxy/share/rosidl_adapter/cmake)
[1.098s] -- Found OpenSSL: /usr/lib/x86_64-linux-gnu/libcrypto.so (found version "1.1.1f")  
[1.131s] -- Found FastRTPS: /opt/ros/foxy/include  
[1.232s] -- Using all available rosidl_typesupport_cpp: rosidl_typesupport_fastrtps_cpp;rosidl_typesupport_introspection_cpp
[1.274s] -- Found std_msgs: 2.0.5 (/opt/ros/foxy/share/std_msgs/cmake)
[1.297s] -- Found rosidl_default_generators: 1.0.1 (/opt/ros/foxy/share/rosidl_default_generators/cmake)
[1.337s] -- Found PythonInterp: /usr/bin/python3 (found version "3.8.10") 
[1.500s] -- Found ament_cmake_ros: 0.9.2 (/opt/ros/foxy/share/ament_cmake_ros/cmake)
[1.704s] -- Using all available rosidl_typesupport_c: rosidl_typesupport_fastrtps_c;rosidl_typesupport_introspection_c
[1.768s] -- Using all available rosidl_typesupport_cpp: rosidl_typesupport_fastrtps_cpp;rosidl_typesupport_introspection_cpp
[1.793s] -- Found PythonInterp: /usr/bin/python3 (found suitable version "3.8.10", minimum required is "3.5") 
[1.796s] -- Found python_cmake_module: 0.8.1 (/opt/ros/foxy/share/python_cmake_module/cmake)
[1.827s] -- Found PythonLibs: /usr/lib/x86_64-linux-gnu/libpython3.8.so (found suitable version "3.8.10", minimum required is "3.5") 
[1.827s] -- Using PYTHON_EXECUTABLE: /usr/bin/python3
[1.828s] -- Using PYTHON_INCLUDE_DIRS: /usr/include/python3.8
[1.828s] -- Using PYTHON_LIBRARIES: /usr/lib/x86_64-linux-gnu/libpython3.8.so
[1.851s] -- Found PythonExtra: .so  
[2.014s] -- Configuring done (2.0s)
[2.059s] -- Generating done (0.0s)
[2.062s] -- Build files have been written to: /home/leo/ws_mando/build/bboxes_ex_msgs
[2.074s] Invoked command in '/home/leo/ws_mando/build/bboxes_ex_msgs' returned '0': CMAKE_PREFIX_PATH=${CMAKE_PREFIX_PATH}:/home/leo/gcamp_ros2_ws/install/test_robot_localization:/home/leo/gcamp_ros2_ws/install/py_topic_pkg:/home/leo/gcamp_ros2_ws/install/py_service_pkg:/home/leo/gcamp_ros2_ws/install/py_first_pkg:/home/leo/gcamp_ros2_ws/install/py_action_pkg:/opt/ros/foxy /home/leo/.local/bin/cmake /home/leo/ws_mando/bbox_ex_msgs -DAMENT_CMAKE_SYMLINK_INSTALL=1 -DCMAKE_INSTALL_PREFIX=/home/leo/ws_mando/install/bboxes_ex_msgs
[2.076s] Invoking command in '/home/leo/ws_mando/build/bboxes_ex_msgs': CMAKE_PREFIX_PATH=${CMAKE_PREFIX_PATH}:/home/leo/gcamp_ros2_ws/install/test_robot_localization:/home/leo/gcamp_ros2_ws/install/py_topic_pkg:/home/leo/gcamp_ros2_ws/install/py_service_pkg:/home/leo/gcamp_ros2_ws/install/py_first_pkg:/home/leo/gcamp_ros2_ws/install/py_action_pkg:/opt/ros/foxy /home/leo/.local/bin/cmake --build /home/leo/ws_mando/build/bboxes_ex_msgs -- -j12 -l12
[2.118s] [  2%] [34m[1mGenerating C code for ROS interfaces[0m
[2.122s] [  5%] [34m[1mGenerating C++ code for ROS interfaces[0m
[2.381s] [ 10%] [32mBuilding C object CMakeFiles/bboxes_ex_msgs__rosidl_generator_c.dir/rosidl_generator_c/bboxes_ex_msgs/msg/detail/bounding_boxes__functions.c.o[0m
[2.381s] [ 10%] [32mBuilding C object CMakeFiles/bboxes_ex_msgs__rosidl_generator_c.dir/rosidl_generator_c/bboxes_ex_msgs/msg/detail/bounding_box__functions.c.o[0m
[2.382s] [  7%] Built target bboxes_ex_msgs__cpp
[2.386s] [ 12%] [34m[1mGenerating C++ type support for eProsima Fast-RTPS[0m
[2.387s] [ 15%] [34m[1mGenerating C++ type support dispatch for ROS interfaces[0m
[2.387s] [ 17%] [34m[1mGenerating C++ introspection for ROS interfaces[0m
[2.450s] [ 20%] [32m[1mLinking C shared library libbboxes_ex_msgs__rosidl_generator_c.so[0m
[2.480s] [ 20%] Built target bboxes_ex_msgs__rosidl_generator_c
[2.485s] [ 23%] [34m[1mGenerating C introspection for ROS interfaces[0m
[2.485s] [ 25%] [34m[1mGenerating C type support dispatch for ROS interfaces[0m
[2.657s] [ 28%] [32mBuilding CXX object CMakeFiles/bboxes_ex_msgs__rosidl_typesupport_introspection_cpp.dir/rosidl_typesupport_introspection_cpp/bboxes_ex_msgs/msg/detail/bounding_box__type_support.cpp.o[0m
[2.658s] [ 30%] [32mBuilding CXX object CMakeFiles/bboxes_ex_msgs__rosidl_typesupport_introspection_cpp.dir/rosidl_typesupport_introspection_cpp/bboxes_ex_msgs/msg/detail/bounding_boxes__type_support.cpp.o[0m
[2.661s] [ 33%] [32mBuilding CXX object CMakeFiles/bboxes_ex_msgs__rosidl_typesupport_cpp.dir/rosidl_typesupport_cpp/bboxes_ex_msgs/msg/bounding_box__type_support.cpp.o[0m
[2.661s] [ 35%] [32mBuilding CXX object CMakeFiles/bboxes_ex_msgs__rosidl_typesupport_cpp.dir/rosidl_typesupport_cpp/bboxes_ex_msgs/msg/bounding_boxes__type_support.cpp.o[0m
[2.677s] [ 38%] [32mBuilding CXX object CMakeFiles/bboxes_ex_msgs__rosidl_typesupport_fastrtps_cpp.dir/rosidl_typesupport_fastrtps_cpp/bboxes_ex_msgs/msg/detail/dds_fastrtps/bounding_box__type_support.cpp.o[0m
[2.678s] [ 41%] [32mBuilding CXX object CMakeFiles/bboxes_ex_msgs__rosidl_typesupport_fastrtps_cpp.dir/rosidl_typesupport_fastrtps_cpp/bboxes_ex_msgs/msg/detail/dds_fastrtps/bounding_boxes__type_support.cpp.o[0m
[2.823s] [ 43%] [32mBuilding CXX object CMakeFiles/bboxes_ex_msgs__rosidl_typesupport_c.dir/rosidl_typesupport_c/bboxes_ex_msgs/msg/bounding_box__type_support.cpp.o[0m
[2.824s] [ 46%] [32mBuilding CXX object CMakeFiles/bboxes_ex_msgs__rosidl_typesupport_c.dir/rosidl_typesupport_c/bboxes_ex_msgs/msg/bounding_boxes__type_support.cpp.o[0m
[2.845s] [ 48%] [32mBuilding C object CMakeFiles/bboxes_ex_msgs__rosidl_typesupport_introspection_c.dir/rosidl_typesupport_introspection_c/bboxes_ex_msgs/msg/detail/bounding_box__type_support.c.o[0m
[2.845s] [ 51%] [32mBuilding C object CMakeFiles/bboxes_ex_msgs__rosidl_typesupport_introspection_c.dir/rosidl_typesupport_introspection_c/bboxes_ex_msgs/msg/detail/bounding_boxes__type_support.c.o[0m
[2.867s] [ 53%] [32m[1mLinking CXX shared library libbboxes_ex_msgs__rosidl_typesupport_c.so[0m
[2.904s] [ 56%] [32m[1mLinking C shared library libbboxes_ex_msgs__rosidl_typesupport_introspection_c.so[0m
[2.912s] [ 56%] Built target bboxes_ex_msgs__rosidl_typesupport_c
[2.930s] [ 56%] Built target bboxes_ex_msgs__rosidl_typesupport_introspection_c
[3.054s] [ 58%] [32m[1mLinking CXX shared library libbboxes_ex_msgs__rosidl_typesupport_cpp.so[0m
[3.084s] [ 58%] Built target bboxes_ex_msgs__rosidl_typesupport_cpp
[3.120s] [ 61%] [32m[1mLinking CXX shared library libbboxes_ex_msgs__rosidl_typesupport_introspection_cpp.so[0m
[3.184s] [ 61%] Built target bboxes_ex_msgs__rosidl_typesupport_introspection_cpp
[3.247s] [ 64%] [32m[1mLinking CXX shared library libbboxes_ex_msgs__rosidl_typesupport_fastrtps_cpp.so[0m
[3.316s] [ 64%] Built target bboxes_ex_msgs__rosidl_typesupport_fastrtps_cpp
[3.320s] [ 66%] [34m[1mGenerating C type support for eProsima Fast-RTPS[0m
[3.550s] [ 71%] [32mBuilding CXX object CMakeFiles/bboxes_ex_msgs__rosidl_typesupport_fastrtps_c.dir/rosidl_typesupport_fastrtps_c/bboxes_ex_msgs/msg/detail/bounding_box__type_support_c.cpp.o[0m
[3.550s] [ 71%] [32mBuilding CXX object CMakeFiles/bboxes_ex_msgs__rosidl_typesupport_fastrtps_c.dir/rosidl_typesupport_fastrtps_c/bboxes_ex_msgs/msg/detail/bounding_boxes__type_support_c.cpp.o[0m
[3.853s] [ 74%] [32m[1mLinking CXX shared library libbboxes_ex_msgs__rosidl_typesupport_fastrtps_c.so[0m
[3.921s] [ 74%] Built target bboxes_ex_msgs__rosidl_typesupport_fastrtps_c
[3.928s] [ 74%] Built target bboxes_ex_msgs
[3.936s] [ 76%] [34m[1mGenerating Python code for ROS interfaces[0m
[4.415s] [ 76%] Built target bboxes_ex_msgs__py
[4.422s] [ 79%] [32mBuilding C object CMakeFiles/bboxes_ex_msgs__python.dir/rosidl_generator_py/bboxes_ex_msgs/msg/_bounding_box_s.c.o[0m
[4.423s] [ 82%] [32mBuilding C object CMakeFiles/bboxes_ex_msgs__python.dir/rosidl_generator_py/bboxes_ex_msgs/msg/_bounding_boxes_s.c.o[0m
[4.539s] [ 84%] [32m[1mLinking C shared library rosidl_generator_py/bboxes_ex_msgs/libbboxes_ex_msgs__python.so[0m
[4.569s] [ 84%] Built target bboxes_ex_msgs__python
[4.577s] [ 87%] [32mBuilding C object CMakeFiles/bboxes_ex_msgs__rosidl_typesupport_fastrtps_c__pyext.dir/rosidl_generator_py/bboxes_ex_msgs/_bboxes_ex_msgs_s.ep.rosidl_typesupport_fastrtps_c.c.o[0m
[4.577s] [ 89%] [32mBuilding C object CMakeFiles/bboxes_ex_msgs__rosidl_typesupport_introspection_c__pyext.dir/rosidl_generator_py/bboxes_ex_msgs/_bboxes_ex_msgs_s.ep.rosidl_typesupport_introspection_c.c.o[0m
[4.577s] [ 92%] [32mBuilding C object CMakeFiles/bboxes_ex_msgs__rosidl_typesupport_c__pyext.dir/rosidl_generator_py/bboxes_ex_msgs/_bboxes_ex_msgs_s.ep.rosidl_typesupport_c.c.o[0m
[4.646s] [ 94%] [32m[1mLinking C shared library rosidl_generator_py/bboxes_ex_msgs/bboxes_ex_msgs_s__rosidl_typesupport_c.cpython-38-x86_64-linux-gnu.so[0m
[4.647s] [ 97%] [32m[1mLinking C shared library rosidl_generator_py/bboxes_ex_msgs/bboxes_ex_msgs_s__rosidl_typesupport_introspection_c.cpython-38-x86_64-linux-gnu.so[0m
[4.647s] [100%] [32m[1mLinking CXX shared library rosidl_generator_py/bboxes_ex_msgs/bboxes_ex_msgs_s__rosidl_typesupport_fastrtps_c.cpython-38-x86_64-linux-gnu.so[0m
[4.672s] [100%] Built target bboxes_ex_msgs__rosidl_typesupport_introspection_c__pyext
[4.672s] [100%] Built target bboxes_ex_msgs__rosidl_typesupport_c__pyext
[4.700s] [100%] Built target bboxes_ex_msgs__rosidl_typesupport_fastrtps_c__pyext
[4.707s] Invoked command in '/home/leo/ws_mando/build/bboxes_ex_msgs' returned '0': CMAKE_PREFIX_PATH=${CMAKE_PREFIX_PATH}:/home/leo/gcamp_ros2_ws/install/test_robot_localization:/home/leo/gcamp_ros2_ws/install/py_topic_pkg:/home/leo/gcamp_ros2_ws/install/py_service_pkg:/home/leo/gcamp_ros2_ws/install/py_first_pkg:/home/leo/gcamp_ros2_ws/install/py_action_pkg:/opt/ros/foxy /home/leo/.local/bin/cmake --build /home/leo/ws_mando/build/bboxes_ex_msgs -- -j12 -l12
[4.825s] Invoking command in '/home/leo/ws_mando/build/bboxes_ex_msgs': CMAKE_PREFIX_PATH=${CMAKE_PREFIX_PATH}:/home/leo/gcamp_ros2_ws/install/test_robot_localization:/home/leo/gcamp_ros2_ws/install/py_topic_pkg:/home/leo/gcamp_ros2_ws/install/py_service_pkg:/home/leo/gcamp_ros2_ws/install/py_first_pkg:/home/leo/gcamp_ros2_ws/install/py_action_pkg:/opt/ros/foxy /home/leo/.local/bin/cmake --install /home/leo/ws_mando/build/bboxes_ex_msgs
[4.856s] -- Install configuration: ""
[4.859s] -- Execute custom install script
[4.860s] -- Symlinking: /home/leo/ws_mando/install/bboxes_ex_msgs/share/ament_index/resource_index/rosidl_interfaces/bboxes_ex_msgs
[4.871s] -- Symlinking: /home/leo/ws_mando/install/bboxes_ex_msgs/include/bboxes_ex_msgs/msg/bounding_box.h
[4.879s] -- Symlinking: /home/leo/ws_mando/install/bboxes_ex_msgs/include/bboxes_ex_msgs/msg/bounding_boxes.h
[4.888s] -- Symlinking: /home/leo/ws_mando/install/bboxes_ex_msgs/include/bboxes_ex_msgs/msg/detail/bounding_box__functions.h
[4.895s] -- Symlinking: /home/leo/ws_mando/install/bboxes_ex_msgs/include/bboxes_ex_msgs/msg/detail/bounding_box__struct.h
[4.901s] -- Symlinking: /home/leo/ws_mando/install/bboxes_ex_msgs/include/bboxes_ex_msgs/msg/detail/bounding_box__type_support.h
[4.905s] -- Symlinking: /home/leo/ws_mando/install/bboxes_ex_msgs/include/bboxes_ex_msgs/msg/detail/bounding_boxes__functions.h
[4.909s] -- Symlinking: /home/leo/ws_mando/install/bboxes_ex_msgs/include/bboxes_ex_msgs/msg/detail/bounding_boxes__struct.h
[4.912s] -- Symlinking: /home/leo/ws_mando/install/bboxes_ex_msgs/include/bboxes_ex_msgs/msg/detail/bounding_boxes__type_support.h
[4.915s] -- Symlinking: /home/leo/ws_mando/install/bboxes_ex_msgs/include/bboxes_ex_msgs/msg/rosidl_generator_c__visibility_control.h
[4.918s] -- Symlinking: /home/leo/ws_mando/install/bboxes_ex_msgs/share/bboxes_ex_msgs/environment/library_path.sh
[4.921s] -- Symlinking: /home/leo/ws_mando/install/bboxes_ex_msgs/share/bboxes_ex_msgs/environment/library_path.dsv
[4.924s] -- Symlinking: /home/leo/ws_mando/install/bboxes_ex_msgs/include/bboxes_ex_msgs/msg/detail/bounding_box__rosidl_typesupport_fastrtps_c.h
[4.927s] -- Symlinking: /home/leo/ws_mando/install/bboxes_ex_msgs/include/bboxes_ex_msgs/msg/detail/bounding_boxes__rosidl_typesupport_fastrtps_c.h
[4.930s] -- Symlinking: /home/leo/ws_mando/install/bboxes_ex_msgs/include/bboxes_ex_msgs/msg/rosidl_typesupport_fastrtps_c__visibility_control.h
[4.933s] -- Symlinking: /home/leo/ws_mando/install/bboxes_ex_msgs/lib/libbboxes_ex_msgs__rosidl_typesupport_fastrtps_c.so
[4.937s] -- Symlinking: /home/leo/ws_mando/install/bboxes_ex_msgs/include/bboxes_ex_msgs/msg/detail/bounding_box__rosidl_typesupport_fastrtps_cpp.hpp
[4.939s] -- Symlinking: /home/leo/ws_mando/install/bboxes_ex_msgs/include/bboxes_ex_msgs/msg/detail/bounding_boxes__rosidl_typesupport_fastrtps_cpp.hpp
[4.942s] -- Symlinking: /home/leo/ws_mando/install/bboxes_ex_msgs/include/bboxes_ex_msgs/msg/rosidl_typesupport_fastrtps_cpp__visibility_control.h
[4.945s] -- Symlinking: /home/leo/ws_mando/install/bboxes_ex_msgs/lib/libbboxes_ex_msgs__rosidl_typesupport_fastrtps_cpp.so
[4.949s] -- Symlinking: /home/leo/ws_mando/install/bboxes_ex_msgs/include/bboxes_ex_msgs/msg/detail/bounding_box__rosidl_typesupport_introspection_c.h
[4.952s] -- Symlinking: /home/leo/ws_mando/install/bboxes_ex_msgs/include/bboxes_ex_msgs/msg/detail/bounding_boxes__rosidl_typesupport_introspection_c.h
[4.954s] -- Symlinking: /home/leo/ws_mando/install/bboxes_ex_msgs/include/bboxes_ex_msgs/msg/rosidl_typesupport_introspection_c__visibility_control.h
[4.957s] -- Symlinking: /home/leo/ws_mando/install/bboxes_ex_msgs/include/bboxes_ex_msgs/msg/bounding_box.hpp
[4.960s] -- Symlinking: /home/leo/ws_mando/install/bboxes_ex_msgs/include/bboxes_ex_msgs/msg/bounding_boxes.hpp
[4.963s] -- Symlinking: /home/leo/ws_mando/install/bboxes_ex_msgs/include/bboxes_ex_msgs/msg/detail/bounding_box__builder.hpp
[4.966s] -- Symlinking: /home/leo/ws_mando/install/bboxes_ex_msgs/include/bboxes_ex_msgs/msg/detail/bounding_box__struct.hpp
[4.969s] -- Symlinking: /home/leo/ws_mando/install/bboxes_ex_msgs/include/bboxes_ex_msgs/msg/detail/bounding_box__traits.hpp
[4.971s] -- Symlinking: /home/leo/ws_mando/install/bboxes_ex_msgs/include/bboxes_ex_msgs/msg/detail/bounding_box__type_support.hpp
[4.974s] -- Symlinking: /home/leo/ws_mando/install/bboxes_ex_msgs/include/bboxes_ex_msgs/msg/detail/bounding_boxes__builder.hpp
[4.976s] -- Symlinking: /home/leo/ws_mando/install/bboxes_ex_msgs/include/bboxes_ex_msgs/msg/detail/bounding_boxes__struct.hpp
[4.978s] -- Symlinking: /home/leo/ws_mando/install/bboxes_ex_msgs/include/bboxes_ex_msgs/msg/detail/bounding_boxes__traits.hpp
[4.980s] -- Symlinking: /home/leo/ws_mando/install/bboxes_ex_msgs/include/bboxes_ex_msgs/msg/detail/bounding_boxes__type_support.hpp
[4.982s] -- Symlinking: /home/leo/ws_mando/install/bboxes_ex_msgs/include/bboxes_ex_msgs/msg/rosidl_generator_cpp__visibility_control.hpp
[4.985s] -- Symlinking: /home/leo/ws_mando/install/bboxes_ex_msgs/include/bboxes_ex_msgs/msg/detail/bounding_box__rosidl_typesupport_introspection_cpp.hpp
[4.987s] -- Symlinking: /home/leo/ws_mando/install/bboxes_ex_msgs/include/bboxes_ex_msgs/msg/detail/bounding_boxes__rosidl_typesupport_introspection_cpp.hpp
[4.989s] -- Symlinking: /home/leo/ws_mando/install/bboxes_ex_msgs/share/bboxes_ex_msgs/environment/pythonpath.sh
[4.991s] -- Symlinking: /home/leo/ws_mando/install/bboxes_ex_msgs/share/bboxes_ex_msgs/environment/pythonpath.dsv
[4.994s] -- Symlinking: /home/leo/ws_mando/install/bboxes_ex_msgs/lib/python3.8/site-packages/bboxes_ex_msgs/__init__.py
[4.996s] -- Symlinking: /home/leo/ws_mando/install/bboxes_ex_msgs/lib/python3.8/site-packages/bboxes_ex_msgs/msg/__init__.py
[4.998s] -- Symlinking: /home/leo/ws_mando/install/bboxes_ex_msgs/lib/python3.8/site-packages/bboxes_ex_msgs/msg/_bounding_box.py
[5.000s] -- Symlinking: /home/leo/ws_mando/install/bboxes_ex_msgs/lib/python3.8/site-packages/bboxes_ex_msgs/msg/_bounding_boxes.py
[5.003s] -- Symlinking: /home/leo/ws_mando/install/bboxes_ex_msgs/lib/python3.8/site-packages/bboxes_ex_msgs/bboxes_ex_msgs_s__rosidl_typesupport_fastrtps_c.cpython-38-x86_64-linux-gnu.so
[5.005s] -- Symlinking: /home/leo/ws_mando/install/bboxes_ex_msgs/lib/python3.8/site-packages/bboxes_ex_msgs/bboxes_ex_msgs_s__rosidl_typesupport_introspection_c.cpython-38-x86_64-linux-gnu.so
[5.007s] -- Symlinking: /home/leo/ws_mando/install/bboxes_ex_msgs/lib/python3.8/site-packages/bboxes_ex_msgs/bboxes_ex_msgs_s__rosidl_typesupport_c.cpython-38-x86_64-linux-gnu.so
[5.010s] -- Symlinking: /home/leo/ws_mando/install/bboxes_ex_msgs/lib/libbboxes_ex_msgs__python.so
[5.012s] -- Symlinking: /home/leo/ws_mando/install/bboxes_ex_msgs/share/bboxes_ex_msgs/msg/BoundingBox.idl
[5.014s] -- Symlinking: /home/leo/ws_mando/install/bboxes_ex_msgs/share/bboxes_ex_msgs/msg/BoundingBoxes.idl
[5.016s] -- Symlinking: /home/leo/ws_mando/install/bboxes_ex_msgs/share/bboxes_ex_msgs/msg/BoundingBox.msg
[5.019s] -- Symlinking: /home/leo/ws_mando/install/bboxes_ex_msgs/share/bboxes_ex_msgs/msg/BoundingBoxes.msg
[5.021s] -- Symlinking: /home/leo/ws_mando/install/bboxes_ex_msgs/share/ament_index/resource_index/package_run_dependencies/bboxes_ex_msgs
[5.023s] -- Symlinking: /home/leo/ws_mando/install/bboxes_ex_msgs/share/ament_index/resource_index/parent_prefix_path/bboxes_ex_msgs
[5.025s] -- Symlinking: /home/leo/ws_mando/install/bboxes_ex_msgs/share/bboxes_ex_msgs/environment/ament_prefix_path.sh
[5.028s] -- Symlinking: /home/leo/ws_mando/install/bboxes_ex_msgs/share/bboxes_ex_msgs/environment/ament_prefix_path.dsv
[5.030s] -- Symlinking: /home/leo/ws_mando/install/bboxes_ex_msgs/share/bboxes_ex_msgs/environment/path.sh
[5.033s] -- Symlinking: /home/leo/ws_mando/install/bboxes_ex_msgs/share/bboxes_ex_msgs/environment/path.dsv
[5.035s] -- Symlinking: /home/leo/ws_mando/install/bboxes_ex_msgs/share/bboxes_ex_msgs/local_setup.bash
[5.037s] -- Symlinking: /home/leo/ws_mando/install/bboxes_ex_msgs/share/bboxes_ex_msgs/local_setup.sh
[5.040s] -- Symlinking: /home/leo/ws_mando/install/bboxes_ex_msgs/share/bboxes_ex_msgs/local_setup.zsh
[5.042s] -- Symlinking: /home/leo/ws_mando/install/bboxes_ex_msgs/share/bboxes_ex_msgs/local_setup.dsv
[5.044s] -- Symlinking: /home/leo/ws_mando/install/bboxes_ex_msgs/share/bboxes_ex_msgs/package.dsv
[5.047s] -- Symlinking: /home/leo/ws_mando/install/bboxes_ex_msgs/share/ament_index/resource_index/packages/bboxes_ex_msgs
[5.050s] -- Symlinking: /home/leo/ws_mando/install/bboxes_ex_msgs/share/bboxes_ex_msgs/cmake/rosidl_cmake-extras.cmake
[5.052s] -- Symlinking: /home/leo/ws_mando/install/bboxes_ex_msgs/share/bboxes_ex_msgs/cmake/ament_cmake_export_dependencies-extras.cmake
[5.054s] -- Symlinking: /home/leo/ws_mando/install/bboxes_ex_msgs/share/bboxes_ex_msgs/cmake/ament_cmake_export_libraries-extras.cmake
[5.056s] -- Symlinking: /home/leo/ws_mando/install/bboxes_ex_msgs/share/bboxes_ex_msgs/cmake/ament_cmake_export_targets-extras.cmake
[5.058s] -- Symlinking: /home/leo/ws_mando/install/bboxes_ex_msgs/share/bboxes_ex_msgs/cmake/ament_cmake_export_include_directories-extras.cmake
[5.060s] -- Symlinking: /home/leo/ws_mando/install/bboxes_ex_msgs/share/bboxes_ex_msgs/cmake/rosidl_cmake_export_typesupport_libraries-extras.cmake
[5.063s] -- Symlinking: /home/leo/ws_mando/install/bboxes_ex_msgs/share/bboxes_ex_msgs/cmake/rosidl_cmake_export_typesupport_targets-extras.cmake
[5.066s] -- Symlinking: /home/leo/ws_mando/install/bboxes_ex_msgs/share/bboxes_ex_msgs/cmake/bboxes_ex_msgsConfig.cmake
[5.068s] -- Symlinking: /home/leo/ws_mando/install/bboxes_ex_msgs/share/bboxes_ex_msgs/cmake/bboxes_ex_msgsConfig-version.cmake
[5.070s] -- Symlinking: /home/leo/ws_mando/install/bboxes_ex_msgs/share/bboxes_ex_msgs/package.xml
[5.072s] -- Installing: /home/leo/ws_mando/install/bboxes_ex_msgs/lib/libbboxes_ex_msgs__rosidl_generator_c.so
[5.073s] -- Set runtime path of "/home/leo/ws_mando/install/bboxes_ex_msgs/lib/libbboxes_ex_msgs__rosidl_generator_c.so" to ""
[5.073s] -- Installing: /home/leo/ws_mando/install/bboxes_ex_msgs/lib/libbboxes_ex_msgs__rosidl_typesupport_introspection_c.so
[5.073s] -- Set runtime path of "/home/leo/ws_mando/install/bboxes_ex_msgs/lib/libbboxes_ex_msgs__rosidl_typesupport_introspection_c.so" to ""
[5.073s] -- Installing: /home/leo/ws_mando/install/bboxes_ex_msgs/lib/libbboxes_ex_msgs__rosidl_typesupport_c.so
[5.073s] -- Set runtime path of "/home/leo/ws_mando/install/bboxes_ex_msgs/lib/libbboxes_ex_msgs__rosidl_typesupport_c.so" to ""
[5.073s] -- Installing: /home/leo/ws_mando/install/bboxes_ex_msgs/lib/libbboxes_ex_msgs__rosidl_typesupport_introspection_cpp.so
[5.074s] -- Set runtime path of "/home/leo/ws_mando/install/bboxes_ex_msgs/lib/libbboxes_ex_msgs__rosidl_typesupport_introspection_cpp.so" to ""
[5.074s] -- Installing: /home/leo/ws_mando/install/bboxes_ex_msgs/lib/libbboxes_ex_msgs__rosidl_typesupport_cpp.so
[5.074s] -- Set runtime path of "/home/leo/ws_mando/install/bboxes_ex_msgs/lib/libbboxes_ex_msgs__rosidl_typesupport_cpp.so" to ""
[5.105s] Compiling '/home/leo/ws_mando/install/bboxes_ex_msgs/lib/python3.8/site-packages/bboxes_ex_msgs/__init__.py'...
[5.108s] -- Installing: /home/leo/ws_mando/install/bboxes_ex_msgs/share/bboxes_ex_msgs/cmake/bboxes_ex_msgs__rosidl_generator_cExport.cmake
[5.108s] -- Installing: /home/leo/ws_mando/install/bboxes_ex_msgs/share/bboxes_ex_msgs/cmake/bboxes_ex_msgs__rosidl_generator_cExport-noconfig.cmake
[5.109s] -- Installing: /home/leo/ws_mando/install/bboxes_ex_msgs/share/bboxes_ex_msgs/cmake/bboxes_ex_msgs__rosidl_typesupport_introspection_cExport.cmake
[5.109s] -- Installing: /home/leo/ws_mando/install/bboxes_ex_msgs/share/bboxes_ex_msgs/cmake/bboxes_ex_msgs__rosidl_typesupport_introspection_cExport-noconfig.cmake
[5.109s] -- Installing: /home/leo/ws_mando/install/bboxes_ex_msgs/share/bboxes_ex_msgs/cmake/bboxes_ex_msgs__rosidl_typesupport_cExport.cmake
[5.109s] -- Installing: /home/leo/ws_mando/install/bboxes_ex_msgs/share/bboxes_ex_msgs/cmake/bboxes_ex_msgs__rosidl_typesupport_cExport-noconfig.cmake
[5.109s] -- Installing: /home/leo/ws_mando/install/bboxes_ex_msgs/share/bboxes_ex_msgs/cmake/bboxes_ex_msgs__rosidl_generator_cppExport.cmake
[5.109s] -- Installing: /home/leo/ws_mando/install/bboxes_ex_msgs/share/bboxes_ex_msgs/cmake/bboxes_ex_msgs__rosidl_typesupport_introspection_cppExport.cmake
[5.109s] -- Installing: /home/leo/ws_mando/install/bboxes_ex_msgs/share/bboxes_ex_msgs/cmake/bboxes_ex_msgs__rosidl_typesupport_introspection_cppExport-noconfig.cmake
[5.109s] -- Installing: /home/leo/ws_mando/install/bboxes_ex_msgs/share/bboxes_ex_msgs/cmake/bboxes_ex_msgs__rosidl_typesupport_cppExport.cmake
[5.109s] -- Installing: /home/leo/ws_mando/install/bboxes_ex_msgs/share/bboxes_ex_msgs/cmake/bboxes_ex_msgs__rosidl_typesupport_cppExport-noconfig.cmake
[5.114s] Invoked command in '/home/leo/ws_mando/build/bboxes_ex_msgs' returned '0': CMAKE_PREFIX_PATH=${CMAKE_PREFIX_PATH}:/home/leo/gcamp_ros2_ws/install/test_robot_localization:/home/leo/gcamp_ros2_ws/install/py_topic_pkg:/home/leo/gcamp_ros2_ws/install/py_service_pkg:/home/leo/gcamp_ros2_ws/install/py_first_pkg:/home/leo/gcamp_ros2_ws/install/py_action_pkg:/opt/ros/foxy /home/leo/.local/bin/cmake --install /home/leo/ws_mando/build/bboxes_ex_msgs
