[0.695s] Invoking command in '/home/leo/Documents/GitHub/mando_2023/ws_mando/build/yolov5_ros': AMENT_PREFIX_PATH=/home/leo/Documents/GitHub/mando_2023/ws_mando/install/bboxes_ex_msgs:${AMENT_PREFIX_PATH} CMAKE_PREFIX_PATH=/home/leo/Documents/GitHub/mando_2023/ws_mando/install/bboxes_ex_msgs LD_LIBRARY_PATH=/home/leo/Documents/GitHub/mando_2023/ws_mando/install/bboxes_ex_msgs/lib:${LD_LIBRARY_PATH} PYTHONPATH=/home/leo/Documents/GitHub/mando_2023/ws_mando/build/yolov5_ros/prefix_override:/home/leo/Documents/GitHub/mando_2023/ws_mando/install/yolov5_ros/lib/python3.8/site-packages:/home/leo/Documents/GitHub/mando_2023/ws_mando/install/bboxes_ex_msgs/lib/python3.8/site-packages:${PYTHONPATH} /usr/bin/python3 setup.py develop --editable --build-directory /home/leo/Documents/GitHub/mando_2023/ws_mando/build/yolov5_ros/build --no-deps install_data
[0.801s] /home/leo/.local/lib/python3.8/site-packages/setuptools/dist.py:745: SetuptoolsDeprecationWarning: Invalid dash-separated options
[0.801s] !!
[0.801s] 
[0.801s]         ********************************************************************************
[0.801s]         Usage of dash-separated 'script-dir' will not be supported in future
[0.801s]         versions. Please use the underscore name 'script_dir' instead.
[0.801s] 
[0.801s]         By 2023-Sep-26, you need to update your project and remove deprecated calls
[0.801s]         or your builds will no longer be supported.
[0.801s] 
[0.801s]         See https://setuptools.pypa.io/en/latest/userguide/declarative_config.html for details.
[0.801s]         ********************************************************************************
[0.801s] 
[0.801s] !!
[0.801s]   opt = self.warn_dash_deprecation(opt, section)
[0.966s] running develop
[0.966s] /home/leo/.local/lib/python3.8/site-packages/setuptools/command/develop.py:40: EasyInstallDeprecationWarning: easy_install command is deprecated.
[0.967s] !!
[0.967s] 
[0.967s]         ********************************************************************************
[0.967s]         Please avoid running ``setup.py`` and ``easy_install``.
[0.967s]         Instead, use pypa/build, pypa/installer or other
[0.967s]         standards-based tools.
[0.967s] 
[0.967s]         See https://github.com/pypa/setuptools/issues/917 for details.
[0.967s]         ********************************************************************************
[0.967s] 
[0.967s] !!
[0.967s]   easy_install.initialize_options(self)
[0.995s] /home/leo/.local/lib/python3.8/site-packages/setuptools/_distutils/cmd.py:66: SetuptoolsDeprecationWarning: setup.py install is deprecated.
[0.995s] !!
[0.995s] 
[0.995s]         ********************************************************************************
[0.995s]         Please avoid running ``setup.py`` directly.
[0.995s]         Instead, use pypa/build, pypa/installer or other
[0.995s]         standards-based tools.
[0.996s] 
[0.996s]         See https://blog.ganssle.io/articles/2021/10/setup-py-deprecated.html for details.
[0.996s]         ********************************************************************************
[0.996s] 
[0.996s] !!
[0.996s]   self.initialize_options()
[1.152s] running egg_info
[1.166s] writing yolov5_ros.egg-info/PKG-INFO
[1.166s] writing dependency_links to yolov5_ros.egg-info/dependency_links.txt
[1.170s] writing entry points to yolov5_ros.egg-info/entry_points.txt
[1.170s] writing requirements to yolov5_ros.egg-info/requires.txt
[1.171s] writing top-level names to yolov5_ros.egg-info/top_level.txt
[1.200s] reading manifest file 'yolov5_ros.egg-info/SOURCES.txt'
[1.201s] writing manifest file 'yolov5_ros.egg-info/SOURCES.txt'
[1.247s] running build_ext
[1.247s] Creating /home/leo/Documents/GitHub/mando_2023/ws_mando/install/yolov5_ros/lib/python3.8/site-packages/yolov5-ros.egg-link (link to .)
[1.247s] Installing yolov5_ros script to /home/leo/Documents/GitHub/mando_2023/ws_mando/install/yolov5_ros/lib/yolov5_ros
[1.248s] 
[1.248s] Installed /home/leo/Documents/GitHub/mando_2023/ws_mando/build/yolov5_ros
[1.248s] running install_data
[1.277s] Invoked command in '/home/leo/Documents/GitHub/mando_2023/ws_mando/build/yolov5_ros' returned '0': AMENT_PREFIX_PATH=/home/leo/Documents/GitHub/mando_2023/ws_mando/install/bboxes_ex_msgs:${AMENT_PREFIX_PATH} CMAKE_PREFIX_PATH=/home/leo/Documents/GitHub/mando_2023/ws_mando/install/bboxes_ex_msgs LD_LIBRARY_PATH=/home/leo/Documents/GitHub/mando_2023/ws_mando/install/bboxes_ex_msgs/lib:${LD_LIBRARY_PATH} PYTHONPATH=/home/leo/Documents/GitHub/mando_2023/ws_mando/build/yolov5_ros/prefix_override:/home/leo/Documents/GitHub/mando_2023/ws_mando/install/yolov5_ros/lib/python3.8/site-packages:/home/leo/Documents/GitHub/mando_2023/ws_mando/install/bboxes_ex_msgs/lib/python3.8/site-packages:${PYTHONPATH} /usr/bin/python3 setup.py develop --editable --build-directory /home/leo/Documents/GitHub/mando_2023/ws_mando/build/yolov5_ros/build --no-deps install_data
