[0.253s] DEBUG:colcon:Command line arguments: ['/usr/bin/colcon', 'build', '--symlink-install']
[0.253s] DEBUG:colcon:Parsed command line arguments: Namespace(allow_overriding=[], ament_cmake_args=None, base_paths=['.'], build_base='build', catkin_cmake_args=None, catkin_skip_building_tests=False, cmake_args=None, cmake_clean_cache=False, cmake_clean_first=False, cmake_force_configure=False, cmake_target=None, cmake_target_skip_unavailable=False, continue_on_error=False, event_handlers=None, executor='parallel', ignore_user_meta=False, install_base='install', log_base=None, log_level=None, main=<bound method BuildVerb.main of <colcon_core.verb.build.BuildVerb object at 0x7f9e57b18d00>>, merge_install=False, metas=['./colcon.meta'], packages_above=None, packages_above_and_dependencies=None, packages_above_depth=None, packages_end=None, packages_ignore=None, packages_ignore_regex=None, packages_select=None, packages_select_build_failed=False, packages_select_by_dep=None, packages_select_regex=None, packages_select_test_failures=False, packages_skip=None, packages_skip_build_finished=False, packages_skip_by_dep=None, packages_skip_regex=None, packages_skip_test_passed=False, packages_skip_up_to=None, packages_start=None, packages_up_to=None, packages_up_to_regex=None, parallel_workers=12, paths=None, symlink_install=True, test_result_base=None, verb_extension=<colcon_core.verb.build.BuildVerb object at 0x7f9e57b18d00>, verb_name='build', verb_parser=<colcon_defaults.argument_parser.defaults.DefaultArgumentsDecorator object at 0x7f9e57935850>)
[0.287s] Level 1:colcon.colcon_core.package_discovery:discover_packages(colcon_meta) check parameters
[0.287s] Level 1:colcon.colcon_core.package_discovery:discover_packages(recursive) check parameters
[0.287s] Level 1:colcon.colcon_core.package_discovery:discover_packages(ignore) check parameters
[0.287s] Level 1:colcon.colcon_core.package_discovery:discover_packages(path) check parameters
[0.287s] Level 1:colcon.colcon_core.package_discovery:discover_packages(colcon_meta) discover
[0.287s] Level 1:colcon.colcon_core.package_discovery:discover_packages(recursive) discover
[0.287s] INFO:colcon.colcon_core.package_discovery:Crawling recursively for packages in '/home/leo/ws_mando'
[0.287s] Level 1:colcon.colcon_core.package_identification:_identify(.) by extensions ['ignore', 'ignore_ament_install']
[0.287s] Level 1:colcon.colcon_core.package_identification:_identify(.) by extension 'ignore'
[0.287s] Level 1:colcon.colcon_core.package_identification:_identify(.) by extension 'ignore_ament_install'
[0.287s] Level 1:colcon.colcon_core.package_identification:_identify(.) by extensions ['colcon_pkg']
[0.287s] Level 1:colcon.colcon_core.package_identification:_identify(.) by extension 'colcon_pkg'
[0.287s] Level 1:colcon.colcon_core.package_identification:_identify(.) by extensions ['colcon_meta']
[0.287s] Level 1:colcon.colcon_core.package_identification:_identify(.) by extension 'colcon_meta'
[0.288s] Level 1:colcon.colcon_core.package_identification:_identify(.) by extensions ['ros']
[0.288s] Level 1:colcon.colcon_core.package_identification:_identify(.) by extension 'ros'
[0.300s] Level 1:colcon.colcon_core.package_identification:_identify(.) by extensions ['cmake', 'python']
[0.300s] Level 1:colcon.colcon_core.package_identification:_identify(.) by extension 'cmake'
[0.300s] Level 1:colcon.colcon_core.package_identification:_identify(.) by extension 'python'
[0.300s] Level 1:colcon.colcon_core.package_identification:_identify(.) by extensions ['python_setup_py']
[0.300s] Level 1:colcon.colcon_core.package_identification:_identify(.) by extension 'python_setup_py'
[0.300s] Level 1:colcon.colcon_core.package_identification:_identify(bbox_ex_msgs) by extensions ['ignore', 'ignore_ament_install']
[0.300s] Level 1:colcon.colcon_core.package_identification:_identify(bbox_ex_msgs) by extension 'ignore'
[0.301s] Level 1:colcon.colcon_core.package_identification:_identify(bbox_ex_msgs) by extension 'ignore_ament_install'
[0.301s] Level 1:colcon.colcon_core.package_identification:_identify(bbox_ex_msgs) by extensions ['colcon_pkg']
[0.301s] Level 1:colcon.colcon_core.package_identification:_identify(bbox_ex_msgs) by extension 'colcon_pkg'
[0.301s] Level 1:colcon.colcon_core.package_identification:_identify(bbox_ex_msgs) by extensions ['colcon_meta']
[0.301s] Level 1:colcon.colcon_core.package_identification:_identify(bbox_ex_msgs) by extension 'colcon_meta'
[0.301s] Level 1:colcon.colcon_core.package_identification:_identify(bbox_ex_msgs) by extensions ['ros']
[0.301s] Level 1:colcon.colcon_core.package_identification:_identify(bbox_ex_msgs) by extension 'ros'
[0.303s] DEBUG:colcon.colcon_core.package_identification:Package 'bbox_ex_msgs' with type 'ros.ament_cmake' and name 'bboxes_ex_msgs'
[0.303s] Level 1:colcon.colcon_core.package_identification:_identify(build) by extensions ['ignore', 'ignore_ament_install']
[0.303s] Level 1:colcon.colcon_core.package_identification:_identify(build) by extension 'ignore'
[0.303s] Level 1:colcon.colcon_core.package_identification:_identify(build) ignored
[0.303s] Level 1:colcon.colcon_core.package_identification:_identify(install) by extensions ['ignore', 'ignore_ament_install']
[0.303s] Level 1:colcon.colcon_core.package_identification:_identify(install) by extension 'ignore'
[0.303s] Level 1:colcon.colcon_core.package_identification:_identify(install) ignored
[0.304s] Level 1:colcon.colcon_core.package_identification:_identify(log) by extensions ['ignore', 'ignore_ament_install']
[0.304s] Level 1:colcon.colcon_core.package_identification:_identify(log) by extension 'ignore'
[0.304s] Level 1:colcon.colcon_core.package_identification:_identify(log) ignored
[0.304s] Level 1:colcon.colcon_core.package_identification:_identify(src) by extensions ['ignore', 'ignore_ament_install']
[0.304s] Level 1:colcon.colcon_core.package_identification:_identify(src) by extension 'ignore'
[0.304s] Level 1:colcon.colcon_core.package_identification:_identify(src) by extension 'ignore_ament_install'
[0.304s] Level 1:colcon.colcon_core.package_identification:_identify(src) by extensions ['colcon_pkg']
[0.304s] Level 1:colcon.colcon_core.package_identification:_identify(src) by extension 'colcon_pkg'
[0.304s] Level 1:colcon.colcon_core.package_identification:_identify(src) by extensions ['colcon_meta']
[0.304s] Level 1:colcon.colcon_core.package_identification:_identify(src) by extension 'colcon_meta'
[0.304s] Level 1:colcon.colcon_core.package_identification:_identify(src) by extensions ['ros']
[0.304s] Level 1:colcon.colcon_core.package_identification:_identify(src) by extension 'ros'
[0.304s] Level 1:colcon.colcon_core.package_identification:_identify(src) by extensions ['cmake', 'python']
[0.304s] Level 1:colcon.colcon_core.package_identification:_identify(src) by extension 'cmake'
[0.305s] Level 1:colcon.colcon_core.package_identification:_identify(src) by extension 'python'
[0.305s] Level 1:colcon.colcon_core.package_identification:_identify(src) by extensions ['python_setup_py']
[0.305s] Level 1:colcon.colcon_core.package_identification:_identify(src) by extension 'python_setup_py'
[0.305s] Level 1:colcon.colcon_core.package_identification:_identify(src/yolov5_ros) by extensions ['ignore', 'ignore_ament_install']
[0.305s] Level 1:colcon.colcon_core.package_identification:_identify(src/yolov5_ros) by extension 'ignore'
[0.305s] Level 1:colcon.colcon_core.package_identification:_identify(src/yolov5_ros) by extension 'ignore_ament_install'
[0.305s] Level 1:colcon.colcon_core.package_identification:_identify(src/yolov5_ros) by extensions ['colcon_pkg']
[0.305s] Level 1:colcon.colcon_core.package_identification:_identify(src/yolov5_ros) by extension 'colcon_pkg'
[0.305s] Level 1:colcon.colcon_core.package_identification:_identify(src/yolov5_ros) by extensions ['colcon_meta']
[0.305s] Level 1:colcon.colcon_core.package_identification:_identify(src/yolov5_ros) by extension 'colcon_meta'
[0.305s] Level 1:colcon.colcon_core.package_identification:_identify(src/yolov5_ros) by extensions ['ros']
[0.305s] Level 1:colcon.colcon_core.package_identification:_identify(src/yolov5_ros) by extension 'ros'
[0.307s] DEBUG:colcon.colcon_core.package_identification:Package 'src/yolov5_ros' with type 'ros.ament_python' and name 'yolov5_ros'
[0.307s] Level 1:colcon.colcon_core.package_discovery:discover_packages(recursive) using defaults
[0.307s] Level 1:colcon.colcon_core.package_discovery:discover_packages(ignore) discover
[0.307s] Level 1:colcon.colcon_core.package_discovery:discover_packages(ignore) using defaults
[0.307s] Level 1:colcon.colcon_core.package_discovery:discover_packages(path) discover
[0.307s] Level 1:colcon.colcon_core.package_discovery:discover_packages(path) using defaults
[0.329s] Level 1:colcon.colcon_core.package_discovery:discover_packages(prefix_path) check parameters
[0.329s] Level 1:colcon.colcon_core.package_discovery:discover_packages(prefix_path) discover
[0.333s] DEBUG:colcon.colcon_installed_package_information.package_discovery:Found 14 installed packages in /home/leo/gcamp_ros2_ws/install
[0.334s] DEBUG:colcon.colcon_installed_package_information.package_discovery:Found 2 installed packages in /home/leo/ws_mando/install
[0.335s] DEBUG:colcon.colcon_installed_package_information.package_discovery:Found 309 installed packages in /opt/ros/foxy
[0.337s] Level 1:colcon.colcon_core.package_discovery:discover_packages(prefix_path) using defaults
[0.388s] Level 5:colcon.colcon_core.verb:set package 'bboxes_ex_msgs' build argument 'cmake_args' from command line to 'None'
[0.388s] Level 5:colcon.colcon_core.verb:set package 'bboxes_ex_msgs' build argument 'cmake_target' from command line to 'None'
[0.388s] Level 5:colcon.colcon_core.verb:set package 'bboxes_ex_msgs' build argument 'cmake_target_skip_unavailable' from command line to 'False'
[0.388s] Level 5:colcon.colcon_core.verb:set package 'bboxes_ex_msgs' build argument 'cmake_clean_cache' from command line to 'False'
[0.388s] Level 5:colcon.colcon_core.verb:set package 'bboxes_ex_msgs' build argument 'cmake_clean_first' from command line to 'False'
[0.389s] Level 5:colcon.colcon_core.verb:set package 'bboxes_ex_msgs' build argument 'cmake_force_configure' from command line to 'False'
[0.389s] Level 5:colcon.colcon_core.verb:set package 'bboxes_ex_msgs' build argument 'ament_cmake_args' from command line to 'None'
[0.389s] Level 5:colcon.colcon_core.verb:set package 'bboxes_ex_msgs' build argument 'catkin_cmake_args' from command line to 'None'
[0.389s] Level 5:colcon.colcon_core.verb:set package 'bboxes_ex_msgs' build argument 'catkin_skip_building_tests' from command line to 'False'
[0.389s] DEBUG:colcon.colcon_core.verb:Building package 'bboxes_ex_msgs' with the following arguments: {'ament_cmake_args': None, 'build_base': '/home/leo/ws_mando/build/bboxes_ex_msgs', 'catkin_cmake_args': None, 'catkin_skip_building_tests': False, 'cmake_args': None, 'cmake_clean_cache': False, 'cmake_clean_first': False, 'cmake_force_configure': False, 'cmake_target': None, 'cmake_target_skip_unavailable': False, 'install_base': '/home/leo/ws_mando/install/bboxes_ex_msgs', 'merge_install': False, 'path': '/home/leo/ws_mando/bbox_ex_msgs', 'symlink_install': True, 'test_result_base': None}
[0.390s] Level 5:colcon.colcon_core.verb:set package 'yolov5_ros' build argument 'cmake_args' from command line to 'None'
[0.390s] Level 5:colcon.colcon_core.verb:set package 'yolov5_ros' build argument 'cmake_target' from command line to 'None'
[0.390s] Level 5:colcon.colcon_core.verb:set package 'yolov5_ros' build argument 'cmake_target_skip_unavailable' from command line to 'False'
[0.390s] Level 5:colcon.colcon_core.verb:set package 'yolov5_ros' build argument 'cmake_clean_cache' from command line to 'False'
[0.390s] Level 5:colcon.colcon_core.verb:set package 'yolov5_ros' build argument 'cmake_clean_first' from command line to 'False'
[0.390s] Level 5:colcon.colcon_core.verb:set package 'yolov5_ros' build argument 'cmake_force_configure' from command line to 'False'
[0.390s] Level 5:colcon.colcon_core.verb:set package 'yolov5_ros' build argument 'ament_cmake_args' from command line to 'None'
[0.390s] Level 5:colcon.colcon_core.verb:set package 'yolov5_ros' build argument 'catkin_cmake_args' from command line to 'None'
[0.390s] Level 5:colcon.colcon_core.verb:set package 'yolov5_ros' build argument 'catkin_skip_building_tests' from command line to 'False'
[0.390s] DEBUG:colcon.colcon_core.verb:Building package 'yolov5_ros' with the following arguments: {'ament_cmake_args': None, 'build_base': '/home/leo/ws_mando/build/yolov5_ros', 'catkin_cmake_args': None, 'catkin_skip_building_tests': False, 'cmake_args': None, 'cmake_clean_cache': False, 'cmake_clean_first': False, 'cmake_force_configure': False, 'cmake_target': None, 'cmake_target_skip_unavailable': False, 'install_base': '/home/leo/ws_mando/install/yolov5_ros', 'merge_install': False, 'path': '/home/leo/ws_mando/src/yolov5_ros', 'symlink_install': True, 'test_result_base': None}
[0.391s] INFO:colcon.colcon_core.executor:Executing jobs using 'parallel' executor
[0.394s] DEBUG:colcon.colcon_parallel_executor.executor.parallel:run_until_complete
[0.394s] INFO:colcon.colcon_ros.task.ament_cmake.build:Building ROS package in '/home/leo/ws_mando/bbox_ex_msgs' with build type 'ament_cmake'
[0.395s] INFO:colcon.colcon_cmake.task.cmake.build:Building CMake package in '/home/leo/ws_mando/bbox_ex_msgs'
[0.398s] INFO:colcon.colcon_core.plugin_system:Skipping extension 'colcon_core.shell.bat': Not used on non-Windows systems
[0.398s] INFO:colcon.colcon_core.shell:Skip shell extension 'powershell' for command environment: Not usable outside of PowerShell
[0.399s] DEBUG:colcon.colcon_core.shell:Skip shell extension 'dsv' for command environment
[0.411s] DEBUG:colcon.colcon_core.event_handler.log_command:Invoking command in '/home/leo/ws_mando/build/bboxes_ex_msgs': CMAKE_PREFIX_PATH=${CMAKE_PREFIX_PATH}:/home/leo/ws_mando/install/yolov5_ros:/home/leo/gcamp_ros2_ws/install/test_robot_localization:/home/leo/gcamp_ros2_ws/install/py_topic_pkg:/home/leo/gcamp_ros2_ws/install/py_service_pkg:/home/leo/gcamp_ros2_ws/install/py_first_pkg:/home/leo/gcamp_ros2_ws/install/py_action_pkg:/opt/ros/foxy /home/leo/.local/bin/cmake --build /home/leo/ws_mando/build/bboxes_ex_msgs -- -j12 -l12
[0.518s] DEBUG:colcon.colcon_core.event_handler.log_command:Invoked command in '/home/leo/ws_mando/build/bboxes_ex_msgs' returned '0': CMAKE_PREFIX_PATH=${CMAKE_PREFIX_PATH}:/home/leo/ws_mando/install/yolov5_ros:/home/leo/gcamp_ros2_ws/install/test_robot_localization:/home/leo/gcamp_ros2_ws/install/py_topic_pkg:/home/leo/gcamp_ros2_ws/install/py_service_pkg:/home/leo/gcamp_ros2_ws/install/py_first_pkg:/home/leo/gcamp_ros2_ws/install/py_action_pkg:/opt/ros/foxy /home/leo/.local/bin/cmake --build /home/leo/ws_mando/build/bboxes_ex_msgs -- -j12 -l12
[0.632s] DEBUG:colcon.colcon_core.event_handler.log_command:Invoking command in '/home/leo/ws_mando/build/bboxes_ex_msgs': CMAKE_PREFIX_PATH=${CMAKE_PREFIX_PATH}:/home/leo/ws_mando/install/yolov5_ros:/home/leo/gcamp_ros2_ws/install/test_robot_localization:/home/leo/gcamp_ros2_ws/install/py_topic_pkg:/home/leo/gcamp_ros2_ws/install/py_service_pkg:/home/leo/gcamp_ros2_ws/install/py_first_pkg:/home/leo/gcamp_ros2_ws/install/py_action_pkg:/opt/ros/foxy /home/leo/.local/bin/cmake --install /home/leo/ws_mando/build/bboxes_ex_msgs
[0.713s] Level 1:colcon.colcon_core.environment:create_environment_scripts_only(bboxes_ex_msgs)
[0.715s] DEBUG:colcon.colcon_core.event_handler.log_command:Invoked command in '/home/leo/ws_mando/build/bboxes_ex_msgs' returned '0': CMAKE_PREFIX_PATH=${CMAKE_PREFIX_PATH}:/home/leo/ws_mando/install/yolov5_ros:/home/leo/gcamp_ros2_ws/install/test_robot_localization:/home/leo/gcamp_ros2_ws/install/py_topic_pkg:/home/leo/gcamp_ros2_ws/install/py_service_pkg:/home/leo/gcamp_ros2_ws/install/py_first_pkg:/home/leo/gcamp_ros2_ws/install/py_action_pkg:/opt/ros/foxy /home/leo/.local/bin/cmake --install /home/leo/ws_mando/build/bboxes_ex_msgs
[0.719s] Level 1:colcon.colcon_core.environment:checking '/home/leo/ws_mando/install/bboxes_ex_msgs' for CMake module files
[0.719s] Level 1:colcon.colcon_core.environment:checking '/home/leo/ws_mando/install/bboxes_ex_msgs' for CMake config files
[0.720s] Level 1:colcon.colcon_core.shell:create_environment_hook('bboxes_ex_msgs', 'cmake_prefix_path')
[0.722s] INFO:colcon.colcon_core.shell:Creating environment hook '/home/leo/ws_mando/install/bboxes_ex_msgs/share/bboxes_ex_msgs/hook/cmake_prefix_path.ps1'
[0.722s] INFO:colcon.colcon_core.shell:Creating environment descriptor '/home/leo/ws_mando/install/bboxes_ex_msgs/share/bboxes_ex_msgs/hook/cmake_prefix_path.dsv'
[0.723s] INFO:colcon.colcon_core.shell:Creating environment hook '/home/leo/ws_mando/install/bboxes_ex_msgs/share/bboxes_ex_msgs/hook/cmake_prefix_path.sh'
[0.724s] Level 1:colcon.colcon_core.environment:checking '/home/leo/ws_mando/install/bboxes_ex_msgs/lib'
[0.724s] Level 1:colcon.colcon_core.shell:create_environment_hook('bboxes_ex_msgs', 'ld_library_path_lib')
[0.725s] INFO:colcon.colcon_core.shell:Creating environment hook '/home/leo/ws_mando/install/bboxes_ex_msgs/share/bboxes_ex_msgs/hook/ld_library_path_lib.ps1'
[0.725s] INFO:colcon.colcon_core.shell:Creating environment descriptor '/home/leo/ws_mando/install/bboxes_ex_msgs/share/bboxes_ex_msgs/hook/ld_library_path_lib.dsv'
[0.726s] INFO:colcon.colcon_core.shell:Creating environment hook '/home/leo/ws_mando/install/bboxes_ex_msgs/share/bboxes_ex_msgs/hook/ld_library_path_lib.sh'
[0.726s] Level 1:colcon.colcon_core.environment:checking '/home/leo/ws_mando/install/bboxes_ex_msgs/bin'
[0.726s] Level 1:colcon.colcon_core.environment:checking '/home/leo/ws_mando/install/bboxes_ex_msgs/lib/pkgconfig/bboxes_ex_msgs.pc'
[0.727s] Level 1:colcon.colcon_core.environment:checking '/home/leo/ws_mando/install/bboxes_ex_msgs/lib/python3.8/site-packages'
[0.727s] Level 1:colcon.colcon_core.shell:create_environment_hook('bboxes_ex_msgs', 'pythonpath')
[0.728s] INFO:colcon.colcon_core.shell:Creating environment hook '/home/leo/ws_mando/install/bboxes_ex_msgs/share/bboxes_ex_msgs/hook/pythonpath.ps1'
[0.728s] INFO:colcon.colcon_core.shell:Creating environment descriptor '/home/leo/ws_mando/install/bboxes_ex_msgs/share/bboxes_ex_msgs/hook/pythonpath.dsv'
[0.729s] INFO:colcon.colcon_core.shell:Creating environment hook '/home/leo/ws_mando/install/bboxes_ex_msgs/share/bboxes_ex_msgs/hook/pythonpath.sh'
[0.729s] Level 1:colcon.colcon_core.environment:checking '/home/leo/ws_mando/install/bboxes_ex_msgs/bin'
[0.731s] INFO:colcon.colcon_core.shell:Creating package script '/home/leo/ws_mando/install/bboxes_ex_msgs/share/bboxes_ex_msgs/package.ps1'
[0.731s] INFO:colcon.colcon_core.shell:Creating package descriptor '/home/leo/ws_mando/install/bboxes_ex_msgs/share/bboxes_ex_msgs/package.dsv'
[0.732s] INFO:colcon.colcon_core.shell:Creating package script '/home/leo/ws_mando/install/bboxes_ex_msgs/share/bboxes_ex_msgs/package.sh'
[0.732s] INFO:colcon.colcon_core.shell:Creating package script '/home/leo/ws_mando/install/bboxes_ex_msgs/share/bboxes_ex_msgs/package.bash'
[0.733s] INFO:colcon.colcon_core.shell:Creating package script '/home/leo/ws_mando/install/bboxes_ex_msgs/share/bboxes_ex_msgs/package.zsh'
[0.734s] Level 1:colcon.colcon_core.environment:create_file_with_runtime_dependencies(/home/leo/ws_mando/install/bboxes_ex_msgs/share/colcon-core/packages/bboxes_ex_msgs)
[0.815s] Level 1:colcon.colcon_core.environment:create_environment_scripts_only(bboxes_ex_msgs)
[0.817s] Level 1:colcon.colcon_core.environment:checking '/home/leo/ws_mando/install/bboxes_ex_msgs' for CMake module files
[0.818s] Level 1:colcon.colcon_core.environment:checking '/home/leo/ws_mando/install/bboxes_ex_msgs' for CMake config files
[0.818s] Level 1:colcon.colcon_core.shell:create_environment_hook('bboxes_ex_msgs', 'cmake_prefix_path')
[0.820s] INFO:colcon.colcon_core.shell:Creating environment hook '/home/leo/ws_mando/install/bboxes_ex_msgs/share/bboxes_ex_msgs/hook/cmake_prefix_path.ps1'
[0.820s] INFO:colcon.colcon_core.shell:Creating environment descriptor '/home/leo/ws_mando/install/bboxes_ex_msgs/share/bboxes_ex_msgs/hook/cmake_prefix_path.dsv'
[0.820s] INFO:colcon.colcon_core.shell:Creating environment hook '/home/leo/ws_mando/install/bboxes_ex_msgs/share/bboxes_ex_msgs/hook/cmake_prefix_path.sh'
[0.821s] Level 1:colcon.colcon_core.environment:checking '/home/leo/ws_mando/install/bboxes_ex_msgs/lib'
[0.821s] Level 1:colcon.colcon_core.shell:create_environment_hook('bboxes_ex_msgs', 'ld_library_path_lib')
[0.822s] INFO:colcon.colcon_core.shell:Creating environment hook '/home/leo/ws_mando/install/bboxes_ex_msgs/share/bboxes_ex_msgs/hook/ld_library_path_lib.ps1'
[0.823s] INFO:colcon.colcon_core.shell:Creating environment descriptor '/home/leo/ws_mando/install/bboxes_ex_msgs/share/bboxes_ex_msgs/hook/ld_library_path_lib.dsv'
[0.823s] INFO:colcon.colcon_core.shell:Creating environment hook '/home/leo/ws_mando/install/bboxes_ex_msgs/share/bboxes_ex_msgs/hook/ld_library_path_lib.sh'
[0.823s] Level 1:colcon.colcon_core.environment:checking '/home/leo/ws_mando/install/bboxes_ex_msgs/bin'
[0.823s] Level 1:colcon.colcon_core.environment:checking '/home/leo/ws_mando/install/bboxes_ex_msgs/lib/pkgconfig/bboxes_ex_msgs.pc'
[0.824s] Level 1:colcon.colcon_core.environment:checking '/home/leo/ws_mando/install/bboxes_ex_msgs/lib/python3.8/site-packages'
[0.824s] Level 1:colcon.colcon_core.shell:create_environment_hook('bboxes_ex_msgs', 'pythonpath')
[0.825s] INFO:colcon.colcon_core.shell:Creating environment hook '/home/leo/ws_mando/install/bboxes_ex_msgs/share/bboxes_ex_msgs/hook/pythonpath.ps1'
[0.825s] INFO:colcon.colcon_core.shell:Creating environment descriptor '/home/leo/ws_mando/install/bboxes_ex_msgs/share/bboxes_ex_msgs/hook/pythonpath.dsv'
[0.825s] INFO:colcon.colcon_core.shell:Creating environment hook '/home/leo/ws_mando/install/bboxes_ex_msgs/share/bboxes_ex_msgs/hook/pythonpath.sh'
[0.826s] Level 1:colcon.colcon_core.environment:checking '/home/leo/ws_mando/install/bboxes_ex_msgs/bin'
[0.827s] INFO:colcon.colcon_core.shell:Creating package script '/home/leo/ws_mando/install/bboxes_ex_msgs/share/bboxes_ex_msgs/package.ps1'
[0.828s] INFO:colcon.colcon_core.shell:Creating package descriptor '/home/leo/ws_mando/install/bboxes_ex_msgs/share/bboxes_ex_msgs/package.dsv'
[0.828s] INFO:colcon.colcon_core.shell:Creating package script '/home/leo/ws_mando/install/bboxes_ex_msgs/share/bboxes_ex_msgs/package.sh'
[0.829s] INFO:colcon.colcon_core.shell:Creating package script '/home/leo/ws_mando/install/bboxes_ex_msgs/share/bboxes_ex_msgs/package.bash'
[0.829s] INFO:colcon.colcon_core.shell:Creating package script '/home/leo/ws_mando/install/bboxes_ex_msgs/share/bboxes_ex_msgs/package.zsh'
[0.829s] Level 1:colcon.colcon_core.environment:create_file_with_runtime_dependencies(/home/leo/ws_mando/install/bboxes_ex_msgs/share/colcon-core/packages/bboxes_ex_msgs)
[0.830s] INFO:colcon.colcon_ros.task.ament_python.build:Building ROS package in '/home/leo/ws_mando/src/yolov5_ros' with build type 'ament_python'
[0.830s] Level 1:colcon.colcon_core.shell:create_environment_hook('yolov5_ros', 'ament_prefix_path')
[0.831s] INFO:colcon.colcon_core.shell:Creating environment hook '/home/leo/ws_mando/install/yolov5_ros/share/yolov5_ros/hook/ament_prefix_path.ps1'
[0.832s] INFO:colcon.colcon_core.shell:Creating environment descriptor '/home/leo/ws_mando/install/yolov5_ros/share/yolov5_ros/hook/ament_prefix_path.dsv'
[0.832s] INFO:colcon.colcon_core.shell:Creating environment hook '/home/leo/ws_mando/install/yolov5_ros/share/yolov5_ros/hook/ament_prefix_path.sh'
[0.834s] INFO:colcon.colcon_core.shell:Skip shell extension 'powershell' for command environment: Not usable outside of PowerShell
[0.834s] DEBUG:colcon.colcon_core.shell:Skip shell extension 'dsv' for command environment
[1.043s] INFO:colcon.colcon_core.task.python.build:Building Python package in '/home/leo/ws_mando/src/yolov5_ros'
[1.045s] INFO:colcon.colcon_core.shell:Skip shell extension 'powershell' for command environment: Not usable outside of PowerShell
[1.045s] DEBUG:colcon.colcon_core.shell:Skip shell extension 'dsv' for command environment
[1.621s] DEBUG:colcon.colcon_core.event_handler.log_command:Invoking command in '/home/leo/ws_mando/build/yolov5_ros': PYTHONPATH=/home/leo/ws_mando/build/yolov5_ros/prefix_override:/home/leo/ws_mando/install/yolov5_ros/lib/python3.8/site-packages:/home/leo/ws_mando/install/bboxes_ex_msgs/lib/python3.8/site-packages:/home/leo/ws_mando/build/yolov5_ros:/home/leo/ws_mando/install/yolov5_ros/lib/python3.8/site-packages:/home/leo/gcamp_ros2_ws/install/turtlesim/lib/python3.8/site-packages:/home/leo/gcamp_ros2_ws/build/test_robot_localization:/home/leo/gcamp_ros2_ws/install/test_robot_localization/lib/python3.8/site-packages:/home/leo/gcamp_ros2_ws/build/py_topic_pkg:/home/leo/gcamp_ros2_ws/install/py_topic_pkg/lib/python3.8/site-packages:/home/leo/gcamp_ros2_ws/build/py_service_pkg:/home/leo/gcamp_ros2_ws/install/py_service_pkg/lib/python3.8/site-packages:/home/leo/gcamp_ros2_ws/build/py_first_pkg:/home/leo/gcamp_ros2_ws/install/py_first_pkg/lib/python3.8/site-packages:/home/leo/gcamp_ros2_ws/build/py_action_pkg:/home/leo/gcamp_ros2_ws/install/py_action_pkg/lib/python3.8/site-packages:/home/leo/gcamp_ros2_ws/install/custom_interfaces/lib/python3.8/site-packages:/opt/ros/foxy/lib/python3.8/site-packages /usr/bin/python3 setup.py develop --editable --build-directory /home/leo/ws_mando/build/yolov5_ros/build --no-deps install_data
[2.262s] Level 1:colcon.colcon_core.shell:create_environment_hook('yolov5_ros', 'pythonpath_develop')
[2.264s] INFO:colcon.colcon_core.shell:Creating environment hook '/home/leo/ws_mando/build/yolov5_ros/share/yolov5_ros/hook/pythonpath_develop.ps1'
[2.265s] DEBUG:colcon.colcon_core.event_handler.log_command:Invoked command in '/home/leo/ws_mando/build/yolov5_ros' returned '0': PYTHONPATH=/home/leo/ws_mando/build/yolov5_ros/prefix_override:/home/leo/ws_mando/install/yolov5_ros/lib/python3.8/site-packages:/home/leo/ws_mando/install/bboxes_ex_msgs/lib/python3.8/site-packages:/home/leo/ws_mando/build/yolov5_ros:/home/leo/ws_mando/install/yolov5_ros/lib/python3.8/site-packages:/home/leo/gcamp_ros2_ws/install/turtlesim/lib/python3.8/site-packages:/home/leo/gcamp_ros2_ws/build/test_robot_localization:/home/leo/gcamp_ros2_ws/install/test_robot_localization/lib/python3.8/site-packages:/home/leo/gcamp_ros2_ws/build/py_topic_pkg:/home/leo/gcamp_ros2_ws/install/py_topic_pkg/lib/python3.8/site-packages:/home/leo/gcamp_ros2_ws/build/py_service_pkg:/home/leo/gcamp_ros2_ws/install/py_service_pkg/lib/python3.8/site-packages:/home/leo/gcamp_ros2_ws/build/py_first_pkg:/home/leo/gcamp_ros2_ws/install/py_first_pkg/lib/python3.8/site-packages:/home/leo/gcamp_ros2_ws/build/py_action_pkg:/home/leo/gcamp_ros2_ws/install/py_action_pkg/lib/python3.8/site-packages:/home/leo/gcamp_ros2_ws/install/custom_interfaces/lib/python3.8/site-packages:/opt/ros/foxy/lib/python3.8/site-packages /usr/bin/python3 setup.py develop --editable --build-directory /home/leo/ws_mando/build/yolov5_ros/build --no-deps install_data
[2.265s] INFO:colcon.colcon_core.shell:Creating environment descriptor '/home/leo/ws_mando/build/yolov5_ros/share/yolov5_ros/hook/pythonpath_develop.dsv'
[2.265s] INFO:colcon.colcon_core.shell:Creating environment hook '/home/leo/ws_mando/build/yolov5_ros/share/yolov5_ros/hook/pythonpath_develop.sh'
[2.267s] Level 1:colcon.colcon_core.environment:checking '/home/leo/ws_mando/install/yolov5_ros' for CMake module files
[2.268s] Level 1:colcon.colcon_core.environment:checking '/home/leo/ws_mando/install/yolov5_ros' for CMake config files
[2.268s] Level 1:colcon.colcon_core.environment:checking '/home/leo/ws_mando/install/yolov5_ros/lib'
[2.268s] Level 1:colcon.colcon_core.environment:checking '/home/leo/ws_mando/install/yolov5_ros/bin'
[2.268s] Level 1:colcon.colcon_core.environment:checking '/home/leo/ws_mando/install/yolov5_ros/lib/pkgconfig/yolov5_ros.pc'
[2.268s] Level 1:colcon.colcon_core.environment:checking '/home/leo/ws_mando/install/yolov5_ros/lib/python3.8/site-packages'
[2.268s] Level 1:colcon.colcon_core.shell:create_environment_hook('yolov5_ros', 'pythonpath')
[2.270s] INFO:colcon.colcon_core.shell:Creating environment hook '/home/leo/ws_mando/install/yolov5_ros/share/yolov5_ros/hook/pythonpath.ps1'
[2.270s] INFO:colcon.colcon_core.shell:Creating environment descriptor '/home/leo/ws_mando/install/yolov5_ros/share/yolov5_ros/hook/pythonpath.dsv'
[2.270s] INFO:colcon.colcon_core.shell:Creating environment hook '/home/leo/ws_mando/install/yolov5_ros/share/yolov5_ros/hook/pythonpath.sh'
[2.270s] Level 1:colcon.colcon_core.environment:checking '/home/leo/ws_mando/install/yolov5_ros/bin'
[2.271s] Level 1:colcon.colcon_core.environment:create_environment_scripts_only(yolov5_ros)
[2.272s] INFO:colcon.colcon_core.shell:Creating package script '/home/leo/ws_mando/install/yolov5_ros/share/yolov5_ros/package.ps1'
[2.272s] INFO:colcon.colcon_core.shell:Creating package descriptor '/home/leo/ws_mando/install/yolov5_ros/share/yolov5_ros/package.dsv'
[2.273s] INFO:colcon.colcon_core.shell:Creating package script '/home/leo/ws_mando/install/yolov5_ros/share/yolov5_ros/package.sh'
[2.273s] INFO:colcon.colcon_core.shell:Creating package script '/home/leo/ws_mando/install/yolov5_ros/share/yolov5_ros/package.bash'
[2.273s] INFO:colcon.colcon_core.shell:Creating package script '/home/leo/ws_mando/install/yolov5_ros/share/yolov5_ros/package.zsh'
[2.274s] Level 1:colcon.colcon_core.environment:create_file_with_runtime_dependencies(/home/leo/ws_mando/install/yolov5_ros/share/colcon-core/packages/yolov5_ros)
[2.274s] DEBUG:colcon.colcon_parallel_executor.executor.parallel:closing loop
[2.274s] DEBUG:colcon.colcon_parallel_executor.executor.parallel:loop closed
[2.274s] DEBUG:colcon.colcon_parallel_executor.executor.parallel:run_until_complete finished with '0'
[2.275s] DEBUG:colcon.colcon_core.event_reactor:joining thread
[2.279s] INFO:colcon.colcon_core.plugin_system:Skipping extension 'colcon_notification.desktop_notification.terminal_notifier': Not used on non-Darwin systems
[2.279s] INFO:colcon.colcon_core.plugin_system:Skipping extension 'colcon_notification.desktop_notification.win32': Not used on non-Windows systems
[2.279s] INFO:colcon.colcon_notification.desktop_notification:Sending desktop notification using 'notify2'
[2.290s] DEBUG:colcon.colcon_core.event_reactor:joined thread
[2.292s] INFO:colcon.colcon_core.shell:Creating prefix script '/home/leo/ws_mando/install/local_setup.ps1'
[2.293s] INFO:colcon.colcon_core.shell:Creating prefix util module '/home/leo/ws_mando/install/_local_setup_util_ps1.py'
[2.294s] INFO:colcon.colcon_core.shell:Creating prefix chain script '/home/leo/ws_mando/install/setup.ps1'
[2.295s] INFO:colcon.colcon_core.shell:Creating prefix script '/home/leo/ws_mando/install/local_setup.sh'
[2.296s] INFO:colcon.colcon_core.shell:Creating prefix util module '/home/leo/ws_mando/install/_local_setup_util_sh.py'
[2.296s] INFO:colcon.colcon_core.shell:Creating prefix chain script '/home/leo/ws_mando/install/setup.sh'
[2.298s] INFO:colcon.colcon_core.shell:Creating prefix script '/home/leo/ws_mando/install/local_setup.bash'
[2.298s] INFO:colcon.colcon_core.shell:Creating prefix chain script '/home/leo/ws_mando/install/setup.bash'
[2.300s] INFO:colcon.colcon_core.shell:Creating prefix script '/home/leo/ws_mando/install/local_setup.zsh'
[2.301s] INFO:colcon.colcon_core.shell:Creating prefix chain script '/home/leo/ws_mando/install/setup.zsh'
