[0.751s] Invoking command in '/home/leo/ws_mando/build/yolov5_ros': AMENT_PREFIX_PATH=/home/leo/ws_mando/install/bboxes_ex_msgs:${AMENT_PREFIX_PATH} CMAKE_PREFIX_PATH=/home/leo/ws_mando/install/bboxes_ex_msgs:${CMAKE_PREFIX_PATH} LD_LIBRARY_PATH=/home/leo/ws_mando/install/bboxes_ex_msgs/lib:${LD_LIBRARY_PATH} PYTHONPATH=/home/leo/ws_mando/build/yolov5_ros/prefix_override:/home/leo/ws_mando/install/yolov5_ros/lib/python3.8/site-packages:/home/leo/ws_mando/install/bboxes_ex_msgs/lib/python3.8/site-packages:${PYTHONPATH} /usr/bin/python3 setup.py develop --editable --build-directory /home/leo/ws_mando/build/yolov5_ros/build --no-deps install_data
[0.866s] /home/leo/.local/lib/python3.8/site-packages/setuptools/dist.py:745: SetuptoolsDeprecationWarning: Invalid dash-separated options
[0.866s] !!
[0.866s] 
[0.866s]         ********************************************************************************
[0.866s]         Usage of dash-separated 'script-dir' will not be supported in future
[0.866s]         versions. Please use the underscore name 'script_dir' instead.
[0.867s] 
[0.867s]         By 2023-Sep-26, you need to update your project and remove deprecated calls
[0.867s]         or your builds will no longer be supported.
[0.867s] 
[0.867s]         See https://setuptools.pypa.io/en/latest/userguide/declarative_config.html for details.
[0.867s]         ********************************************************************************
[0.867s] 
[0.867s] !!
[0.867s]   opt = self.warn_dash_deprecation(opt, section)
[1.040s] running develop
[1.041s] /home/leo/.local/lib/python3.8/site-packages/setuptools/command/develop.py:40: EasyInstallDeprecationWarning: easy_install command is deprecated.
[1.041s] !!
[1.041s] 
[1.041s]         ********************************************************************************
[1.041s]         Please avoid running ``setup.py`` and ``easy_install``.
[1.041s]         Instead, use pypa/build, pypa/installer or other
[1.041s]         standards-based tools.
[1.041s] 
[1.041s]         See https://github.com/pypa/setuptools/issues/917 for details.
[1.041s]         ********************************************************************************
[1.041s] 
[1.041s] !!
[1.041s]   easy_install.initialize_options(self)
[1.072s] /home/leo/.local/lib/python3.8/site-packages/setuptools/_distutils/cmd.py:66: SetuptoolsDeprecationWarning: setup.py install is deprecated.
[1.072s] !!
[1.072s] 
[1.072s]         ********************************************************************************
[1.072s]         Please avoid running ``setup.py`` directly.
[1.072s]         Instead, use pypa/build, pypa/installer or other
[1.072s]         standards-based tools.
[1.073s] 
[1.073s]         See https://blog.ganssle.io/articles/2021/10/setup-py-deprecated.html for details.
[1.073s]         ********************************************************************************
[1.073s] 
[1.073s] !!
[1.073s]   self.initialize_options()
[1.259s] running egg_info
[1.273s] writing yolov5_ros.egg-info/PKG-INFO
[1.273s] writing dependency_links to yolov5_ros.egg-info/dependency_links.txt
[1.274s] writing entry points to yolov5_ros.egg-info/entry_points.txt
[1.274s] writing requirements to yolov5_ros.egg-info/requires.txt
[1.274s] writing top-level names to yolov5_ros.egg-info/top_level.txt
[1.306s] reading manifest file 'yolov5_ros.egg-info/SOURCES.txt'
[1.307s] writing manifest file 'yolov5_ros.egg-info/SOURCES.txt'
[1.355s] running build_ext
[1.355s] Creating /home/leo/ws_mando/install/yolov5_ros/lib/python3.8/site-packages/yolov5-ros.egg-link (link to .)
[1.356s] Installing yolov5_ros script to /home/leo/ws_mando/install/yolov5_ros/lib/yolov5_ros
[1.356s] 
[1.356s] Installed /home/leo/ws_mando/build/yolov5_ros
[1.356s] running install_data
[1.379s] Invoked command in '/home/leo/ws_mando/build/yolov5_ros' returned '0': AMENT_PREFIX_PATH=/home/leo/ws_mando/install/bboxes_ex_msgs:${AMENT_PREFIX_PATH} CMAKE_PREFIX_PATH=/home/leo/ws_mando/install/bboxes_ex_msgs:${CMAKE_PREFIX_PATH} LD_LIBRARY_PATH=/home/leo/ws_mando/install/bboxes_ex_msgs/lib:${LD_LIBRARY_PATH} PYTHONPATH=/home/leo/ws_mando/build/yolov5_ros/prefix_override:/home/leo/ws_mando/install/yolov5_ros/lib/python3.8/site-packages:/home/leo/ws_mando/install/bboxes_ex_msgs/lib/python3.8/site-packages:${PYTHONPATH} /usr/bin/python3 setup.py develop --editable --build-directory /home/leo/ws_mando/build/yolov5_ros/build --no-deps install_data
